This is pdfTeX, Version 3.14159265-2.6-1.40.20 (MiKTeX 2.9.7000 64-bit) (preloaded format=pdflatex 2019.4.7)  19 MAY 2019 10:16
entering extended mode
**./david-zahradnik-dp-2019.tex
(david-zahradnik-dp-2019.tex
LaTeX2e <2018-12-01>
("C:\Users\zahrada\AppData\Local\Programs\MiKTeX 2.9\tex/latex/base\report.cls"
Document Class: report 2018/09/03 v1.4i Standard LaTeX document class
("C:\Users\zahrada\AppData\Local\Programs\MiKTeX 2.9\tex/latex/base\size12.clo"
File: size12.clo 2018/09/03 v1.4i Standard LaTeX file (size option)
)
\c@part=\count80
\c@chapter=\count81
\c@section=\count82
\c@subsection=\count83
\c@subsubsection=\count84
\c@paragraph=\count85
\c@subparagraph=\count86
\c@figure=\count87
\c@table=\count88
\abovecaptionskip=\skip41
\belowcaptionskip=\skip42
\bibindent=\dimen102
)
("C:\Users\zahrada\AppData\Local\Programs\MiKTeX 2.9\tex/generic/babel\babel.st
y"
Package: babel 2019/04/03 3.29 The Babel package

("C:\Users\zahrada\AppData\Local\Programs\MiKTeX 2.9\tex/generic/babel\switch.d
ef"
File: switch.def 2019/04/03 3.29 Babel switching mechanism
)
*************************************
* Local config file bblopts.cfg used
*

("C:\Users\zahrada\AppData\Local\Programs\MiKTeX 2.9\tex/latex/arabi\bblopts.cf
g"
File: bblopts.cfg 2005/09/08 v0.1 add Arabic and Farsi to "declared" options of
 babel
)
("C:\Users\zahrada\AppData\Local\Programs\MiKTeX 2.9\tex/latex/babel-czech\czec
h.ldf"
Language: czech 2008/07/06 v3.1a Czech support from the babel system

("C:\Users\zahrada\AppData\Local\Programs\MiKTeX 2.9\tex/generic/babel\babel.de
f"
File: babel.def 2019/04/03 3.29 Babel common definitions
\babel@savecnt=\count89
\U@D=\dimen103

("C:\Users\zahrada\AppData\Local\Programs\MiKTeX 2.9\tex/generic/babel\txtbabel
.def")
\bbl@dirlevel=\count90
)
Package babel Info: Making " an active character on input line 172.
\cs@wordlen=\count91
Package babel Info: Making - an active character on input line 226.
)
("C:\Users\zahrada\AppData\Local\Programs\MiKTeX 2.9\tex/latex/babel-english\en
glish.ldf"
Language: english 2017/06/06 v3.3r English support from the babel system
\l@canadian = a dialect from \language\l@american 
\l@australian = a dialect from \language\l@british 
\l@newzealand = a dialect from \language\l@british 
))
("C:\Users\zahrada\AppData\Local\Programs\MiKTeX 2.9\tex/latex/base\inputenc.st
y"
Package: inputenc 2018/08/11 v1.3c Input encoding file
\inpenc@prehook=\toks14
\inpenc@posthook=\toks15
)
("C:\Users\zahrada\AppData\Local\Programs\MiKTeX 2.9\tex/latex/natbib\natbib.st
y"
Package: natbib 2010/09/13 8.31b (PWD, AO)
\bibhang=\skip43
\bibsep=\skip44
LaTeX Info: Redefining \cite on input line 694.
\c@NAT@ctr=\count92
)
("C:\Users\zahrada\AppData\Local\Programs\MiKTeX 2.9\tex/latex/caption\caption.
sty"
Package: caption 2018/10/06 v3.3-154 Customizing captions (AR)

("C:\Users\zahrada\AppData\Local\Programs\MiKTeX 2.9\tex/latex/caption\caption3
.sty"
Package: caption3 2018/09/12 v1.8c caption3 kernel (AR)
Package caption3 Info: TeX engine: e-TeX on input line 64.

("C:\Users\zahrada\AppData\Local\Programs\MiKTeX 2.9\tex/latex/graphics\keyval.
sty"
Package: keyval 2014/10/28 v1.15 key=value parser (DPC)
\KV@toks@=\toks16
)
\captionmargin=\dimen104
\captionmargin@=\dimen105
\captionwidth=\dimen106
\caption@tempdima=\dimen107
\caption@indent=\dimen108
\caption@parindent=\dimen109
\caption@hangindent=\dimen110
)
\c@caption@flags=\count93
\c@ContinuedFloat=\count94
)
("C:\Users\zahrada\AppData\Local\Programs\MiKTeX 2.9\tex/latex/caption\subcapti
on.sty"
Package: subcaption 2018/05/01 v1.1-162 Sub-captions (AR)
\c@subfigure=\count95
\c@subtable=\count96
)
("C:\Users\zahrada\AppData\Local\Programs\MiKTeX 2.9\tex/latex/enumitem\enumite
m.sty"
Package: enumitem 2019/02/04 v3.8 Customized lists
\labelindent=\skip45
\enit@outerparindent=\dimen111
\enit@toks=\toks17
\enit@inbox=\box27
\enit@count@id=\count97
\enitdp@description=\count98
)
("C:\Users\zahrada\AppData\Local\Programs\MiKTeX 2.9\tex/latex/graphics\graphic
x.sty"
Package: graphicx 2017/06/01 v1.1a Enhanced LaTeX Graphics (DPC,SPQR)

("C:\Users\zahrada\AppData\Local\Programs\MiKTeX 2.9\tex/latex/graphics\graphic
s.sty"
Package: graphics 2017/06/25 v1.2c Standard LaTeX Graphics (DPC,SPQR)

("C:\Users\zahrada\AppData\Local\Programs\MiKTeX 2.9\tex/latex/graphics\trig.st
y"
Package: trig 2016/01/03 v1.10 sin cos tan (DPC)
)
("C:\Users\zahrada\AppData\Local\Programs\MiKTeX 2.9\tex/latex/graphics-cfg\gra
phics.cfg"
File: graphics.cfg 2016/06/04 v1.11 sample graphics configuration
)
Package graphics Info: Driver file: pdftex.def on input line 99.

("C:\Users\zahrada\AppData\Local\Programs\MiKTeX 2.9\tex/latex/graphics-def\pdf
tex.def"
File: pdftex.def 2018/01/08 v1.0l Graphics/color driver for pdftex
))
\Gin@req@height=\dimen112
\Gin@req@width=\dimen113
)
("C:\Users\zahrada\AppData\Local\Programs\MiKTeX 2.9\tex/latex/graphics\color.s
ty"
Package: color 2016/07/10 v1.1e Standard LaTeX Color (DPC)

("C:\Users\zahrada\AppData\Local\Programs\MiKTeX 2.9\tex/latex/graphics-cfg\col
or.cfg"
File: color.cfg 2016/01/02 v1.6 sample color configuration
)
Package color Info: Driver file: pdftex.def on input line 147.
)
("C:\Users\zahrada\AppData\Local\Programs\MiKTeX 2.9\tex/latex/oberdiek\transpa
rent.sty"
Package: transparent 2018/11/18 v1.3 Transparency via pdfTeX's color stack (HO)


("C:\Users\zahrada\AppData\Local\Programs\MiKTeX 2.9\tex/generic/oberdiek\ifpdf
.sty"
Package: ifpdf 2018/09/07 v3.3 Provides the ifpdf switch
)
("C:\Users\zahrada\AppData\Local\Programs\MiKTeX 2.9\tex/latex/oberdiek\auxhook
.sty"
Package: auxhook 2016/05/16 v1.4 Hooks for auxiliary files (HO)
))
("C:\Users\zahrada\AppData\Local\Programs\MiKTeX 2.9\tex/latex/wrapfig\wrapfig.
sty"
\wrapoverhang=\dimen114
\WF@size=\dimen115
\c@WF@wrappedlines=\count99
\WF@box=\box28
\WF@everypar=\toks18
Package: wrapfig 2003/01/31  v 3.6
)
("C:\Users\zahrada\AppData\Local\Programs\MiKTeX 2.9\tex/latex/float\float.sty"
Package: float 2001/11/08 v1.3d Float enhancements (AL)
\c@float@type=\count100
\float@exts=\toks19
\float@box=\box29
\@float@everytoks=\toks20
\@floatcapt=\box30
) ("C:\Users\zahrada\AppData\Local\Programs\MiKTeX 2.9\tex/latex/cmap\cmap.sty"
Package: cmap 2008/03/06 v1.0h CMap support: searchable PDF
)
("C:\Users\zahrada\AppData\Local\Programs\MiKTeX 2.9\tex/latex/base\fontenc.sty
"
Package: fontenc 2018/08/11 v2.0j Standard LaTeX package
 ("C:\Users\zahrada\AppData\Local\Programs\MiKTeX 2.9\tex/latex/base\t1enc.def"
File: t1enc.def 2018/08/11 v2.0j Standard LaTeX file
LaTeX Font Info:    Redeclaring font encoding T1 on input line 48.
)<<t1.cmap>>)
("C:\Users\zahrada\AppData\Local\Programs\MiKTeX 2.9\tex/latex/base\textcomp.st
y"
Package: textcomp 2018/08/11 v2.0j Standard LaTeX package
Package textcomp Info: Sub-encoding information:
(textcomp)               5 = only ISO-Adobe without \textcurrency
(textcomp)               4 = 5 + \texteuro
(textcomp)               3 = 4 + \textohm
(textcomp)               2 = 3 + \textestimated + \textcurrency
(textcomp)               1 = TS1 - \textcircled - \t
(textcomp)               0 = TS1 (full)
(textcomp)             Font families with sub-encoding setting implement
(textcomp)             only a restricted character set as indicated.
(textcomp)             Family '?' is the default used for unknown fonts.
(textcomp)             See the documentation for details.
Package textcomp Info: Setting ? sub-encoding to TS1/1 on input line 79.

("C:\Users\zahrada\AppData\Local\Programs\MiKTeX 2.9\tex/latex/base\ts1enc.def"
File: ts1enc.def 2001/06/05 v3.0e (jk/car/fm) Standard LaTeX file
Now handling font encoding TS1 ...
... processing UTF-8 mapping file for font encoding TS1
("C:\Users\zahrada\AppData\Local\Programs\MiKTeX 2.9\tex/latex/base\ts1enc.dfu"
File: ts1enc.dfu 2018/10/05 v1.2f UTF-8 support for inputenc
   defining Unicode char U+00A2 (decimal 162)
   defining Unicode char U+00A3 (decimal 163)
   defining Unicode char U+00A4 (decimal 164)
   defining Unicode char U+00A5 (decimal 165)
   defining Unicode char U+00A6 (decimal 166)
   defining Unicode char U+00A7 (decimal 167)
   defining Unicode char U+00A8 (decimal 168)
   defining Unicode char U+00A9 (decimal 169)
   defining Unicode char U+00AA (decimal 170)
   defining Unicode char U+00AC (decimal 172)
   defining Unicode char U+00AE (decimal 174)
   defining Unicode char U+00AF (decimal 175)
   defining Unicode char U+00B0 (decimal 176)
   defining Unicode char U+00B1 (decimal 177)
   defining Unicode char U+00B2 (decimal 178)
   defining Unicode char U+00B3 (decimal 179)
   defining Unicode char U+00B4 (decimal 180)
   defining Unicode char U+00B5 (decimal 181)
   defining Unicode char U+00B6 (decimal 182)
   defining Unicode char U+00B7 (decimal 183)
   defining Unicode char U+00B9 (decimal 185)
   defining Unicode char U+00BA (decimal 186)
   defining Unicode char U+00BC (decimal 188)
   defining Unicode char U+00BD (decimal 189)
   defining Unicode char U+00BE (decimal 190)
   defining Unicode char U+00D7 (decimal 215)
   defining Unicode char U+00F7 (decimal 247)
   defining Unicode char U+0192 (decimal 402)
   defining Unicode char U+02C7 (decimal 711)
   defining Unicode char U+02D8 (decimal 728)
   defining Unicode char U+02DD (decimal 733)
   defining Unicode char U+0E3F (decimal 3647)
   defining Unicode char U+2016 (decimal 8214)
   defining Unicode char U+2020 (decimal 8224)
   defining Unicode char U+2021 (decimal 8225)
   defining Unicode char U+2022 (decimal 8226)
   defining Unicode char U+2030 (decimal 8240)
   defining Unicode char U+2031 (decimal 8241)
   defining Unicode char U+203B (decimal 8251)
   defining Unicode char U+203D (decimal 8253)
   defining Unicode char U+2044 (decimal 8260)
   defining Unicode char U+204E (decimal 8270)
   defining Unicode char U+2052 (decimal 8274)
   defining Unicode char U+20A1 (decimal 8353)
   defining Unicode char U+20A4 (decimal 8356)
   defining Unicode char U+20A6 (decimal 8358)
   defining Unicode char U+20A9 (decimal 8361)
   defining Unicode char U+20AB (decimal 8363)
   defining Unicode char U+20AC (decimal 8364)
   defining Unicode char U+20B1 (decimal 8369)
   defining Unicode char U+2103 (decimal 8451)
   defining Unicode char U+2116 (decimal 8470)
   defining Unicode char U+2117 (decimal 8471)
   defining Unicode char U+211E (decimal 8478)
   defining Unicode char U+2120 (decimal 8480)
   defining Unicode char U+2122 (decimal 8482)
   defining Unicode char U+2126 (decimal 8486)
   defining Unicode char U+2127 (decimal 8487)
   defining Unicode char U+212E (decimal 8494)
   defining Unicode char U+2190 (decimal 8592)
   defining Unicode char U+2191 (decimal 8593)
   defining Unicode char U+2192 (decimal 8594)
   defining Unicode char U+2193 (decimal 8595)
   defining Unicode char U+2329 (decimal 9001)
   defining Unicode char U+232A (decimal 9002)
   defining Unicode char U+2422 (decimal 9250)
   defining Unicode char U+25E6 (decimal 9702)
   defining Unicode char U+25EF (decimal 9711)
   defining Unicode char U+266A (decimal 9834)
   defining Unicode char U+FEFF (decimal 65279)
))
LaTeX Info: Redefining \oldstylenums on input line 334.
Package textcomp Info: Setting cmr sub-encoding to TS1/0 on input line 349.
Package textcomp Info: Setting cmss sub-encoding to TS1/0 on input line 350.
Package textcomp Info: Setting cmtt sub-encoding to TS1/0 on input line 351.
Package textcomp Info: Setting cmvtt sub-encoding to TS1/0 on input line 352.
Package textcomp Info: Setting cmbr sub-encoding to TS1/0 on input line 353.
Package textcomp Info: Setting cmtl sub-encoding to TS1/0 on input line 354.
Package textcomp Info: Setting ccr sub-encoding to TS1/0 on input line 355.
Package textcomp Info: Setting ptm sub-encoding to TS1/4 on input line 356.
Package textcomp Info: Setting pcr sub-encoding to TS1/4 on input line 357.
Package textcomp Info: Setting phv sub-encoding to TS1/4 on input line 358.
Package textcomp Info: Setting ppl sub-encoding to TS1/3 on input line 359.
Package textcomp Info: Setting pag sub-encoding to TS1/4 on input line 360.
Package textcomp Info: Setting pbk sub-encoding to TS1/4 on input line 361.
Package textcomp Info: Setting pnc sub-encoding to TS1/4 on input line 362.
Package textcomp Info: Setting pzc sub-encoding to TS1/4 on input line 363.
Package textcomp Info: Setting bch sub-encoding to TS1/4 on input line 364.
Package textcomp Info: Setting put sub-encoding to TS1/5 on input line 365.
Package textcomp Info: Setting uag sub-encoding to TS1/5 on input line 366.
Package textcomp Info: Setting ugq sub-encoding to TS1/5 on input line 367.
Package textcomp Info: Setting ul8 sub-encoding to TS1/4 on input line 368.
Package textcomp Info: Setting ul9 sub-encoding to TS1/4 on input line 369.
Package textcomp Info: Setting augie sub-encoding to TS1/5 on input line 370.
Package textcomp Info: Setting dayrom sub-encoding to TS1/3 on input line 371.
Package textcomp Info: Setting dayroms sub-encoding to TS1/3 on input line 372.

Package textcomp Info: Setting pxr sub-encoding to TS1/0 on input line 373.
Package textcomp Info: Setting pxss sub-encoding to TS1/0 on input line 374.
Package textcomp Info: Setting pxtt sub-encoding to TS1/0 on input line 375.
Package textcomp Info: Setting txr sub-encoding to TS1/0 on input line 376.
Package textcomp Info: Setting txss sub-encoding to TS1/0 on input line 377.
Package textcomp Info: Setting txtt sub-encoding to TS1/0 on input line 378.
Package textcomp Info: Setting lmr sub-encoding to TS1/0 on input line 379.
Package textcomp Info: Setting lmdh sub-encoding to TS1/0 on input line 380.
Package textcomp Info: Setting lmss sub-encoding to TS1/0 on input line 381.
Package textcomp Info: Setting lmssq sub-encoding to TS1/0 on input line 382.
Package textcomp Info: Setting lmvtt sub-encoding to TS1/0 on input line 383.
Package textcomp Info: Setting lmtt sub-encoding to TS1/0 on input line 384.
Package textcomp Info: Setting qhv sub-encoding to TS1/0 on input line 385.
Package textcomp Info: Setting qag sub-encoding to TS1/0 on input line 386.
Package textcomp Info: Setting qbk sub-encoding to TS1/0 on input line 387.
Package textcomp Info: Setting qcr sub-encoding to TS1/0 on input line 388.
Package textcomp Info: Setting qcs sub-encoding to TS1/0 on input line 389.
Package textcomp Info: Setting qpl sub-encoding to TS1/0 on input line 390.
Package textcomp Info: Setting qtm sub-encoding to TS1/0 on input line 391.
Package textcomp Info: Setting qzc sub-encoding to TS1/0 on input line 392.
Package textcomp Info: Setting qhvc sub-encoding to TS1/0 on input line 393.
Package textcomp Info: Setting futs sub-encoding to TS1/4 on input line 394.
Package textcomp Info: Setting futx sub-encoding to TS1/4 on input line 395.
Package textcomp Info: Setting futj sub-encoding to TS1/4 on input line 396.
Package textcomp Info: Setting hlh sub-encoding to TS1/3 on input line 397.
Package textcomp Info: Setting hls sub-encoding to TS1/3 on input line 398.
Package textcomp Info: Setting hlst sub-encoding to TS1/3 on input line 399.
Package textcomp Info: Setting hlct sub-encoding to TS1/5 on input line 400.
Package textcomp Info: Setting hlx sub-encoding to TS1/5 on input line 401.
Package textcomp Info: Setting hlce sub-encoding to TS1/5 on input line 402.
Package textcomp Info: Setting hlcn sub-encoding to TS1/5 on input line 403.
Package textcomp Info: Setting hlcw sub-encoding to TS1/5 on input line 404.
Package textcomp Info: Setting hlcf sub-encoding to TS1/5 on input line 405.
Package textcomp Info: Setting pplx sub-encoding to TS1/3 on input line 406.
Package textcomp Info: Setting pplj sub-encoding to TS1/3 on input line 407.
Package textcomp Info: Setting ptmx sub-encoding to TS1/4 on input line 408.
Package textcomp Info: Setting ptmj sub-encoding to TS1/4 on input line 409.
)
("C:\Users\zahrada\AppData\Local\Programs\MiKTeX 2.9\tex/latex/titlesec\titlese
c.sty"
Package: titlesec 2016/03/21 v2.10.2 Sectioning titles
\ttl@box=\box31
\beforetitleunit=\skip46
\aftertitleunit=\skip47
\ttl@plus=\dimen116
\ttl@minus=\dimen117
\ttl@toksa=\toks21
\titlewidth=\dimen118
\titlewidthlast=\dimen119
\titlewidthfirst=\dimen120
)
("C:\Users\zahrada\AppData\Local\Programs\MiKTeX 2.9\tex/latex/amsmath\amsmath.
sty"
Package: amsmath 2018/12/01 v2.17b AMS math features
\@mathmargin=\skip48

For additional information on amsmath, use the `?' option.

("C:\Users\zahrada\AppData\Local\Programs\MiKTeX 2.9\tex/latex/amsmath\amstext.
sty"
Package: amstext 2000/06/29 v2.01 AMS text

("C:\Users\zahrada\AppData\Local\Programs\MiKTeX 2.9\tex/latex/amsmath\amsgen.s
ty"
File: amsgen.sty 1999/11/30 v2.0 generic functions
\@emptytoks=\toks22
\ex@=\dimen121
))
("C:\Users\zahrada\AppData\Local\Programs\MiKTeX 2.9\tex/latex/amsmath\amsbsy.s
ty"
Package: amsbsy 1999/11/29 v1.2d Bold Symbols
\pmbraise@=\dimen122
)
("C:\Users\zahrada\AppData\Local\Programs\MiKTeX 2.9\tex/latex/amsmath\amsopn.s
ty"
Package: amsopn 2016/03/08 v2.02 operator names
)
\inf@bad=\count101
LaTeX Info: Redefining \frac on input line 223.
\uproot@=\count102
\leftroot@=\count103
LaTeX Info: Redefining \overline on input line 385.
\classnum@=\count104
\DOTSCASE@=\count105
LaTeX Info: Redefining \ldots on input line 482.
LaTeX Info: Redefining \dots on input line 485.
LaTeX Info: Redefining \cdots on input line 606.
\Mathstrutbox@=\box32
\strutbox@=\box33
\big@size=\dimen123
LaTeX Font Info:    Redeclaring font encoding OML on input line 729.
LaTeX Font Info:    Redeclaring font encoding OMS on input line 730.
\macc@depth=\count106
\c@MaxMatrixCols=\count107
\dotsspace@=\muskip10
\c@parentequation=\count108
\dspbrk@lvl=\count109
\tag@help=\toks23
\row@=\count110
\column@=\count111
\maxfields@=\count112
\andhelp@=\toks24
\eqnshift@=\dimen124
\alignsep@=\dimen125
\tagshift@=\dimen126
\tagwidth@=\dimen127
\totwidth@=\dimen128
\lineht@=\dimen129
\@envbody=\toks25
\multlinegap=\skip49
\multlinetaggap=\skip50
\mathdisplay@stack=\toks26
LaTeX Info: Redefining \[ on input line 2844.
LaTeX Info: Redefining \] on input line 2845.
)
("C:\Users\zahrada\AppData\Local\Programs\MiKTeX 2.9\tex/latex/chngcntr\chngcnt
r.sty"
Package: chngcntr 2018/04/09 v1.1a change counter resetting
Package chngcntr Info: \counterwithout already defined.
(chngcntr)             Quitting chngcntr on input line 21.
)
("C:\Users\zahrada\AppData\Local\Programs\MiKTeX 2.9\tex/latex/acronym\acronym.
sty"
Package: acronym 2015/03/21 v1.41 Support for acronyms (Tobias Oetiker)

("C:\Users\zahrada\AppData\Local\Programs\MiKTeX 2.9\tex/latex/bigfoot\suffix.s
ty"
Package: suffix 2006/07/15 1.5a Variant command support
)
("C:\Users\zahrada\AppData\Local\Programs\MiKTeX 2.9\tex/latex/xstring\xstring.
sty"
("C:\Users\zahrada\AppData\Local\Programs\MiKTeX 2.9\tex/generic/xstring\xstrin
g.tex"
\integerpart=\count113
\decimalpart=\count114
)
Package: xstring 2019/02/06 v1.83 String manipulations (CT)
)
\AC@clearlist=\toks27
)
("C:\Users\zahrada\AppData\Local\Programs\MiKTeX 2.9\tex/latex/hyperref\hyperre
f.sty"
Package: hyperref 2018/11/30 v6.88e Hypertext links for LaTeX

("C:\Users\zahrada\AppData\Local\Programs\MiKTeX 2.9\tex/generic/oberdiek\hobsu
b-hyperref.sty"
Package: hobsub-hyperref 2016/05/16 v1.14 Bundle oberdiek, subset hyperref (HO)


("C:\Users\zahrada\AppData\Local\Programs\MiKTeX 2.9\tex/generic/oberdiek\hobsu
b-generic.sty"
Package: hobsub-generic 2016/05/16 v1.14 Bundle oberdiek, subset generic (HO)
Package: hobsub 2016/05/16 v1.14 Construct package bundles (HO)
Package: infwarerr 2016/05/16 v1.4 Providing info/warning/error messages (HO)
Package: ltxcmds 2016/05/16 v1.23 LaTeX kernel commands for general use (HO)
Package: ifluatex 2016/05/16 v1.4 Provides the ifluatex switch (HO)
Package ifluatex Info: LuaTeX not detected.
Package: ifvtex 2016/05/16 v1.6 Detect VTeX and its facilities (HO)
Package ifvtex Info: VTeX not detected.
Package: intcalc 2016/05/16 v1.2 Expandable calculations with integers (HO)
Package hobsub Info: Skipping package `ifpdf' (already loaded).
Package: etexcmds 2016/05/16 v1.6 Avoid name clashes with e-TeX commands (HO)
Package: kvsetkeys 2016/05/16 v1.17 Key value parser (HO)
Package: kvdefinekeys 2016/05/16 v1.4 Define keys (HO)
Package: pdftexcmds 2018/09/10 v0.29 Utility functions of pdfTeX for LuaTeX (HO
)
Package pdftexcmds Info: LuaTeX not detected.
Package pdftexcmds Info: \pdf@primitive is available.
Package pdftexcmds Info: \pdf@ifprimitive is available.
Package pdftexcmds Info: \pdfdraftmode found.
Package: pdfescape 2016/05/16 v1.14 Implements pdfTeX's escape features (HO)
Package: bigintcalc 2016/05/16 v1.4 Expandable calculations on big integers (HO
)
Package: bitset 2016/05/16 v1.2 Handle bit-vector datatype (HO)
Package: uniquecounter 2016/05/16 v1.3 Provide unlimited unique counter (HO)
)
Package hobsub Info: Skipping package `hobsub' (already loaded).
Package: letltxmacro 2016/05/16 v1.5 Let assignment for LaTeX macros (HO)
Package: hopatch 2016/05/16 v1.3 Wrapper for package hooks (HO)
Package: xcolor-patch 2016/05/16 xcolor patch
Package: atveryend 2016/05/16 v1.9 Hooks at the very end of document (HO)
Package atveryend Info: \enddocument detected (standard20110627).
Package: atbegshi 2016/06/09 v1.18 At begin shipout hook (HO)
Package: refcount 2016/05/16 v3.5 Data extraction from label references (HO)
Package: hycolor 2016/05/16 v1.8 Color options for hyperref/bookmark (HO)
)
("C:\Users\zahrada\AppData\Local\Programs\MiKTeX 2.9\tex/generic/ifxetex\ifxete
x.sty"
Package: ifxetex 2010/09/12 v0.6 Provides ifxetex conditional
)
("C:\Users\zahrada\AppData\Local\Programs\MiKTeX 2.9\tex/latex/oberdiek\kvoptio
ns.sty"
Package: kvoptions 2016/05/16 v3.12 Key value format for package options (HO)
)
\@linkdim=\dimen130
\Hy@linkcounter=\count115
\Hy@pagecounter=\count116

("C:\Users\zahrada\AppData\Local\Programs\MiKTeX 2.9\tex/latex/hyperref\pd1enc.
def"
File: pd1enc.def 2018/11/30 v6.88e Hyperref: PDFDocEncoding definition (HO)
Now handling font encoding PD1 ...
... no UTF-8 mapping file for font encoding PD1
)
\Hy@SavedSpaceFactor=\count117

("C:\Users\zahrada\AppData\Local\Programs\MiKTeX 2.9\tex/latex/00miktex\hyperre
f.cfg"
File: hyperref.cfg 2002/06/06 v1.2 hyperref configuration of TeXLive
)
Package hyperref Info: Option `unicode' set `true' on input line 4393.

("C:\Users\zahrada\AppData\Local\Programs\MiKTeX 2.9\tex/latex/hyperref\puenc.d
ef"
File: puenc.def 2018/11/30 v6.88e Hyperref: PDF Unicode definition (HO)
Now handling font encoding PU ...
... no UTF-8 mapping file for font encoding PU
)
Package hyperref Info: Option `breaklinks' set `true' on input line 4393.
Package hyperref Info: Option `hypertexnames' set `false' on input line 4393.
Package hyperref Info: Option `colorlinks' set `true' on input line 4393.
Package hyperref Info: Hyper figures OFF on input line 4519.
Package hyperref Info: Link nesting OFF on input line 4524.
Package hyperref Info: Hyper index ON on input line 4527.
Package hyperref Info: Plain pages OFF on input line 4534.
Package hyperref Info: Backreferencing OFF on input line 4539.
Package hyperref Info: Implicit mode ON; LaTeX internals redefined.
Package hyperref Info: Bookmarks ON on input line 4772.
\c@Hy@tempcnt=\count118
 ("C:\Users\zahrada\AppData\Local\Programs\MiKTeX 2.9\tex/latex/url\url.sty"
\Urlmuskip=\muskip11
Package: url 2013/09/16  ver 3.4  Verb mode for urls, etc.
)
LaTeX Info: Redefining \url on input line 5125.
\XeTeXLinkMargin=\dimen131
\Fld@menulength=\count119
\Field@Width=\dimen132
\Fld@charsize=\dimen133
Package hyperref Info: Hyper figures OFF on input line 6380.
Package hyperref Info: Link nesting OFF on input line 6385.
Package hyperref Info: Hyper index ON on input line 6388.
Package hyperref Info: backreferencing OFF on input line 6395.
Package hyperref Info: Link coloring ON on input line 6398.
Package hyperref Info: Link coloring with OCG OFF on input line 6405.
Package hyperref Info: PDF/A mode OFF on input line 6410.
LaTeX Info: Redefining \ref on input line 6450.
LaTeX Info: Redefining \pageref on input line 6454.
\Hy@abspage=\count120
\c@Item=\count121
\c@Hfootnote=\count122
)
Package hyperref Info: Driver: hpdftex.

("C:\Users\zahrada\AppData\Local\Programs\MiKTeX 2.9\tex/latex/hyperref\hpdftex
.def"
File: hpdftex.def 2018/11/30 v6.88e Hyperref driver for pdfTeX
\Fld@listcount=\count123
\c@bookmark@seq@number=\count124

("C:\Users\zahrada\AppData\Local\Programs\MiKTeX 2.9\tex/latex/oberdiek\rerunfi
lecheck.sty"
Package: rerunfilecheck 2016/05/16 v1.8 Rerun checks for auxiliary files (HO)
Package uniquecounter Info: New unique counter `rerunfilecheck' on input line 2
82.
)
\Hy@SectionHShift=\skip51
)
("C:\Users\zahrada\AppData\Local\Programs\MiKTeX 2.9\tex/latex/fancyhdr\fancyhd
r.sty"
Package: fancyhdr 2019/01/31 v3.10 Extensive control of page headers and footer
s
\f@nch@headwidth=\skip52
\f@nch@O@elh=\skip53
\f@nch@O@erh=\skip54
\f@nch@O@olh=\skip55
\f@nch@O@orh=\skip56
\f@nch@O@elf=\skip57
\f@nch@O@erf=\skip58
\f@nch@O@olf=\skip59
\f@nch@O@orf=\skip60
)
("C:\Users\zahrada\AppData\Local\Programs\MiKTeX 2.9\tex/latex/algorithms\algor
ithm.sty"
Package: algorithm 2009/08/24 v0.1 Document Style `algorithm' - floating enviro
nment

("C:\Users\zahrada\AppData\Local\Programs\MiKTeX 2.9\tex/latex/base\ifthen.sty"
Package: ifthen 2014/09/29 v1.1c Standard LaTeX ifthen package (DPC)
)
\@float@every@algorithm=\toks28
\c@algorithm=\count125
)
("C:\Users\zahrada\AppData\Local\Programs\MiKTeX 2.9\tex/latex/algorithmicx\alg
compatible.sty"
Package: algcompatible 

("C:\Users\zahrada\AppData\Local\Programs\MiKTeX 2.9\tex/latex/algorithmicx\alg
orithmicx.sty"
Package: algorithmicx 2005/04/27 v1.2 Algorithmicx

Document Style algorithmicx 1.2 - a greatly improved `algorithmic' style
\c@ALG@line=\count126
\c@ALG@rem=\count127
\c@ALG@nested=\count128
\ALG@tlm=\skip61
\ALG@thistlm=\skip62
\c@ALG@Lnr=\count129
\c@ALG@blocknr=\count130
\c@ALG@storecount=\count131
\c@ALG@tmpcounter=\count132
\ALG@tmplength=\skip63
)
Document Style - algorithmic compatible environments for the `algorithmicx' sty
le
) (thesiscvut.sty
Package: thesiscvut 2007/05/17 v2.02 LaTeX document class


Styl pro psani studenstkych praci

\thesis@tmp=\skip64
)

Package hyperref Warning: Token not allowed in a PDF string (Unicode):
(hyperref)                removing `\hyphenation' on input line 137.

(david-zahradnik-dp-2019.aux (0-uvod.aux) (2-reserse.aux) (2-teorie.aux

LaTeX Warning: Label `2-teorie' multiply defined.

) (3-soucastky.aux) (5-algoritmus.aux) (6-testovani.aux) (7-aplikace.aux)
(8-zaver.aux) (zkratky.aux) (prilohy.aux))
\openout1 = `david-zahradnik-dp-2019.aux'.

LaTeX Font Info:    Checking defaults for OML/cmm/m/it on input line 141.
LaTeX Font Info:    ... okay on input line 141.
LaTeX Font Info:    Checking defaults for T1/cmr/m/n on input line 141.
LaTeX Font Info:    ... okay on input line 141.
LaTeX Font Info:    Checking defaults for OT1/cmr/m/n on input line 141.
LaTeX Font Info:    ... okay on input line 141.
LaTeX Font Info:    Checking defaults for OMS/cmsy/m/n on input line 141.
LaTeX Font Info:    ... okay on input line 141.
LaTeX Font Info:    Checking defaults for OMX/cmex/m/n on input line 141.
LaTeX Font Info:    ... okay on input line 141.
LaTeX Font Info:    Checking defaults for U/cmr/m/n on input line 141.
LaTeX Font Info:    ... okay on input line 141.
LaTeX Font Info:    Checking defaults for TS1/cmr/m/n on input line 141.
LaTeX Font Info:    Try loading font information for TS1+cmr on input line 141.


("C:\Users\zahrada\AppData\Local\Programs\MiKTeX 2.9\tex/latex/base\ts1cmr.fd"
File: ts1cmr.fd 2014/09/29 v2.5h Standard LaTeX font definitions
)
LaTeX Font Info:    ... okay on input line 141.
LaTeX Font Info:    Checking defaults for PD1/pdf/m/n on input line 141.
LaTeX Font Info:    ... okay on input line 141.
LaTeX Font Info:    Checking defaults for PU/pdf/m/n on input line 141.
LaTeX Font Info:    ... okay on input line 141.
Package caption Info: Begin \AtBeginDocument code.
Package caption Info: float package is loaded.
Package caption Info: hyperref package is loaded.
Package caption Info: wrapfig package is loaded.
Package caption Info: End \AtBeginDocument code.

("C:\Users\zahrada\AppData\Local\Programs\MiKTeX 2.9\tex/context/base/mkii\supp
-pdf.mkii"
[Loading MPS to PDF converter (version 2006.09.02).]
\scratchcounter=\count133
\scratchdimen=\dimen134
\scratchbox=\box34
\nofMPsegments=\count134
\nofMParguments=\count135
\everyMPshowfont=\toks29
\MPscratchCnt=\count136
\MPscratchDim=\dimen135
\MPnumerator=\count137
\makeMPintoPDFobject=\count138
\everyMPtoPDFconversion=\toks30
)
("C:\Users\zahrada\AppData\Local\Programs\MiKTeX 2.9\tex/latex/oberdiek\epstopd
f-base.sty"
Package: epstopdf-base 2016/05/15 v2.6 Base part for package epstopdf

("C:\Users\zahrada\AppData\Local\Programs\MiKTeX 2.9\tex/latex/oberdiek\grfext.
sty"
Package: grfext 2016/05/16 v1.2 Manage graphics extensions (HO)
)
Package epstopdf-base Info: Redefining graphics rule for `.eps' on input line 4
38.
Package grfext Info: Graphics extension search list:
(grfext)             [.pdf,.png,.jpg,.mps,.jpeg,.jbig2,.jb2,.PDF,.PNG,.JPG,.JPE
G,.JBIG2,.JB2,.eps]
(grfext)             \AppendGraphicsExtensions on input line 456.
)
\AtBeginShipoutBox=\box35
Package hyperref Info: Link coloring ON on input line 141.

("C:\Users\zahrada\AppData\Local\Programs\MiKTeX 2.9\tex/latex/hyperref\nameref
.sty"
Package: nameref 2016/05/21 v2.44 Cross-referencing by name of section

("C:\Users\zahrada\AppData\Local\Programs\MiKTeX 2.9\tex/generic/oberdiek\getti
tlestring.sty"
Package: gettitlestring 2016/05/16 v1.5 Cleanup title references (HO)
)
\c@section@level=\count139
)
LaTeX Info: Redefining \ref on input line 141.
LaTeX Info: Redefining \pageref on input line 141.
LaTeX Info: Redefining \nameref on input line 141.
 (david-zahradnik-dp-2019.out) (david-zahradnik-dp-2019.out)
\@outlinefile=\write3
\openout3 = `david-zahradnik-dp-2019.out'.

LaTeX Font Info:    Try loading font information for T1+cmss on input line 159.


("C:\Users\zahrada\AppData\Local\Programs\MiKTeX 2.9\tex/latex/base\t1cmss.fd"
File: t1cmss.fd 2014/09/29 v2.5h Standard LaTeX font definitions
)
<pictures/logo.pdf, id=212, 126.78566pt x 96.54268pt>
File: pictures/logo.pdf Graphic file (type pdf)
<use pictures/logo.pdf>
Package pdftex.def Info: pictures/logo.pdf  used on input line 159.
(pdftex.def)             Requested size: 126.78534pt x 96.54243pt.
[1

{C:/Users/zahrada/AppData/Local/MiKTeX/2.9/pdftex/config/pdftex.map} <./picture
s/logo.pdf>]
<./pictures/zadani.pdf, id=223, 597.23125pt x 845.1575pt>
File: ./pictures/zadani.pdf Graphic file (type pdf)
<use ./pictures/zadani.pdf>
Package pdftex.def Info: ./pictures/zadani.pdf  used on input line 166.
(pdftex.def)             Requested size: 418.05902pt x 591.60622pt.
<<ot1.cmap>><<oml.cmap>><<oms.cmap>><<omx.cmap>> [2 <./pictures/zadani.pdf>] [3
] [4

] [5] (david-zahradnik-dp-2019.toc [6


])
\tf@toc=\write4
\openout4 = `david-zahradnik-dp-2019.toc'.

 [7]
(david-zahradnik-dp-2019.lof [8


])
\tf@lof=\write5
\openout5 = `david-zahradnik-dp-2019.lof'.

 [9] (david-zahradnik-dp-2019.lot)
\tf@lot=\write6
\openout6 = `david-zahradnik-dp-2019.lot'.

 [10


]
\openout2 = `0-uvod.aux'.


(0-uvod.tex
Underfull \hbox (badness 10000) in paragraph at lines 5--12

 []

)
<pictures/logo2.pdf, id=433, 642.4pt x 484.209pt>
File: pictures/logo2.pdf Graphic file (type pdf)
<use pictures/logo2.pdf>
Package pdftex.def Info: pictures/logo2.pdf  used on input line 198.
(pdftex.def)             Requested size: 19.27116pt x 14.52563pt.
 [11


 <./pictures/logo2.pdf>]
\openout2 = `2-reserse.aux'.

 (2-reserse.tex
Underfull \hbox (badness 10000) in paragraph at lines 4--5

 []


Underfull \hbox (badness 10000) in paragraph at lines 6--9

 []


Underfull \hbox (badness 10000) in paragraph at lines 10--13

 []


Underfull \hbox (badness 10000) in paragraph at lines 14--17

 []

)
File: pictures/logo2.pdf Graphic file (type pdf)
<use pictures/logo2.pdf>
Package pdftex.def Info: pictures/logo2.pdf  used on input line 199.
(pdftex.def)             Requested size: 19.27116pt x 14.52563pt.
 [12



]
\openout2 = `2-teorie.aux'.

 (2-teorie.tex
Underfull \hbox (badness 10000) in paragraph at lines 4--7

 []

<pictures/dronfly.jpg, id=456, 473.77pt x 336.25626pt>
File: pictures/dronfly.jpg Graphic file (type jpg)
<use pictures/dronfly.jpg>
Package pdftex.def Info: pictures/dronfly.jpg  used on input line 10.
(pdftex.def)             Requested size: 199.16928pt x 141.36006pt.
<pictures/dronrot.png, id=458, 787.28171pt x 729.61946pt>
File: pictures/dronrot.png Graphic file (type png)
<use pictures/dronrot.png>
Package pdftex.def Info: pictures/dronrot.png  used on input line 18.
(pdftex.def)             Requested size: 284.52756pt x 263.68704pt.
File: pictures/logo2.pdf Graphic file (type pdf)
<use pictures/logo2.pdf>
Package pdftex.def Info: pictures/logo2.pdf  used on input line 22.
(pdftex.def)             Requested size: 19.27116pt x 14.52563pt.
[13



 <./pictures/dronfly.jpg>]
Underfull \hbox (badness 10000) in paragraph at lines 22--26

 []

<pictures/rotangle.png, id=467, 505.89pt x 404.51125pt>
File: pictures/rotangle.png Graphic file (type png)
<use pictures/rotangle.png>
Package pdftex.def Info: pictures/rotangle.png  used on input line 29.
(pdftex.def)             Requested size: 284.52756pt x 227.51231pt.
)
File: pictures/logo2.pdf Graphic file (type pdf)
<use pictures/logo2.pdf>
Package pdftex.def Info: pictures/logo2.pdf  used on input line 200.
(pdftex.def)             Requested size: 19.27116pt x 14.52563pt.
 [14 <./pictures/dronrot.png>]
File: pictures/logo2.pdf Graphic file (type pdf)
<use pictures/logo2.pdf>
Package pdftex.def Info: pictures/logo2.pdf  used on input line 200.
(pdftex.def)             Requested size: 19.27116pt x 14.52563pt.
 [15 <./pictures/rotangle.png>]
\openout2 = `3-soucastky.aux'.

 (3-soucastky.tex
Underfull \hbox (badness 10000) in paragraph at lines 4--7

 []


Underfull \hbox (badness 10000) in paragraph at lines 9--11

 []


Underfull \hbox (badness 10000) in paragraph at lines 14--17

 []

File: pictures/logo2.pdf Graphic file (type pdf)
<use pictures/logo2.pdf>
Package pdftex.def Info: pictures/logo2.pdf  used on input line 18.
(pdftex.def)             Requested size: 19.27116pt x 14.52563pt.
[16



]
Underfull \hbox (badness 10000) in paragraph at lines 23--33

 []


Underfull \hbox (badness 10000) in paragraph at lines 34--40

 []


Underfull \hbox (badness 10000) in paragraph at lines 42--43

 []


Underfull \hbox (badness 10000) in paragraph at lines 44--52

 []

File: pictures/logo2.pdf Graphic file (type pdf)
<use pictures/logo2.pdf>
Package pdftex.def Info: pictures/logo2.pdf  used on input line 52.
(pdftex.def)             Requested size: 19.27116pt x 14.52563pt.
[17]
<pictures/pdb.jpg, id=498, 319.1925pt x 458.71375pt>
File: pictures/pdb.jpg Graphic file (type jpg)
<use pictures/pdb.jpg>
Package pdftex.def Info: pictures/pdb.jpg  used on input line 55.
(pdftex.def)             Requested size: 85.35826pt x 122.66446pt.

Underfull \hbox (badness 10000) in paragraph at lines 60--61

 []


Underfull \hbox (badness 10000) in paragraph at lines 62--67

 []


Underfull \hbox (badness 10000) in paragraph at lines 73--76

 []

File: pictures/logo2.pdf Graphic file (type pdf)
<use pictures/logo2.pdf>
Package pdftex.def Info: pictures/logo2.pdf  used on input line 76.
(pdftex.def)             Requested size: 19.27116pt x 14.52563pt.
[18 <./pictures/pdb.jpg>]
Underfull \hbox (badness 10000) in paragraph at lines 81--91

 []


Underfull \hbox (badness 10000) in paragraph at lines 93--94

 []


Underfull \hbox (badness 10000) in paragraph at lines 95--106

 []

File: pictures/logo2.pdf Graphic file (type pdf)
<use pictures/logo2.pdf>
Package pdftex.def Info: pictures/logo2.pdf  used on input line 106.
(pdftex.def)             Requested size: 19.27116pt x 14.52563pt.
[19]
<pictures/esc.jpg, id=518, 181.42781pt x 197.98969pt>
File: pictures/esc.jpg Graphic file (type jpg)
<use pictures/esc.jpg>
Package pdftex.def Info: pictures/esc.jpg  used on input line 109.
(pdftex.def)             Requested size: 113.81102pt x 124.20244pt.
<pictures/motor.pdf, id=519, 1027.84pt x 770.88pt>
File: pictures/motor.pdf Graphic file (type pdf)
<use pictures/motor.pdf>
Package pdftex.def Info: pictures/motor.pdf  used on input line 115.
(pdftex.def)             Requested size: 227.62204pt x 170.71158pt.

Underfull \hbox (badness 10000) in paragraph at lines 120--121

 []


Underfull \hbox (badness 10000) in paragraph at lines 123--124

 []

File: pictures/logo2.pdf Graphic file (type pdf)
<use pictures/logo2.pdf>
Package pdftex.def Info: pictures/logo2.pdf  used on input line 125.
(pdftex.def)             Requested size: 19.27116pt x 14.52563pt.
[20 <./pictures/esc.jpg> <./pictures/motor.pdf>]
Underfull \hbox (badness 10000) in paragraph at lines 126--127

 []


Underfull \hbox (badness 10000) in paragraph at lines 129--130

 []

<pictures/imu.jpg, id=535, 243.91125pt x 398.99063pt>
File: pictures/imu.jpg Graphic file (type jpg)
<use pictures/imu.jpg>
Package pdftex.def Info: pictures/imu.jpg  used on input line 145.
(pdftex.def)             Requested size: 85.35826pt x 139.63054pt.

Underfull \hbox (badness 10000) in paragraph at lines 133--147

 []

File: pictures/logo2.pdf Graphic file (type pdf)
<use pictures/logo2.pdf>
Package pdftex.def Info: pictures/logo2.pdf  used on input line 148.
(pdftex.def)             Requested size: 19.27116pt x 14.52563pt.
[21]
Underfull \hbox (badness 10000) in paragraph at lines 150--151

 []


Underfull \hbox (badness 10000) in paragraph at lines 153--154

 []


Underfull \hbox (badness 10000) in paragraph at lines 155--162

 []

<pictures/xbee.jpg, id=543, 602.25pt x 602.25pt>
File: pictures/xbee.jpg Graphic file (type jpg)
<use pictures/xbee.jpg>
Package pdftex.def Info: pictures/xbee.jpg  used on input line 166.
(pdftex.def)             Requested size: 142.26378pt x 142.26393pt.
File: pictures/logo2.pdf Graphic file (type pdf)
<use pictures/logo2.pdf>
Package pdftex.def Info: pictures/logo2.pdf  used on input line 169.
(pdftex.def)             Requested size: 19.27116pt x 14.52563pt.
[22 <./pictures/imu.jpg>]
Underfull \hbox (badness 10000) in paragraph at lines 171--172

 []


Underfull \hbox (badness 10000) in paragraph at lines 173--181

 []

<pictures/blue.jpg, id=549, 396.48125pt x 302.12875pt>
File: pictures/blue.jpg Graphic file (type jpg)
<use pictures/blue.jpg>
Package pdftex.def Info: pictures/blue.jpg  used on input line 184.
(pdftex.def)             Requested size: 142.26378pt x 108.41129pt.

Underfull \hbox (badness 10000) in paragraph at lines 192--194

 []

File: pictures/logo2.pdf Graphic file (type pdf)
<use pictures/logo2.pdf>
Package pdftex.def Info: pictures/logo2.pdf  used on input line 194.
(pdftex.def)             Requested size: 19.27116pt x 14.52563pt.
[23 <./pictures/xbee.jpg> <./pictures/blue.jpg>]
Underfull \hbox (badness 10000) in paragraph at lines 195--200

 []

<pictures/uno.jpg, id=554, 621.82312pt x 411.03563pt>
File: pictures/uno.jpg Graphic file (type jpg)
<use pictures/uno.jpg>
Package pdftex.def Info: pictures/uno.jpg  used on input line 203.
(pdftex.def)             Requested size: 142.26378pt x 94.03445pt.
<pictures/nano.jpg, id=555, 661.72218pt x 259.7203pt>
File: pictures/nano.jpg Graphic file (type jpg)
<use pictures/nano.jpg>
Package pdftex.def Info: pictures/nano.jpg  used on input line 204.
(pdftex.def)             Requested size: 142.26378pt x 55.83481pt.

Underfull \hbox (badness 10000) in paragraph at lines 209--210

 []


Underfull \hbox (badness 10000) in paragraph at lines 212--213

 []

File: pictures/logo2.pdf Graphic file (type pdf)
<use pictures/logo2.pdf>
Package pdftex.def Info: pictures/logo2.pdf  used on input line 214.
(pdftex.def)             Requested size: 19.27116pt x 14.52563pt.
[24 <./pictures/uno.jpg> <./pictures/nano.jpg>]
Underfull \hbox (badness 10000) in paragraph at lines 215--216

 []


Underfull \hbox (badness 10000) in paragraph at lines 217--229

 []

<pictures/baro.jpg, id=561, 73.77562pt x 95.6072pt>
File: pictures/baro.jpg Graphic file (type jpg)
<use pictures/baro.jpg>
Package pdftex.def Info: pictures/baro.jpg  used on input line 232.
(pdftex.def)             Requested size: 56.9055pt x 73.74612pt.

Underfull \hbox (badness 10000) in paragraph at lines 237--238

 []


Underfull \hbox (badness 10000) in paragraph at lines 239--250

 []

File: pictures/logo2.pdf Graphic file (type pdf)
<use pictures/logo2.pdf>
Package pdftex.def Info: pictures/logo2.pdf  used on input line 250.
(pdftex.def)             Requested size: 19.27116pt x 14.52563pt.
[25 <./pictures/baro.jpg>]
<pictures/laser.jpg, id=569, 310.15875pt x 225.84375pt>
File: pictures/laser.jpg Graphic file (type jpg)
<use pictures/laser.jpg>
Package pdftex.def Info: pictures/laser.jpg  used on input line 253.
(pdftex.def)             Requested size: 56.9055pt x 41.43582pt.

Underfull \hbox (badness 10000) in paragraph at lines 257--258

 []


Underfull \hbox (badness 10000) in paragraph at lines 260--261

 []


Underfull \hbox (badness 10000) in paragraph at lines 262--270

 []

File: pictures/logo2.pdf Graphic file (type pdf)
<use pictures/logo2.pdf>
Package pdftex.def Info: pictures/logo2.pdf  used on input line 270.
(pdftex.def)             Requested size: 19.27116pt x 14.52563pt.
[26 <./pictures/laser.jpg>]
<pictures/camera.png, id=575, 727.21687pt x 329.73187pt>
File: pictures/camera.png Graphic file (type png)
<use pictures/camera.png>
Package pdftex.def Info: pictures/camera.png  used on input line 273.
(pdftex.def)             Requested size: 284.52756pt x 129.0125pt.
)
File: pictures/logo2.pdf Graphic file (type pdf)
<use pictures/logo2.pdf>
Package pdftex.def Info: pictures/logo2.pdf  used on input line 201.
(pdftex.def)             Requested size: 19.27116pt x 14.52563pt.
 [27 <./pictures/camera.png>]
\openout2 = `5-algoritmus.aux'.

 (5-algoritmus.tex
Overfull \hbox (25.91327pt too wide) in paragraph at lines 5--8
\T1/cmr/m/n/12 signál, OneShot125, OneShot42 a Mul-ti-Shot, mezi dig-itální pat
°í DSHOT300, DSHOT600
 []


Underfull \hbox (badness 10000) in paragraph at lines 5--8

 []


Underfull \hbox (badness 10000) in paragraph at lines 35--37

 []

File: pictures/logo2.pdf Graphic file (type pdf)
<use pictures/logo2.pdf>
Package pdftex.def Info: pictures/logo2.pdf  used on input line 37.
(pdftex.def)             Requested size: 19.27116pt x 14.52563pt.
[28



]
<pictures/pwm.png, id=588, 300.3722pt x 328.97906pt>
File: pictures/pwm.png Graphic file (type png)
<use pictures/pwm.png>
Package pdftex.def Info: pictures/pwm.png  used on input line 43.
(pdftex.def)             Requested size: 284.52756pt x 311.64987pt.
<pictures/esc_calib.pdf, id=591, 1027.84pt x 770.88pt>
File: pictures/esc_calib.pdf Graphic file (type pdf)
<use pictures/esc_calib.pdf>
Package pdftex.def Info: pictures/esc_calib.pdf  used on input line 57.
(pdftex.def)             Requested size: 341.43306pt x 256.07324pt.

Underfull \hbox (badness 10000) in paragraph at lines 52--59

 []

File: pictures/logo2.pdf Graphic file (type pdf)
<use pictures/logo2.pdf>
Package pdftex.def Info: pictures/logo2.pdf  used on input line 59.
(pdftex.def)             Requested size: 19.27116pt x 14.52563pt.
[29 <./pictures/pwm.png>]
Underfull \hbox (badness 10000) in paragraph at lines 60--61

 []

<pictures/esc_calib5.jpg, id=598, 580.41844pt x 371.13657pt>
File: pictures/esc_calib5.jpg Graphic file (type jpg)
<use pictures/esc_calib5.jpg>
Package pdftex.def Info: pictures/esc_calib5.jpg  used on input line 64.
(pdftex.def)             Requested size: 341.43306pt x 218.32307pt.
File: pictures/logo2.pdf Graphic file (type pdf)
<use pictures/logo2.pdf>
Package pdftex.def Info: pictures/logo2.pdf  used on input line 67.
(pdftex.def)             Requested size: 19.27116pt x 14.52563pt.
[30 <./pictures/esc_calib.pdf>]
<pictures/esc_calib6.jpg, id=613, 580.41844pt x 374.14781pt>
File: pictures/esc_calib6.jpg Graphic file (type jpg)
<use pictures/esc_calib6.jpg>
Package pdftex.def Info: pictures/esc_calib6.jpg  used on input line 70.
(pdftex.def)             Requested size: 341.43306pt x 220.09445pt.

Underfull \hbox (badness 10000) in paragraph at lines 75--76

 []

File: pictures/logo2.pdf Graphic file (type pdf)
<use pictures/logo2.pdf>
Package pdftex.def Info: pictures/logo2.pdf  used on input line 79.
(pdftex.def)             Requested size: 19.27116pt x 14.52563pt.
[31 <./pictures/esc_calib5.jpg> <./pictures/esc_calib6.jpg>]
Underfull \hbox (badness 10000) in paragraph at lines 79--82

 []


Underfull \hbox (badness 10000) in paragraph at lines 86--89

 []


Underfull \hbox (badness 10000) in paragraph at lines 93--94

 []

<pictures/complementary.jpg, id=620, 578.16pt x 205.76875pt>
File: pictures/complementary.jpg Graphic file (type jpg)
<use pictures/complementary.jpg>
Package pdftex.def Info: pictures/complementary.jpg  used on input line 104.
(pdftex.def)             Requested size: 426.79134pt x 151.89598pt.

Overfull \hbox (11.45528pt too wide) in paragraph at lines 98--107
\T1/cmr/m/n/12 Komplementární filtr je ne-j-jednodu²²í z uve-dených fil-tr·. Vy
uºívá data z akcelerometru
 []


Underfull \hbox (badness 10000) in paragraph at lines 98--107

 []

File: pictures/logo2.pdf Graphic file (type pdf)
<use pictures/logo2.pdf>
Package pdftex.def Info: pictures/logo2.pdf  used on input line 107.
(pdftex.def)             Requested size: 19.27116pt x 14.52563pt.
[32]
File: pictures/logo2.pdf Graphic file (type pdf)
<use pictures/logo2.pdf>
Package pdftex.def Info: pictures/logo2.pdf  used on input line 117.
(pdftex.def)             Requested size: 19.27116pt x 14.52563pt.
 [33 <./pictures/complementary.jpg>]
Underfull \hbox (badness 10000) in paragraph at lines 119--122

 []

<pictures/PIDDiagram.pdf, id=637, 598.15468pt x 421.575pt>
File: pictures/PIDDiagram.pdf Graphic file (type pdf)
<use pictures/PIDDiagram.pdf>
Package pdftex.def Info: pictures/PIDDiagram.pdf  used on input line 136.
(pdftex.def)             Requested size: 426.79134pt x 300.81273pt.

Underfull \hbox (badness 10000) in paragraph at lines 124--138

 []

File: pictures/logo2.pdf Graphic file (type pdf)
<use pictures/logo2.pdf>
Package pdftex.def Info: pictures/logo2.pdf  used on input line 138.
(pdftex.def)             Requested size: 19.27116pt x 14.52563pt.
[34]
<pictures/PIDsDiagram.pdf, id=643, 598.15468pt x 421.575pt>
File: pictures/PIDsDiagram.pdf Graphic file (type pdf)
<use pictures/PIDsDiagram.pdf>
Package pdftex.def Info: pictures/PIDsDiagram.pdf  used on input line 141.
(pdftex.def)             Requested size: 426.79134pt x 300.81273pt.
File: pictures/logo2.pdf Graphic file (type pdf)
<use pictures/logo2.pdf>
Package pdftex.def Info: pictures/logo2.pdf  used on input line 147.
(pdftex.def)             Requested size: 19.27116pt x 14.52563pt.
 [35 <./pictures/PIDDiagram.pdf

pdfTeX warning: pdflatex.exe (file ./pictures/PIDDiagram.pdf): PDF inclusion: i
nvalid other resource which is no dict (key 'ProcSets', type <array>); ignored.

>]
Underfull \hbox (badness 10000) in paragraph at lines 149--151

 []

File: pictures/logo2.pdf Graphic file (type pdf)
<use pictures/logo2.pdf>
Package pdftex.def Info: pictures/logo2.pdf  used on input line 171.
(pdftex.def)             Requested size: 19.27116pt x 14.52563pt.
[36 <./pictures/PIDsDiagram.pdf

pdfTeX warning: pdflatex.exe (file ./pictures/PIDsDiagram.pdf): PDF inclusion: 
invalid other resource which is no dict (key 'ProcSets', type <array>); ignored
.
>]
Underfull \hbox (badness 10000) in paragraph at lines 173--178

 []


Underfull \hbox (badness 10000) in paragraph at lines 173--178

 []

File: pictures/logo2.pdf Graphic file (type pdf)
<use pictures/logo2.pdf>
Package pdftex.def Info: pictures/logo2.pdf  used on input line 178.
(pdftex.def)             Requested size: 19.27116pt x 14.52563pt.
[37]
<pictures/xbeeshield.jpg, id=694, 401.5pt x 401.5pt>
File: pictures/xbeeshield.jpg Graphic file (type jpg)
<use pictures/xbeeshield.jpg>
Package pdftex.def Info: pictures/xbeeshield.jpg  used on input line 181.
(pdftex.def)             Requested size: 227.62204pt x 227.62596pt.
<pictures/pid.pdf, id=695, 1027.84pt x 770.88pt>
File: pictures/pid.pdf Graphic file (type pdf)
<use pictures/pid.pdf>
Package pdftex.def Info: pictures/pid.pdf  used on input line 199.
(pdftex.def)             Requested size: 256.0748pt x 192.04906pt.

Underfull \hbox (badness 10000) in paragraph at lines 187--201

 []

File: pictures/logo2.pdf Graphic file (type pdf)
<use pictures/logo2.pdf>
Package pdftex.def Info: pictures/logo2.pdf  used on input line 201.
(pdftex.def)             Requested size: 19.27116pt x 14.52563pt.
[38 <./pictures/xbeeshield.jpg>]
File: pictures/logo2.pdf Graphic file (type pdf)
<use pictures/logo2.pdf>
Package pdftex.def Info: pictures/logo2.pdf  used on input line 210.
(pdftex.def)             Requested size: 19.27116pt x 14.52563pt.
 [39 <./pictures/pid.pdf>]
<pictures/PWMDiagram.pdf, id=707, 845.07718pt x 598.15468pt>
File: pictures/PWMDiagram.pdf Graphic file (type pdf)
<use pictures/PWMDiagram.pdf>
Package pdftex.def Info: pictures/PWMDiagram.pdf  used on input line 214.
(pdftex.def)             Requested size: 455.24408pt x 322.22292pt.

Overfull \hbox (28.45274pt too wide) in paragraph at lines 214--215
 [][] 
 []

<pictures/FlyingDiagram.pdf, id=708, 421.575pt x 598.15468pt>
File: pictures/FlyingDiagram.pdf Graphic file (type pdf)
<use pictures/FlyingDiagram.pdf>
Package pdftex.def Info: pictures/FlyingDiagram.pdf  used on input line 219.
(pdftex.def)             Requested size: 341.43306pt x 484.457pt.
<pictures/flyctrl.pdf, id=709, 1027.84pt x 770.88pt>
File: pictures/flyctrl.pdf Graphic file (type pdf)
<use pictures/flyctrl.pdf>
Package pdftex.def Info: pictures/flyctrl.pdf  used on input line 224.
(pdftex.def)             Requested size: 341.43306pt x 256.07324pt.
File: pictures/logo2.pdf Graphic file (type pdf)
<use pictures/logo2.pdf>
Package pdftex.def Info: pictures/logo2.pdf  used on input line 226.
(pdftex.def)             Requested size: 19.27116pt x 14.52563pt.
[40 <./pictures/PWMDiagram.pdf

pdfTeX warning: pdflatex.exe (file ./pictures/PWMDiagram.pdf): PDF inclusion: i
nvalid other resource which is no dict (key 'ProcSets', type <array>); ignored.

>]
File: pictures/logo2.pdf Graphic file (type pdf)
<use pictures/logo2.pdf>
Package pdftex.def Info: pictures/logo2.pdf  used on input line 227.
(pdftex.def)             Requested size: 19.27116pt x 14.52563pt.
 [41 <./pictures/FlyingDiagram.pdf

pdfTeX warning: pdflatex.exe (file ./pictures/FlyingDiagram.pdf): PDF inclusion
: invalid other resource which is no dict (key 'ProcSets', type <array>); ignor
ed.
>]
Underfull \hbox (badness 10000) in paragraph at lines 229--232

 []

<pictures/ObstacleDiagram.pdf, id=757, 421.575pt x 299.19778pt>
File: pictures/ObstacleDiagram.pdf Graphic file (type pdf)
<use pictures/ObstacleDiagram.pdf>
Package pdftex.def Info: pictures/ObstacleDiagram.pdf  used on input line 235.
(pdftex.def)             Requested size: 341.43306pt x 242.32603pt.
File: pictures/logo2.pdf Graphic file (type pdf)
<use pictures/logo2.pdf>
Package pdftex.def Info: pictures/logo2.pdf  used on input line 238.
(pdftex.def)             Requested size: 19.27116pt x 14.52563pt.
[42 <./pictures/flyctrl.pdf>]
<pictures/obstacle.pdf, id=773, 1027.84pt x 770.88pt>
File: pictures/obstacle.pdf Graphic file (type pdf)
<use pictures/obstacle.pdf>
Package pdftex.def Info: pictures/obstacle.pdf  used on input line 241.
(pdftex.def)             Requested size: 284.52756pt x 213.39828pt.
<pictures/obstacle_teo.pdf, id=774, 1027.84pt x 770.88pt>
File: pictures/obstacle_teo.pdf Graphic file (type pdf)
<use pictures/obstacle_teo.pdf>
Package pdftex.def Info: pictures/obstacle_teo.pdf  used on input line 247.
(pdftex.def)             Requested size: 284.52756pt x 213.39828pt.
File: pictures/logo2.pdf Graphic file (type pdf)
<use pictures/logo2.pdf>
Package pdftex.def Info: pictures/logo2.pdf  used on input line 250.
(pdftex.def)             Requested size: 19.27116pt x 14.52563pt.
 [43 <./pictures/ObstacleDiagram.pdf

pdfTeX warning: pdflatex.exe (file ./pictures/ObstacleDiagram.pdf): PDF inclusi
on: invalid other resource which is no dict (key 'ProcSets', type <array>); ign
ored.
> <./pictures/obstacle.pdf>]
Overfull \hbox (1.62775pt too wide) in paragraph at lines 266--274
\T1/cmr/m/n/12 P°i au-tonom-ním ovládání kon-trolér porovná data z GNSS aparatu
ry a zadané sou°ad-
 []


Underfull \hbox (badness 10000) in paragraph at lines 266--274

 []

File: pictures/logo2.pdf Graphic file (type pdf)
<use pictures/logo2.pdf>
Package pdftex.def Info: pictures/logo2.pdf  used on input line 274.
(pdftex.def)             Requested size: 19.27116pt x 14.52563pt.
[44 <./pictures/obstacle_teo.pdf>]
<pictures/navictrl.pdf, id=808, 1027.84pt x 770.88pt>
File: pictures/navictrl.pdf Graphic file (type pdf)
<use pictures/navictrl.pdf>
Package pdftex.def Info: pictures/navictrl.pdf  used on input line 277.
(pdftex.def)             Requested size: 284.52756pt x 213.39828pt.
<pictures/NaviDiagram.pdf, id=809, 421.575pt x 598.15468pt>
File: pictures/NaviDiagram.pdf Graphic file (type pdf)
<use pictures/NaviDiagram.pdf>
Package pdftex.def Info: pictures/NaviDiagram.pdf  used on input line 282.
(pdftex.def)             Requested size: 398.33858pt x 565.19527pt.
File: pictures/logo2.pdf Graphic file (type pdf)
<use pictures/logo2.pdf>
Package pdftex.def Info: pictures/logo2.pdf  used on input line 285.
(pdftex.def)             Requested size: 19.27116pt x 14.52563pt.
 [45 <./pictures/navictrl.pdf>]
<pictures/pdb_ardu.pdf, id=824, 1027.84pt x 770.88pt>
File: pictures/pdb_ardu.pdf Graphic file (type pdf)
<use pictures/pdb_ardu.pdf>
Package pdftex.def Info: pictures/pdb_ardu.pdf  used on input line 295.
(pdftex.def)             Requested size: 284.52756pt x 213.39828pt.
<pictures/DroneDiagram.pdf, id=825, 598.15468pt x 845.07718pt>
File: pictures/DroneDiagram.pdf Graphic file (type pdf)
<use pictures/DroneDiagram.pdf>
Package pdftex.def Info: pictures/DroneDiagram.pdf  used on input line 300.
(pdftex.def)             Requested size: 426.79134pt x 603.0006pt.
File: pictures/logo2.pdf Graphic file (type pdf)
<use pictures/logo2.pdf>
Package pdftex.def Info: pictures/logo2.pdf  used on input line 302.
(pdftex.def)             Requested size: 19.27116pt x 14.52563pt.
 [46 <./pictures/NaviDiagram.pdf

pdfTeX warning: pdflatex.exe (file ./pictures/NaviDiagram.pdf): PDF inclusion: 
invalid other resource which is no dict (key 'ProcSets', type <array>); ignored
.
>]
<pictures/pdb_com.pdf, id=849, 1027.84pt x 770.88pt>
File: pictures/pdb_com.pdf Graphic file (type pdf)
<use pictures/pdb_com.pdf>
Package pdftex.def Info: pictures/pdb_com.pdf  used on input line 305.
(pdftex.def)             Requested size: 284.52756pt x 213.39828pt.
File: pictures/logo2.pdf Graphic file (type pdf)
<use pictures/logo2.pdf>
Package pdftex.def Info: pictures/logo2.pdf  used on input line 307.
(pdftex.def)             Requested size: 19.27116pt x 14.52563pt.
 [47 <./pictures/pdb_ardu.pdf>]

LaTeX Warning: `h' float specifier changed to `ht'.

)
File: pictures/logo2.pdf Graphic file (type pdf)
<use pictures/logo2.pdf>
Package pdftex.def Info: pictures/logo2.pdf  used on input line 203.
(pdftex.def)             Requested size: 19.27116pt x 14.52563pt.
 [48 <./pictures/DroneDiagram.pdf

pdfTeX warning: pdflatex.exe (file ./pictures/DroneDiagram.pdf): PDF inclusion:
 invalid other resource which is no dict (key 'ProcSets', type <array>); ignore
d.
>]
File: pictures/logo2.pdf Graphic file (type pdf)
<use pictures/logo2.pdf>
Package pdftex.def Info: pictures/logo2.pdf  used on input line 203.
(pdftex.def)             Requested size: 19.27116pt x 14.52563pt.
 [49 <./pictures/pdb_com.pdf>]
\openout2 = `6-testovani.aux'.

 (6-testovani.tex
Overfull \hbox (9.30571pt too wide) in paragraph at lines 5--8
\T1/cmr/m/n/12 brace byla úsp¥²ná p°i dostaºení sta-bi-lizace dronu na trubce. 
Kali-brace byla provád¥na
 []


Underfull \hbox (badness 10000) in paragraph at lines 5--8

 []

<pictures/pidtest.jpg, id=907, 430.60875pt x 412.54124pt>
File: pictures/pidtest.jpg Graphic file (type jpg)
<use pictures/pidtest.jpg>
Package pdftex.def Info: pictures/pidtest.jpg  used on input line 11.
(pdftex.def)             Requested size: 284.52756pt x 272.5928pt.
File: pictures/logo2.pdf Graphic file (type pdf)
<use pictures/logo2.pdf>
Package pdftex.def Info: pictures/logo2.pdf  used on input line 14.
(pdftex.def)             Requested size: 19.27116pt x 14.52563pt.
[50



]
Underfull \hbox (badness 10000) in paragraph at lines 16--21

 []


LaTeX Warning: No positions in optional float specifier.
               Default added (so using `tbp') on input line 22.


LaTeX Warning: No positions in optional float specifier.
               Default added (so using `tbp') on input line 36.

<pictures/testRoll.png, id=912, 1025.33063pt x 482.55281pt>
File: pictures/testRoll.png Graphic file (type png)
<use pictures/testRoll.png>
Package pdftex.def Info: pictures/testRoll.png  used on input line 51.
(pdftex.def)             Requested size: 398.33858pt x 187.47324pt.
File: pictures/logo2.pdf Graphic file (type pdf)
<use pictures/logo2.pdf>
Package pdftex.def Info: pictures/logo2.pdf  used on input line 54.
(pdftex.def)             Requested size: 19.27116pt x 14.52563pt.
[51 <./pictures/pidtest.jpg>]
<pictures/testRoll1.png, id=917, 1035.87pt x 505.89pt>
File: pictures/testRoll1.png Graphic file (type png)
<use pictures/testRoll1.png>
Package pdftex.def Info: pictures/testRoll1.png  used on input line 57.
(pdftex.def)             Requested size: 398.33858pt x 194.54053pt.
File: pictures/logo2.pdf Graphic file (type pdf)
<use pictures/logo2.pdf>
Package pdftex.def Info: pictures/logo2.pdf  used on input line 60.
(pdftex.def)             Requested size: 19.27116pt x 14.52563pt.
 [52 <./pictures/testRoll.png>]
Underfull \hbox (badness 10000) in paragraph at lines 62--63

 []


Underfull \hbox (badness 10000) in paragraph at lines 65--66

 []

)
File: pictures/logo2.pdf Graphic file (type pdf)
<use pictures/logo2.pdf>
Package pdftex.def Info: pictures/logo2.pdf  used on input line 204.
(pdftex.def)             Requested size: 19.27116pt x 14.52563pt.
 [53 <./pictures/testRoll1.png>]
\openout2 = `7-aplikace.aux'.

 (7-aplikace.tex
Underfull \hbox (badness 10000) in paragraph at lines 3--5

 []

<pictures/app1.png, id=929, 1084.05pt x 1927.2pt>
File: pictures/app1.png Graphic file (type png)
<use pictures/app1.png>
Package pdftex.def Info: pictures/app1.png  used on input line 10.
(pdftex.def)             Requested size: 170.71652pt x 303.47679pt.

Underfull \hbox (badness 10000) in paragraph at lines 7--12

 []


Package natbib Warning: Citation `joystick' on page 54 undefined on input line 
16.


Underfull \hbox (badness 10000) in paragraph at lines 15--17

 []


Underfull \hbox (badness 10000) in paragraph at lines 15--17

 []

File: pictures/logo2.pdf Graphic file (type pdf)
<use pictures/logo2.pdf>
Package pdftex.def Info: pictures/logo2.pdf  used on input line 17.
(pdftex.def)             Requested size: 19.27116pt x 14.52563pt.
[54



 <./pictures/app1.png>]
<pictures/app.png, id=936, 1927.2pt x 1084.05pt>
File: pictures/app.png Graphic file (type png)
<use pictures/app.png>
Package pdftex.def Info: pictures/app.png  used on input line 20.
(pdftex.def)             Requested size: 284.52756pt x 160.03659pt.
<pictures/rcDiagram.pdf, id=937, 421.575pt x 299.19778pt>
File: pictures/rcDiagram.pdf Graphic file (type pdf)
<use pictures/rcDiagram.pdf>
Package pdftex.def Info: pictures/rcDiagram.pdf  used on input line 26.
(pdftex.def)             Requested size: 398.33858pt x 282.71143pt.
File: pictures/logo2.pdf Graphic file (type pdf)
<use pictures/logo2.pdf>
Package pdftex.def Info: pictures/logo2.pdf  used on input line 29.
(pdftex.def)             Requested size: 19.27116pt x 14.52563pt.
 [55 <./pictures/app.png>]
Underfull \hbox (badness 10000) in paragraph at lines 31--33

 []

<pictures/app2.png, id=943, 1084.05pt x 1927.2pt>
File: pictures/app2.png Graphic file (type png)
<use pictures/app2.png>
Package pdftex.def Info: pictures/app2.png  used on input line 36.
(pdftex.def)             Requested size: 170.71652pt x 303.47679pt.
File: pictures/logo2.pdf Graphic file (type pdf)
<use pictures/logo2.pdf>
Package pdftex.def Info: pictures/logo2.pdf  used on input line 39.
(pdftex.def)             Requested size: 19.27116pt x 14.52563pt.
[56 <./pictures/rcDiagram.pdf

pdfTeX warning: pdflatex.exe (file ./pictures/rcDiagram.pdf): PDF inclusion: in
valid other resource which is no dict (key 'ProcSets', type <array>); ignored.
>]
Underfull \hbox (badness 10000) in paragraph at lines 41--43

 []

<pictures/fpvscreenshot.png, id=967, 470.75874pt x 836.12375pt>
File: pictures/fpvscreenshot.png Graphic file (type png)
<use pictures/fpvscreenshot.png>
Package pdftex.def Info: pictures/fpvscreenshot.png  used on input line 46.
(pdftex.def)             Requested size: 170.71652pt x 303.21149pt.
File: pictures/logo2.pdf Graphic file (type pdf)
<use pictures/logo2.pdf>
Package pdftex.def Info: pictures/logo2.pdf  used on input line 49.
(pdftex.def)             Requested size: 19.27116pt x 14.52563pt.
[57 <./pictures/app2.png>])
File: pictures/logo2.pdf Graphic file (type pdf)
<use pictures/logo2.pdf>
Package pdftex.def Info: pictures/logo2.pdf  used on input line 205.
(pdftex.def)             Requested size: 19.27116pt x 14.52563pt.
 [58 <./pictures/fpvscreenshot.png>]
\openout2 = `8-zaver.aux'.

 (8-zaver.tex)
Underfull \hbox (badness 10000) in paragraph at lines 3--206

 []

File: pictures/logo2.pdf Graphic file (type pdf)
<use pictures/logo2.pdf>
Package pdftex.def Info: pictures/logo2.pdf  used on input line 206.
(pdftex.def)             Requested size: 19.27116pt x 14.52563pt.
[59



]
File: pictures/logo2.pdf Graphic file (type pdf)
<use pictures/logo2.pdf>
Package pdftex.def Info: pictures/logo2.pdf  used on input line 206.
(pdftex.def)             Requested size: 19.27116pt x 14.52563pt.
 [60]
\openout2 = `zkratky.aux'.

 (zkratky.tex
File: pictures/logo2.pdf Graphic file (type pdf)
<use pictures/logo2.pdf>
Package pdftex.def Info: pictures/logo2.pdf  used on input line 96.
(pdftex.def)             Requested size: 19.27116pt x 14.52563pt.
 [61




]
File: pictures/logo2.pdf Graphic file (type pdf)
<use pictures/logo2.pdf>
Package pdftex.def Info: pictures/logo2.pdf  used on input line 118.
(pdftex.def)             Requested size: 19.27116pt x 14.52563pt.
 [62]) (david-zahradnik-dp-2019.bbl
LaTeX Font Info:    Try loading font information for T1+cmtt on input line 12.

("C:\Users\zahrada\AppData\Local\Programs\MiKTeX 2.9\tex/latex/base\t1cmtt.fd"
File: t1cmtt.fd 2014/09/29 v2.5h Standard LaTeX font definitions
)
Underfull \hbox (badness 1033) in paragraph at lines 9--13
[]\T1/cmr/m/n/12 ÚZK, Ter-mi-no-log-ická.  \T1/cmr/m/it/12 Ter-mi-no-log-ický 
slovník zem¥m¥°ictví a katas-tru
 []


Underfull \hbox (badness 7362) in paragraph at lines 23--27
[]\T1/cmr/m/it/12 GENS ACE LIPO TATTU se-rie - 6750 mAh 14,8V 4S1P) \T1/cmr/m/n
/12 [on-
 []


Underfull \hbox (badness 4819) in paragraph at lines 23--27
\T1/cmr/m/n/12 line]. [cit. 2019-05-05].  Do-stup-né z: [][]$\T1/cmtt/m/n/12 ht
tps : / / www . peckamodel . cz /
 []


Underfull \hbox (badness 3492) in paragraph at lines 40--42
[]\T1/cmr/m/it/12 CodingWithMitch \T1/cmr/m/n/12 [on-line]. [cit. 2019-05-05]. 
 Do-stup-né z: [][]$\T1/cmtt/m/n/12 https : / /
 []


Underfull \hbox (badness 1418) in paragraph at lines 44--48
[]\T1/cmr/m/it/12 Self Bal-anc-ing Robot Us-ing Mpu6050 Ac-celerom-e-ter \T1/cm
r/m/n/12 [on-line]. [cit. 2019-
 []


Underfull \hbox (badness 1019) in paragraph at lines 44--48
\T1/cmr/m/n/12 05-11].  Do-stup-né z: [][]$\T1/cmtt/m/n/12 https : / / www . ro
botshop . com / community / forum / t /
 []

File: pictures/logo2.pdf Graphic file (type pdf)
<use pictures/logo2.pdf>
Package pdftex.def Info: pictures/logo2.pdf  used on input line 68.
(pdftex.def)             Requested size: 19.27116pt x 14.52563pt.
[63


]
Underfull \hbox (badness 10000) in paragraph at lines 69--73
[]\T1/cmr/m/it/12 Design, Build and Im-prove a Quad-copter \T1/cmr/m/n/12 [on-l
ine]. Copy-right \TS1/cmr/m/n/12 ©\T1/cmr/m/n/12 .
 []


Underfull \hbox (badness 2980) in paragraph at lines 69--73
\T1/cmr/m/n/12 [cit. 2019-05-05].  Do-stup-né z: [][]$\T1/cmtt/m/n/12 https : /
 / www . instructables . com / id /
 []


Underfull \hbox (badness 1028) in paragraph at lines 85--88
[]\T1/cmr/m/it/12 HGLRC BS30A \T1/cmr/m/n/12 [on-line]. [cit. 2019-05-05].  Do-
stup-né z: [][]$\T1/cmtt/m/n/12 https : / / www .
 []


Underfull \hbox (badness 10000) in paragraph at lines 97--101
[]\T1/cmr/m/it/12 MEMS Ac-celerom-e-ter Gy-ro-scope Mag-ne-tome-ter and Ar-duin
o. How
 []


Underfull \hbox (badness 10000) in paragraph at lines 97--101
\T1/cmr/m/it/12 To Mecha-tron-ics \T1/cmr/m/n/12 [on-line]. Copy-right \TS1/cmr
/m/n/12 © \T1/cmr/m/n/12 2019 How-ToMecha-tron-
 []


Underfull \hbox (badness 2556) in paragraph at lines 97--101
\T1/cmr/m/n/12 ics.com. All rights re-served. [cit. 2019-05-05].  Do-stup-né z:
 [][]$\T1/cmtt/m/n/12 https :
 []


Underfull \hbox (badness 10000) in paragraph at lines 97--101
\T1/cmtt/m/n/12 / / howtomechatronics . com / how-[]it-[]works / electrical-[]e
ngineering /
 []

File: pictures/logo2.pdf Graphic file (type pdf)
<use pictures/logo2.pdf>
Package pdftex.def Info: pictures/logo2.pdf  used on input line 125.
(pdftex.def)             Requested size: 19.27116pt x 14.52563pt.
[64]
Underfull \hbox (badness 4518) in paragraph at lines 130--133
[]\T1/cmr/m/it/12 MK3640$\OML/cmm/m/it/12 =$\T1/cmr/m/it/12 34 5mm \T1/cmr/m/n/
12 [on-line]. [cit. 2019-05-05].  Do-stup-né z: [][]$\T1/cmtt/m/n/12 https :
 []


Underfull \hbox (badness 10000) in paragraph at lines 130--133
\T1/cmtt/m/n/12 / / www . mikrocontroller . com / index . php ? main _ page = p
roduct _ info & cPath =
 []


Underfull \hbox (badness 1394) in paragraph at lines 172--176
\T1/cmr/m/n/12 Do-stup-né z: [][]$\T1/cmtt/m/n/12 http : / / 1oomzzme3s617r8yzr
8qutjk-[]wpengine . netdna-[]ssl .
 []


Underfull \hbox (badness 1735) in paragraph at lines 178--181
\T1/cmr/m/n/12 né z: [][]$\T1/cmtt/m/n/12 https : / / cs . wikipedia . org / wi
ki / Pulzn % C4 % 9B _ %C5 % A1 % C3 % AD % C5 %
 []

File: pictures/logo2.pdf Graphic file (type pdf)
<use pictures/logo2.pdf>
Package pdftex.def Info: pictures/logo2.pdf  used on input line 182.
(pdftex.def)             Requested size: 19.27116pt x 14.52563pt.
[65]
Underfull \hbox (badness 5245) in paragraph at lines 183--186
[]\T1/cmr/m/it/12 Picture of ro-ta-tion an-gles \T1/cmr/m/n/12 [on-line]. [cit.
 2019-05-05].  Do-stup-né z:
 []


Underfull \hbox (badness 10000) in paragraph at lines 183--186
[][]$\T1/cmtt/m/n/12 https : / / devusa . djicdn . com / images / flightControl
ler-[]concepts /
 []

)
File: pictures/logo2.pdf Graphic file (type pdf)
<use pictures/logo2.pdf>
Package pdftex.def Info: pictures/logo2.pdf  used on input line 226.
(pdftex.def)             Requested size: 19.27116pt x 14.52563pt.
 [66]
\openout2 = `prilohy.aux'.

 (prilohy.tex
Underfull \hbox (badness 10000) in paragraph at lines 6--7

 []

)
Underfull \hbox (badness 10000) in paragraph at lines 8--226

 []

File: pictures/logo2.pdf Graphic file (type pdf)
<use pictures/logo2.pdf>
Package pdftex.def Info: pictures/logo2.pdf  used on input line 226.
(pdftex.def)             Requested size: 19.27116pt x 14.52563pt.
[67


]

Package natbib Warning: There were undefined citations.

Package atveryend Info: Empty hook `BeforeClearDocument' on input line 229.
Package atveryend Info: Empty hook `AfterLastShipout' on input line 229.
(david-zahradnik-dp-2019.aux (0-uvod.aux) (2-reserse.aux) (2-teorie.aux)
(3-soucastky.aux) (5-algoritmus.aux) (6-testovani.aux) (7-aplikace.aux)
(8-zaver.aux) (zkratky.aux) (prilohy.aux))
Package atveryend Info: Executing hook `AtVeryEndDocument' on input line 229.
Package atveryend Info: Executing hook `AtEndAfterFileList' on input line 229.
Package rerunfilecheck Info: File `david-zahradnik-dp-2019.out' has not changed
.
(rerunfilecheck)             Checksum: 0A52350448C23140E0948E0945E220B3;6693.


LaTeX Warning: There were multiply-defined labels.

Package atveryend Info: Empty hook `AtVeryVeryEnd' on input line 229.
 ) 
Here is how much of TeX's memory you used:
 14350 strings out of 492946
 211504 string characters out of 3125503
 300873 words of memory out of 3000000
 17670 multiletter control sequences out of 15000+200000
 20766 words of font info for 45 fonts, out of 3000000 for 9000
 1142 hyphenation exceptions out of 8191
 36i,19n,50p,750b,566s stack positions out of 5000i,500n,10000p,200000b,50000s
 <C:\Users\zahrada\AppData\Local\MiKTeX\2.9\fonts/pk/ljfour/jknappen/ec/dpi60
0\ectt1200.pk> <C:\Users\zahrada\AppData\Local\MiKTeX\2.9\fonts/pk/ljfour/jknap
pen/ec/dpi600\ecti1200.pk> <C:\Users\zahrada\AppData\Local\MiKTeX\2.9\fonts/pk/
ljfour/jknappen/ec/dpi600\tcrm1200.pk> <C:\Users\zahrada\AppData\Local\MiKTeX\2
.9\fonts/pk/ljfour/jknappen/ec/dpi600\ecbx1440.pk> <C:\Users\zahrada\AppData\Lo
cal\MiKTeX\2.9\fonts/pk/ljfour/jknappen/ec/dpi600\ecbx1728.pk> <C:\Users\zahrad
a\AppData\Local\MiKTeX\2.9\fonts/pk/ljfour/jknappen/ec/dpi600\ecrm1095.pk> <C:\
Users\zahrada\AppData\Local\MiKTeX\2.9\fonts/pk/ljfour/jknappen/ec/dpi600\ecsl1
000.pk> <C:\Users\zahrada\AppData\Local\MiKTeX\2.9\fonts/pk/ljfour/jknappen/ec/
dpi600\ecrm1000.pk> <C:\Users\zahrada\AppData\Local\MiKTeX\2.9\fonts/pk/ljfour/
jknappen/ec/dpi600\ecrm1200.pk> <C:\Users\zahrada\AppData\Local\MiKTeX\2.9\font
s/pk/ljfour/jknappen/ec/dpi600\ecbx1200.pk> <C:\Users\zahrada\AppData\Local\MiK
TeX\2.9\fonts/pk/ljfour/jknappen/ec/dpi600\ecbx2074.pk> <C:\Users\zahrada\AppDa
ta\Local\MiKTeX\2.9\fonts/pk/ljfour/jknappen/ec/dpi600\ecss1200.pk> <C:\Users\z
ahrada\AppData\Local\MiKTeX\2.9\fonts/pk/ljfour/jknappen/ec/dpi600\ecsx1440.pk>
 <C:\Users\zahrada\AppData\Local\MiKTeX\2.9\fonts/pk/ljfour/jknappen/ec/dpi600\
ecss1440.pk> <C:\Users\zahrada\AppData\Local\MiKTeX\2.9\fonts/pk/ljfour/jknappe
n/ec/dpi600\ecss1728.pk> <C:\Users\zahrada\AppData\Local\MiKTeX\2.9\fonts/pk/lj
four/jknappen/ec/dpi600\ecss2074.pk><C:/Users/zahrada/AppData/Local/Programs/Mi
KTeX 2.9/fonts/type1/public/amsfonts/cm/cmex10.pfb><C:/Users/zahrada/AppData/Lo
cal/Programs/MiKTeX 2.9/fonts/type1/public/amsfonts/cm/cmmi12.pfb><C:/Users/zah
rada/AppData/Local/Programs/MiKTeX 2.9/fonts/type1/public/amsfonts/cm/cmr12.pfb
><C:/Users/zahrada/AppData/Local/Programs/MiKTeX 2.9/fonts/type1/public/amsfont
s/cm/cmr8.pfb><C:/Users/zahrada/AppData/Local/Programs/MiKTeX 2.9/fonts/type1/p
ublic/amsfonts/cm/cmsy10.pfb><C:/Users/zahrada/AppData/Local/Programs/MiKTeX 2.
9/fonts/type1/public/amsfonts/cm/cmsy8.pfb>
Output written on david-zahradnik-dp-2019.pdf (67 pages, 6153934 bytes).
PDF statistics:
 2005 PDF objects out of 2073 (max. 8388607)
 235 named destinations out of 1000 (max. 500000)
 662 words of extra memory for PDF output out of 10000 (max. 10000000)

