\BOOKMARK [0][-]{chapter.4}{\376\377\000\332\000v\000o\000d}{}% 1
\BOOKMARK [0][-]{chapter.5}{\376\377\000R\000e\001\141\000e\000r\001\141\000e}{}% 2
\BOOKMARK [0][-]{chapter.6}{\376\377\000T\000e\000o\000r\000i\000e}{}% 3
\BOOKMARK [0][-]{chapter.10}{\376\377\000K\000o\000m\000p\000o\000n\000e\000n\000t\000y}{}% 4
\BOOKMARK [1][-]{section.11}{\376\377\000K\000o\000s\000t\000r\000a}{chapter.10}% 5
\BOOKMARK [1][-]{section.12}{\376\377\000B\000a\000t\000e\000r\000i\000e}{chapter.10}% 6
\BOOKMARK [2][-]{subsection.13}{\376\377\000P\000a\000r\000a\000m\000e\000t\000r\000y\000\040\000p\000o\000u\001\176\000i\000t\000\351\000\040\000b\000a\000t\000e\000r\000i\000e}{section.12}% 7
\BOOKMARK [2][-]{subsection.14}{\376\377\000R\000a\000d\000y\000\040\000p\000r\000o\000\040\000z\000a\000c\000h\000\341\000z\000e\000n\000\355\000\040\000s\000\040\000L\000i\000P\000o\000\040\000b\000a\000t\000e\000r\000i\000e\000m\000i}{section.12}% 8
\BOOKMARK [1][-]{section.15}{\376\377\000D\000i\000s\000t\000r\000i\000b\000u\001\015\000n\000\355\000\040\000d\000e\000s\000k\000a}{chapter.10}% 9
\BOOKMARK [2][-]{subsection.16}{\376\377\000P\000a\000r\000a\000m\000e\000t\000r\000y\000\040\000d\000i\000s\000t\000r\000i\000b\000u\001\015\000n\000\355\000\040\000d\000e\000s\000k\000y}{section.15}% 10
\BOOKMARK [1][-]{section.18}{\376\377\000V\000r\000t\000u\000l\000e}{chapter.10}% 11
\BOOKMARK [2][-]{subsection.19}{\376\377\000P\000a\000r\000a\000m\000e\000t\000r\000y\000\040\000p\000o\000u\001\176\000i\000t\000\375\000c\000h\000\040\000v\000r\000t\000u\000l\000\355}{section.18}% 12
\BOOKMARK [1][-]{section.20}{\376\377\000B\000e\000z\000k\000a\000r\000t\000\341\001\015\000o\000v\000\351\000\040\000m\000o\000t\000o\000r\000y}{chapter.10}% 13
\BOOKMARK [2][-]{subsection.21}{\376\377\000P\000a\000r\000a\000m\000e\000t\000r\000y\000\040\000p\000o\000u\001\176\000i\000t\000\375\000c\000h\000\040\000m\000o\000t\000o\000r\001\157}{section.20}% 14
\BOOKMARK [1][-]{section.22}{\376\377\000R\000e\000g\000u\000l\000\341\000t\000o\000r\000y\000\040\000o\000t\000\341\001\015\000e\000k}{chapter.10}% 15
\BOOKMARK [2][-]{subsection.23}{\376\377\000P\000a\000r\000a\000m\000e\000t\000r\000y\000\040\000p\000o\000u\001\176\000i\000t\000\375\000c\000h\000\040\000r\000e\000g\000u\000l\000\341\000t\000o\000r\001\157\000\040\000o\000t\000\341\001\015\000e\000k}{section.22}% 16
\BOOKMARK [1][-]{section.26}{\376\377\000I\000M\000U}{chapter.10}% 17
\BOOKMARK [2][-]{subsection.27}{\376\377\000A\000k\000c\000e\000l\000e\000r\000o\000m\000e\000t\000r}{section.26}% 18
\BOOKMARK [2][-]{subsection.28}{\376\377\000G\000y\000r\000o\000s\000k\000o\000p}{section.26}% 19
\BOOKMARK [2][-]{subsection.29}{\376\377\000M\000a\000g\000n\000e\000t\000o\000m\000e\000t\000r}{section.26}% 20
\BOOKMARK [2][-]{subsection.30}{\376\377\000P\000a\000r\000a\000m\000e\000t\000r\000y\000\040\000p\000o\000u\001\176\000i\000t\000\351\000\040\000I\000M\000U\000\040\000j\000e\000d\000n\000o\000t\000k\000y}{section.26}% 21
\BOOKMARK [1][-]{section.32}{\376\377\000K\000o\000m\000u\000n\000i\000k\000a\001\015\000n\000\355\000\040\000z\000a\001\131\000\355\000z\000e\000n\000\355}{chapter.10}% 22
\BOOKMARK [2][-]{subsection.33}{\376\377\000R\000a\000d\000i\000o}{section.32}% 23
\BOOKMARK [2][-]{subsection.34}{\376\377\000P\000a\000r\000a\000m\000e\000t\000r\000y\000\040\000p\000o\000u\001\176\000i\000t\000\351\000h\000o\000\040\000R\000a\000d\000i\000o\000v\000\351\000h\000o\000\040\000z\000a\001\131\000\355\000z\000e\000n\000\355}{section.32}% 24
\BOOKMARK [2][-]{subsection.36}{\376\377\000B\000l\000u\000e\000t\000o\000o\000t\000h}{section.32}% 25
\BOOKMARK [2][-]{subsection.37}{\376\377\000P\000a\000r\000a\000m\000e\000t\000r\000y\000\040\000p\000o\000u\001\176\000i\000t\000\351\000h\000o\000\040\000B\000l\000u\000e\000t\000o\000o\000t\000h\000\040\000z\000a\001\131\000\355\000z\000e\000n\000\355}{section.32}% 26
\BOOKMARK [1][-]{section.39}{\376\377\001\130\000\355\000d\000\355\000c\000\355\000\040\000j\000e\000d\000n\000o\000t\000k\000a}{chapter.10}% 27
\BOOKMARK [2][-]{subsection.40}{\376\377\000A\000r\000d\000u\000i\000n\000o}{section.39}% 28
\BOOKMARK [1][-]{section.42}{\376\377\000G\000N\000S\000S}{chapter.10}% 29
\BOOKMARK [1][-]{section.43}{\376\377\000V\000\375\001\141\000k\000o\000m\001\033\000r}{chapter.10}% 30
\BOOKMARK [2][-]{subsection.44}{\376\377\000B\000a\000r\000o\000m\000e\000t\000r}{section.43}% 31
\BOOKMARK [2][-]{subsection.45}{\376\377\000P\000o\000u\001\176\000i\000t\000\375\000\040\000b\000a\000r\000o\000m\000e\000t\000r}{section.43}% 32
\BOOKMARK [1][-]{section.47}{\376\377\000S\000e\000n\000z\000o\000r\000\040\000p\001\131\000e\000k\000\341\001\176\000e\000k\000/\000v\000z\000d\000\341\000l\000e\000n\000o\000s\000t\000\355}{chapter.10}% 33
\BOOKMARK [2][-]{subsection.48}{\376\377\000P\000o\000u\001\176\000\355\000t\000y\000\040\000l\000a\000s\000e\000r\000o\000v\000\375\000\040\000m\000o\000d\000u\000l}{section.47}% 34
\BOOKMARK [1][-]{section.50}{\376\377\000K\000a\000m\000e\000r\000a}{chapter.10}% 35
\BOOKMARK [2][-]{subsection.51}{\376\377\000P\000o\000u\001\176\000\355\000t\000\341\000\040\000k\000a\000m\000e\000r\000a}{section.50}% 36
\BOOKMARK [0][-]{chapter.52}{\376\377\000O\000v\000l\000\341\000d\000\341\000n\000\355\000\040\000j\000e\000d\000n\000o\000t\000l\000i\000v\000\375\000c\000h\000\040\000e\000l\000e\000k\000t\000r\000o\000n\000i\000c\000k\000\375\000c\000h\000\040\001\015\000\341\000s\000t\000\355}{}% 37
\BOOKMARK [1][-]{section.53}{\376\377\000P\000W\000M}{chapter.52}% 38
\BOOKMARK [1][-]{section.55}{\376\377\000K\000a\000l\000i\000b\000r\000a\000c\000e\000\040\000r\000e\000g\000u\000l\000\341\000t\000o\000r\001\157\000\040\000o\000t\000\341\001\015\000e\000k}{chapter.52}% 39
\BOOKMARK [1][-]{section.57}{\376\377\000F\000i\000l\000t\000r\000a\000c\000e\000\040\000d\000a\000t\000\040\000I\000M\000U}{chapter.52}% 40
\BOOKMARK [2][-]{subsection.58}{\376\377\000K\000o\000m\000p\000l\000e\000m\000e\000n\000t\000\341\000r\000n\000\355\000\040\000f\000i\000l\000t\000r}{section.57}% 41
\BOOKMARK [2][-]{subsection.59}{\376\377\000K\000a\000l\000m\000a\000n\001\157\000v\000\040\000f\000i\000l\000t\000r}{section.57}% 42
\BOOKMARK [2][-]{subsection.60}{\376\377\000M\000a\000h\000o\000n\000y\000h\000o\000\040\000f\000i\000l\000t\000r}{section.57}% 43
\BOOKMARK [1][-]{section.61}{\376\377\000P\000I\000D\000\040\000r\000e\000g\000u\000l\000\341\000t\000o\000r\000\040\000p\000r\000o\000\040\000s\000y\000n\000c\000h\000o\000r\000n\000i\000z\000a\000c\000i\000\040\000m\000o\000t\000o\000r\001\157}{chapter.52}% 44
\BOOKMARK [1][-]{section.64}{\376\377\000L\000\351\000t\000a\000j\000\355\000c\000\355\000\040\000k\000o\000n\000t\000r\000o\000l\000\351\000r}{chapter.52}% 45
\BOOKMARK [1][-]{section.67}{\376\377\000P\001\131\000e\000k\000\341\001\176\000k\000o\000v\000\375\000\040\000k\000o\000n\000t\000r\000o\000l\000\351\000r}{chapter.52}% 46
\BOOKMARK [1][-]{section.71}{\376\377\000N\000a\000v\000i\000g\000a\001\015\000n\000\355\000\040\000k\000o\000n\000t\000r\000o\000l\000\351\000r}{chapter.52}% 47
\BOOKMARK [0][-]{chapter.74}{\376\377\000T\000e\000s\000t\000o\000v\000\341\000n\000\355}{}% 48
\BOOKMARK [1][-]{section.75}{\376\377\000I\000M\000U\000\040\000f\000i\000l\000t\000r\000y}{chapter.74}% 49
\BOOKMARK [1][-]{section.78}{\376\377\000L\000\351\000t\000a\000j\000\355\000c\000\355\000\040\000k\000o\000n\000t\000r\000o\000l\000\351\000r}{chapter.74}% 50
\BOOKMARK [0][-]{chapter.80}{\376\377\000O\000v\000l\000\341\000d\000\341\000n\000\355}{}% 51
\BOOKMARK [1][-]{section.81}{\376\377\000H\000l\000a\000v\000n\000\355\000\040\000o\000b\000r\000a\000z\000o\000v\000k\000a}{chapter.80}% 52
\BOOKMARK [1][-]{section.83}{\376\377\000M\000a\000n\000u\000\341\000l\000n\000\355\000\040\000o\000v\000l\000\341\000d\000\341\000n\000\355}{chapter.80}% 53
\BOOKMARK [1][-]{section.86}{\376\377\000A\000u\000t\000o\000n\000o\000m\000n\000\355\000\040\000o\000v\000l\000\341\000d\000\341\000n\000\355}{chapter.80}% 54
\BOOKMARK [0][-]{section*.88}{\376\377\000S\000e\000z\000n\000a\000m\000\040\000z\000k\000r\000a\000t\000e\000k}{}% 55
\BOOKMARK [0][-]{section*.89}{\376\377\000L\000i\000t\000e\000r\000a\000t\000u\000r\000a}{}% 56
\BOOKMARK [0][-]{chapter.90}{\376\377\000D\000o\000k\000u\000m\000e\000n\000t\000a\000c\000e}{}% 57
\BOOKMARK [1][-]{section.91}{\376\377\000F\000l\000y\000i\000n\000g\000\040\000C\000o\000n\000t\000r\000o\000l}{chapter.90}% 58
\BOOKMARK [1][-]{section.92}{\376\377\000O\000b\000s\000t\000a\000c\000l\000e\000\040\000C\000o\000n\000t\000r\000o\000l}{chapter.90}% 59
\BOOKMARK [1][-]{section.93}{\376\377\000N\000a\000v\000i\000\040\000C\000o\000n\000t\000r\000o\000l}{chapter.90}% 60
