This is pdfTeX, Version 3.14159265-2.6-1.40.20 (MiKTeX 2.9.7000 64-bit) (preloaded format=pdflatex 2019.4.7)  7 MAY 2019 15:01
entering extended mode
**./david-zahradnik-dp-2019.tex
(david-zahradnik-dp-2019.tex
LaTeX2e <2018-12-01>
("C:\Users\zahrada\AppData\Local\Programs\MiKTeX 2.9\tex/latex/base\report.cls"
Document Class: report 2018/09/03 v1.4i Standard LaTeX document class
("C:\Users\zahrada\AppData\Local\Programs\MiKTeX 2.9\tex/latex/base\size12.clo"
File: size12.clo 2018/09/03 v1.4i Standard LaTeX file (size option)
)
\c@part=\count80
\c@chapter=\count81
\c@section=\count82
\c@subsection=\count83
\c@subsubsection=\count84
\c@paragraph=\count85
\c@subparagraph=\count86
\c@figure=\count87
\c@table=\count88
\abovecaptionskip=\skip41
\belowcaptionskip=\skip42
\bibindent=\dimen102
)
("C:\Users\zahrada\AppData\Local\Programs\MiKTeX 2.9\tex/generic/babel\babel.st
y"
Package: babel 2019/04/03 3.29 The Babel package

("C:\Users\zahrada\AppData\Local\Programs\MiKTeX 2.9\tex/generic/babel\switch.d
ef"
File: switch.def 2019/04/03 3.29 Babel switching mechanism
)
*************************************
* Local config file bblopts.cfg used
*

("C:\Users\zahrada\AppData\Local\Programs\MiKTeX 2.9\tex/latex/arabi\bblopts.cf
g"
File: bblopts.cfg 2005/09/08 v0.1 add Arabic and Farsi to "declared" options of
 babel
)
("C:\Users\zahrada\AppData\Local\Programs\MiKTeX 2.9\tex/latex/babel-czech\czec
h.ldf"
Language: czech 2008/07/06 v3.1a Czech support from the babel system

("C:\Users\zahrada\AppData\Local\Programs\MiKTeX 2.9\tex/generic/babel\babel.de
f"
File: babel.def 2019/04/03 3.29 Babel common definitions
\babel@savecnt=\count89
\U@D=\dimen103

("C:\Users\zahrada\AppData\Local\Programs\MiKTeX 2.9\tex/generic/babel\txtbabel
.def")
\bbl@dirlevel=\count90
)
Package babel Info: Making " an active character on input line 172.
\cs@wordlen=\count91
Package babel Info: Making - an active character on input line 226.
)
("C:\Users\zahrada\AppData\Local\Programs\MiKTeX 2.9\tex/latex/babel-english\en
glish.ldf"
Language: english 2017/06/06 v3.3r English support from the babel system
\l@canadian = a dialect from \language\l@american 
\l@australian = a dialect from \language\l@british 
\l@newzealand = a dialect from \language\l@british 
))
("C:\Users\zahrada\AppData\Local\Programs\MiKTeX 2.9\tex/latex/base\inputenc.st
y"
Package: inputenc 2018/08/11 v1.3c Input encoding file
\inpenc@prehook=\toks14
\inpenc@posthook=\toks15
)
("C:\Users\zahrada\AppData\Local\Programs\MiKTeX 2.9\tex/latex/natbib\natbib.st
y"
Package: natbib 2010/09/13 8.31b (PWD, AO)
\bibhang=\skip43
\bibsep=\skip44
LaTeX Info: Redefining \cite on input line 694.
\c@NAT@ctr=\count92
)
("C:\Users\zahrada\AppData\Local\Programs\MiKTeX 2.9\tex/latex/caption\caption.
sty"
Package: caption 2018/10/06 v3.3-154 Customizing captions (AR)

("C:\Users\zahrada\AppData\Local\Programs\MiKTeX 2.9\tex/latex/caption\caption3
.sty"
Package: caption3 2018/09/12 v1.8c caption3 kernel (AR)
Package caption3 Info: TeX engine: e-TeX on input line 64.

("C:\Users\zahrada\AppData\Local\Programs\MiKTeX 2.9\tex/latex/graphics\keyval.
sty"
Package: keyval 2014/10/28 v1.15 key=value parser (DPC)
\KV@toks@=\toks16
)
\captionmargin=\dimen104
\captionmargin@=\dimen105
\captionwidth=\dimen106
\caption@tempdima=\dimen107
\caption@indent=\dimen108
\caption@parindent=\dimen109
\caption@hangindent=\dimen110
)
\c@caption@flags=\count93
\c@ContinuedFloat=\count94
)
("C:\Users\zahrada\AppData\Local\Programs\MiKTeX 2.9\tex/latex/caption\subcapti
on.sty"
Package: subcaption 2018/05/01 v1.1-162 Sub-captions (AR)
\c@subfigure=\count95
\c@subtable=\count96
)
("C:\Users\zahrada\AppData\Local\Programs\MiKTeX 2.9\tex/latex/enumitem\enumite
m.sty"
Package: enumitem 2019/02/04 v3.8 Customized lists
\labelindent=\skip45
\enit@outerparindent=\dimen111
\enit@toks=\toks17
\enit@inbox=\box27
\enit@count@id=\count97
\enitdp@description=\count98
)
("C:\Users\zahrada\AppData\Local\Programs\MiKTeX 2.9\tex/latex/graphics\graphic
x.sty"
Package: graphicx 2017/06/01 v1.1a Enhanced LaTeX Graphics (DPC,SPQR)

("C:\Users\zahrada\AppData\Local\Programs\MiKTeX 2.9\tex/latex/graphics\graphic
s.sty"
Package: graphics 2017/06/25 v1.2c Standard LaTeX Graphics (DPC,SPQR)

("C:\Users\zahrada\AppData\Local\Programs\MiKTeX 2.9\tex/latex/graphics\trig.st
y"
Package: trig 2016/01/03 v1.10 sin cos tan (DPC)
)
("C:\Users\zahrada\AppData\Local\Programs\MiKTeX 2.9\tex/latex/graphics-cfg\gra
phics.cfg"
File: graphics.cfg 2016/06/04 v1.11 sample graphics configuration
)
Package graphics Info: Driver file: pdftex.def on input line 99.

("C:\Users\zahrada\AppData\Local\Programs\MiKTeX 2.9\tex/latex/graphics-def\pdf
tex.def"
File: pdftex.def 2018/01/08 v1.0l Graphics/color driver for pdftex
))
\Gin@req@height=\dimen112
\Gin@req@width=\dimen113
)
("C:\Users\zahrada\AppData\Local\Programs\MiKTeX 2.9\tex/latex/graphics\color.s
ty"
Package: color 2016/07/10 v1.1e Standard LaTeX Color (DPC)

("C:\Users\zahrada\AppData\Local\Programs\MiKTeX 2.9\tex/latex/graphics-cfg\col
or.cfg"
File: color.cfg 2016/01/02 v1.6 sample color configuration
)
Package color Info: Driver file: pdftex.def on input line 147.
)
("C:\Users\zahrada\AppData\Local\Programs\MiKTeX 2.9\tex/latex/oberdiek\transpa
rent.sty"
Package: transparent 2018/11/18 v1.3 Transparency via pdfTeX's color stack (HO)


("C:\Users\zahrada\AppData\Local\Programs\MiKTeX 2.9\tex/generic/oberdiek\ifpdf
.sty"
Package: ifpdf 2018/09/07 v3.3 Provides the ifpdf switch
)
("C:\Users\zahrada\AppData\Local\Programs\MiKTeX 2.9\tex/latex/oberdiek\auxhook
.sty"
Package: auxhook 2016/05/16 v1.4 Hooks for auxiliary files (HO)
))
("C:\Users\zahrada\AppData\Local\Programs\MiKTeX 2.9\tex/latex/wrapfig\wrapfig.
sty"
\wrapoverhang=\dimen114
\WF@size=\dimen115
\c@WF@wrappedlines=\count99
\WF@box=\box28
\WF@everypar=\toks18
Package: wrapfig 2003/01/31  v 3.6
)
("C:\Users\zahrada\AppData\Local\Programs\MiKTeX 2.9\tex/latex/float\float.sty"
Package: float 2001/11/08 v1.3d Float enhancements (AL)
\c@float@type=\count100
\float@exts=\toks19
\float@box=\box29
\@float@everytoks=\toks20
\@floatcapt=\box30
) ("C:\Users\zahrada\AppData\Local\Programs\MiKTeX 2.9\tex/latex/cmap\cmap.sty"
Package: cmap 2008/03/06 v1.0h CMap support: searchable PDF
)
("C:\Users\zahrada\AppData\Local\Programs\MiKTeX 2.9\tex/latex/base\fontenc.sty
"
Package: fontenc 2018/08/11 v2.0j Standard LaTeX package
 ("C:\Users\zahrada\AppData\Local\Programs\MiKTeX 2.9\tex/latex/base\t1enc.def"
File: t1enc.def 2018/08/11 v2.0j Standard LaTeX file
LaTeX Font Info:    Redeclaring font encoding T1 on input line 48.
)<<t1.cmap>>)
("C:\Users\zahrada\AppData\Local\Programs\MiKTeX 2.9\tex/latex/base\textcomp.st
y"
Package: textcomp 2018/08/11 v2.0j Standard LaTeX package
Package textcomp Info: Sub-encoding information:
(textcomp)               5 = only ISO-Adobe without \textcurrency
(textcomp)               4 = 5 + \texteuro
(textcomp)               3 = 4 + \textohm
(textcomp)               2 = 3 + \textestimated + \textcurrency
(textcomp)               1 = TS1 - \textcircled - \t
(textcomp)               0 = TS1 (full)
(textcomp)             Font families with sub-encoding setting implement
(textcomp)             only a restricted character set as indicated.
(textcomp)             Family '?' is the default used for unknown fonts.
(textcomp)             See the documentation for details.
Package textcomp Info: Setting ? sub-encoding to TS1/1 on input line 79.

("C:\Users\zahrada\AppData\Local\Programs\MiKTeX 2.9\tex/latex/base\ts1enc.def"
File: ts1enc.def 2001/06/05 v3.0e (jk/car/fm) Standard LaTeX file
Now handling font encoding TS1 ...
... processing UTF-8 mapping file for font encoding TS1
("C:\Users\zahrada\AppData\Local\Programs\MiKTeX 2.9\tex/latex/base\ts1enc.dfu"
File: ts1enc.dfu 2018/10/05 v1.2f UTF-8 support for inputenc
   defining Unicode char U+00A2 (decimal 162)
   defining Unicode char U+00A3 (decimal 163)
   defining Unicode char U+00A4 (decimal 164)
   defining Unicode char U+00A5 (decimal 165)
   defining Unicode char U+00A6 (decimal 166)
   defining Unicode char U+00A7 (decimal 167)
   defining Unicode char U+00A8 (decimal 168)
   defining Unicode char U+00A9 (decimal 169)
   defining Unicode char U+00AA (decimal 170)
   defining Unicode char U+00AC (decimal 172)
   defining Unicode char U+00AE (decimal 174)
   defining Unicode char U+00AF (decimal 175)
   defining Unicode char U+00B0 (decimal 176)
   defining Unicode char U+00B1 (decimal 177)
   defining Unicode char U+00B2 (decimal 178)
   defining Unicode char U+00B3 (decimal 179)
   defining Unicode char U+00B4 (decimal 180)
   defining Unicode char U+00B5 (decimal 181)
   defining Unicode char U+00B6 (decimal 182)
   defining Unicode char U+00B7 (decimal 183)
   defining Unicode char U+00B9 (decimal 185)
   defining Unicode char U+00BA (decimal 186)
   defining Unicode char U+00BC (decimal 188)
   defining Unicode char U+00BD (decimal 189)
   defining Unicode char U+00BE (decimal 190)
   defining Unicode char U+00D7 (decimal 215)
   defining Unicode char U+00F7 (decimal 247)
   defining Unicode char U+0192 (decimal 402)
   defining Unicode char U+02C7 (decimal 711)
   defining Unicode char U+02D8 (decimal 728)
   defining Unicode char U+02DD (decimal 733)
   defining Unicode char U+0E3F (decimal 3647)
   defining Unicode char U+2016 (decimal 8214)
   defining Unicode char U+2020 (decimal 8224)
   defining Unicode char U+2021 (decimal 8225)
   defining Unicode char U+2022 (decimal 8226)
   defining Unicode char U+2030 (decimal 8240)
   defining Unicode char U+2031 (decimal 8241)
   defining Unicode char U+203B (decimal 8251)
   defining Unicode char U+203D (decimal 8253)
   defining Unicode char U+2044 (decimal 8260)
   defining Unicode char U+204E (decimal 8270)
   defining Unicode char U+2052 (decimal 8274)
   defining Unicode char U+20A1 (decimal 8353)
   defining Unicode char U+20A4 (decimal 8356)
   defining Unicode char U+20A6 (decimal 8358)
   defining Unicode char U+20A9 (decimal 8361)
   defining Unicode char U+20AB (decimal 8363)
   defining Unicode char U+20AC (decimal 8364)
   defining Unicode char U+20B1 (decimal 8369)
   defining Unicode char U+2103 (decimal 8451)
   defining Unicode char U+2116 (decimal 8470)
   defining Unicode char U+2117 (decimal 8471)
   defining Unicode char U+211E (decimal 8478)
   defining Unicode char U+2120 (decimal 8480)
   defining Unicode char U+2122 (decimal 8482)
   defining Unicode char U+2126 (decimal 8486)
   defining Unicode char U+2127 (decimal 8487)
   defining Unicode char U+212E (decimal 8494)
   defining Unicode char U+2190 (decimal 8592)
   defining Unicode char U+2191 (decimal 8593)
   defining Unicode char U+2192 (decimal 8594)
   defining Unicode char U+2193 (decimal 8595)
   defining Unicode char U+2329 (decimal 9001)
   defining Unicode char U+232A (decimal 9002)
   defining Unicode char U+2422 (decimal 9250)
   defining Unicode char U+25E6 (decimal 9702)
   defining Unicode char U+25EF (decimal 9711)
   defining Unicode char U+266A (decimal 9834)
   defining Unicode char U+FEFF (decimal 65279)
))
LaTeX Info: Redefining \oldstylenums on input line 334.
Package textcomp Info: Setting cmr sub-encoding to TS1/0 on input line 349.
Package textcomp Info: Setting cmss sub-encoding to TS1/0 on input line 350.
Package textcomp Info: Setting cmtt sub-encoding to TS1/0 on input line 351.
Package textcomp Info: Setting cmvtt sub-encoding to TS1/0 on input line 352.
Package textcomp Info: Setting cmbr sub-encoding to TS1/0 on input line 353.
Package textcomp Info: Setting cmtl sub-encoding to TS1/0 on input line 354.
Package textcomp Info: Setting ccr sub-encoding to TS1/0 on input line 355.
Package textcomp Info: Setting ptm sub-encoding to TS1/4 on input line 356.
Package textcomp Info: Setting pcr sub-encoding to TS1/4 on input line 357.
Package textcomp Info: Setting phv sub-encoding to TS1/4 on input line 358.
Package textcomp Info: Setting ppl sub-encoding to TS1/3 on input line 359.
Package textcomp Info: Setting pag sub-encoding to TS1/4 on input line 360.
Package textcomp Info: Setting pbk sub-encoding to TS1/4 on input line 361.
Package textcomp Info: Setting pnc sub-encoding to TS1/4 on input line 362.
Package textcomp Info: Setting pzc sub-encoding to TS1/4 on input line 363.
Package textcomp Info: Setting bch sub-encoding to TS1/4 on input line 364.
Package textcomp Info: Setting put sub-encoding to TS1/5 on input line 365.
Package textcomp Info: Setting uag sub-encoding to TS1/5 on input line 366.
Package textcomp Info: Setting ugq sub-encoding to TS1/5 on input line 367.
Package textcomp Info: Setting ul8 sub-encoding to TS1/4 on input line 368.
Package textcomp Info: Setting ul9 sub-encoding to TS1/4 on input line 369.
Package textcomp Info: Setting augie sub-encoding to TS1/5 on input line 370.
Package textcomp Info: Setting dayrom sub-encoding to TS1/3 on input line 371.
Package textcomp Info: Setting dayroms sub-encoding to TS1/3 on input line 372.

Package textcomp Info: Setting pxr sub-encoding to TS1/0 on input line 373.
Package textcomp Info: Setting pxss sub-encoding to TS1/0 on input line 374.
Package textcomp Info: Setting pxtt sub-encoding to TS1/0 on input line 375.
Package textcomp Info: Setting txr sub-encoding to TS1/0 on input line 376.
Package textcomp Info: Setting txss sub-encoding to TS1/0 on input line 377.
Package textcomp Info: Setting txtt sub-encoding to TS1/0 on input line 378.
Package textcomp Info: Setting lmr sub-encoding to TS1/0 on input line 379.
Package textcomp Info: Setting lmdh sub-encoding to TS1/0 on input line 380.
Package textcomp Info: Setting lmss sub-encoding to TS1/0 on input line 381.
Package textcomp Info: Setting lmssq sub-encoding to TS1/0 on input line 382.
Package textcomp Info: Setting lmvtt sub-encoding to TS1/0 on input line 383.
Package textcomp Info: Setting lmtt sub-encoding to TS1/0 on input line 384.
Package textcomp Info: Setting qhv sub-encoding to TS1/0 on input line 385.
Package textcomp Info: Setting qag sub-encoding to TS1/0 on input line 386.
Package textcomp Info: Setting qbk sub-encoding to TS1/0 on input line 387.
Package textcomp Info: Setting qcr sub-encoding to TS1/0 on input line 388.
Package textcomp Info: Setting qcs sub-encoding to TS1/0 on input line 389.
Package textcomp Info: Setting qpl sub-encoding to TS1/0 on input line 390.
Package textcomp Info: Setting qtm sub-encoding to TS1/0 on input line 391.
Package textcomp Info: Setting qzc sub-encoding to TS1/0 on input line 392.
Package textcomp Info: Setting qhvc sub-encoding to TS1/0 on input line 393.
Package textcomp Info: Setting futs sub-encoding to TS1/4 on input line 394.
Package textcomp Info: Setting futx sub-encoding to TS1/4 on input line 395.
Package textcomp Info: Setting futj sub-encoding to TS1/4 on input line 396.
Package textcomp Info: Setting hlh sub-encoding to TS1/3 on input line 397.
Package textcomp Info: Setting hls sub-encoding to TS1/3 on input line 398.
Package textcomp Info: Setting hlst sub-encoding to TS1/3 on input line 399.
Package textcomp Info: Setting hlct sub-encoding to TS1/5 on input line 400.
Package textcomp Info: Setting hlx sub-encoding to TS1/5 on input line 401.
Package textcomp Info: Setting hlce sub-encoding to TS1/5 on input line 402.
Package textcomp Info: Setting hlcn sub-encoding to TS1/5 on input line 403.
Package textcomp Info: Setting hlcw sub-encoding to TS1/5 on input line 404.
Package textcomp Info: Setting hlcf sub-encoding to TS1/5 on input line 405.
Package textcomp Info: Setting pplx sub-encoding to TS1/3 on input line 406.
Package textcomp Info: Setting pplj sub-encoding to TS1/3 on input line 407.
Package textcomp Info: Setting ptmx sub-encoding to TS1/4 on input line 408.
Package textcomp Info: Setting ptmj sub-encoding to TS1/4 on input line 409.
)
("C:\Users\zahrada\AppData\Local\Programs\MiKTeX 2.9\tex/latex/titlesec\titlese
c.sty"
Package: titlesec 2016/03/21 v2.10.2 Sectioning titles
\ttl@box=\box31
\beforetitleunit=\skip46
\aftertitleunit=\skip47
\ttl@plus=\dimen116
\ttl@minus=\dimen117
\ttl@toksa=\toks21
\titlewidth=\dimen118
\titlewidthlast=\dimen119
\titlewidthfirst=\dimen120
)
("C:\Users\zahrada\AppData\Local\Programs\MiKTeX 2.9\tex/latex/amsmath\amsmath.
sty"
Package: amsmath 2018/12/01 v2.17b AMS math features
\@mathmargin=\skip48

For additional information on amsmath, use the `?' option.

("C:\Users\zahrada\AppData\Local\Programs\MiKTeX 2.9\tex/latex/amsmath\amstext.
sty"
Package: amstext 2000/06/29 v2.01 AMS text

("C:\Users\zahrada\AppData\Local\Programs\MiKTeX 2.9\tex/latex/amsmath\amsgen.s
ty"
File: amsgen.sty 1999/11/30 v2.0 generic functions
\@emptytoks=\toks22
\ex@=\dimen121
))
("C:\Users\zahrada\AppData\Local\Programs\MiKTeX 2.9\tex/latex/amsmath\amsbsy.s
ty"
Package: amsbsy 1999/11/29 v1.2d Bold Symbols
\pmbraise@=\dimen122
)
("C:\Users\zahrada\AppData\Local\Programs\MiKTeX 2.9\tex/latex/amsmath\amsopn.s
ty"
Package: amsopn 2016/03/08 v2.02 operator names
)
\inf@bad=\count101
LaTeX Info: Redefining \frac on input line 223.
\uproot@=\count102
\leftroot@=\count103
LaTeX Info: Redefining \overline on input line 385.
\classnum@=\count104
\DOTSCASE@=\count105
LaTeX Info: Redefining \ldots on input line 482.
LaTeX Info: Redefining \dots on input line 485.
LaTeX Info: Redefining \cdots on input line 606.
\Mathstrutbox@=\box32
\strutbox@=\box33
\big@size=\dimen123
LaTeX Font Info:    Redeclaring font encoding OML on input line 729.
LaTeX Font Info:    Redeclaring font encoding OMS on input line 730.
\macc@depth=\count106
\c@MaxMatrixCols=\count107
\dotsspace@=\muskip10
\c@parentequation=\count108
\dspbrk@lvl=\count109
\tag@help=\toks23
\row@=\count110
\column@=\count111
\maxfields@=\count112
\andhelp@=\toks24
\eqnshift@=\dimen124
\alignsep@=\dimen125
\tagshift@=\dimen126
\tagwidth@=\dimen127
\totwidth@=\dimen128
\lineht@=\dimen129
\@envbody=\toks25
\multlinegap=\skip49
\multlinetaggap=\skip50
\mathdisplay@stack=\toks26
LaTeX Info: Redefining \[ on input line 2844.
LaTeX Info: Redefining \] on input line 2845.
)
("C:\Users\zahrada\AppData\Local\Programs\MiKTeX 2.9\tex/latex/chngcntr\chngcnt
r.sty"
Package: chngcntr 2018/04/09 v1.1a change counter resetting
Package chngcntr Info: \counterwithout already defined.
(chngcntr)             Quitting chngcntr on input line 21.
)
("C:\Users\zahrada\AppData\Local\Programs\MiKTeX 2.9\tex/latex/acronym\acronym.
sty"
Package: acronym 2015/03/21 v1.41 Support for acronyms (Tobias Oetiker)

("C:\Users\zahrada\AppData\Local\Programs\MiKTeX 2.9\tex/latex/bigfoot\suffix.s
ty"
Package: suffix 2006/07/15 1.5a Variant command support
)
("C:\Users\zahrada\AppData\Local\Programs\MiKTeX 2.9\tex/latex/xstring\xstring.
sty"
("C:\Users\zahrada\AppData\Local\Programs\MiKTeX 2.9\tex/generic/xstring\xstrin
g.tex"
\integerpart=\count113
\decimalpart=\count114
)
Package: xstring 2019/02/06 v1.83 String manipulations (CT)
)
\AC@clearlist=\toks27
)
("C:\Users\zahrada\AppData\Local\Programs\MiKTeX 2.9\tex/latex/hyperref\hyperre
f.sty"
Package: hyperref 2018/11/30 v6.88e Hypertext links for LaTeX

("C:\Users\zahrada\AppData\Local\Programs\MiKTeX 2.9\tex/generic/oberdiek\hobsu
b-hyperref.sty"
Package: hobsub-hyperref 2016/05/16 v1.14 Bundle oberdiek, subset hyperref (HO)


("C:\Users\zahrada\AppData\Local\Programs\MiKTeX 2.9\tex/generic/oberdiek\hobsu
b-generic.sty"
Package: hobsub-generic 2016/05/16 v1.14 Bundle oberdiek, subset generic (HO)
Package: hobsub 2016/05/16 v1.14 Construct package bundles (HO)
Package: infwarerr 2016/05/16 v1.4 Providing info/warning/error messages (HO)
Package: ltxcmds 2016/05/16 v1.23 LaTeX kernel commands for general use (HO)
Package: ifluatex 2016/05/16 v1.4 Provides the ifluatex switch (HO)
Package ifluatex Info: LuaTeX not detected.
Package: ifvtex 2016/05/16 v1.6 Detect VTeX and its facilities (HO)
Package ifvtex Info: VTeX not detected.
Package: intcalc 2016/05/16 v1.2 Expandable calculations with integers (HO)
Package hobsub Info: Skipping package `ifpdf' (already loaded).
Package: etexcmds 2016/05/16 v1.6 Avoid name clashes with e-TeX commands (HO)
Package: kvsetkeys 2016/05/16 v1.17 Key value parser (HO)
Package: kvdefinekeys 2016/05/16 v1.4 Define keys (HO)
Package: pdftexcmds 2018/09/10 v0.29 Utility functions of pdfTeX for LuaTeX (HO
)
Package pdftexcmds Info: LuaTeX not detected.
Package pdftexcmds Info: \pdf@primitive is available.
Package pdftexcmds Info: \pdf@ifprimitive is available.
Package pdftexcmds Info: \pdfdraftmode found.
Package: pdfescape 2016/05/16 v1.14 Implements pdfTeX's escape features (HO)
Package: bigintcalc 2016/05/16 v1.4 Expandable calculations on big integers (HO
)
Package: bitset 2016/05/16 v1.2 Handle bit-vector datatype (HO)
Package: uniquecounter 2016/05/16 v1.3 Provide unlimited unique counter (HO)
)
Package hobsub Info: Skipping package `hobsub' (already loaded).
Package: letltxmacro 2016/05/16 v1.5 Let assignment for LaTeX macros (HO)
Package: hopatch 2016/05/16 v1.3 Wrapper for package hooks (HO)
Package: xcolor-patch 2016/05/16 xcolor patch
Package: atveryend 2016/05/16 v1.9 Hooks at the very end of document (HO)
Package atveryend Info: \enddocument detected (standard20110627).
Package: atbegshi 2016/06/09 v1.18 At begin shipout hook (HO)
Package: refcount 2016/05/16 v3.5 Data extraction from label references (HO)
Package: hycolor 2016/05/16 v1.8 Color options for hyperref/bookmark (HO)
)
("C:\Users\zahrada\AppData\Local\Programs\MiKTeX 2.9\tex/generic/ifxetex\ifxete
x.sty"
Package: ifxetex 2010/09/12 v0.6 Provides ifxetex conditional
)
("C:\Users\zahrada\AppData\Local\Programs\MiKTeX 2.9\tex/latex/oberdiek\kvoptio
ns.sty"
Package: kvoptions 2016/05/16 v3.12 Key value format for package options (HO)
)
\@linkdim=\dimen130
\Hy@linkcounter=\count115
\Hy@pagecounter=\count116

("C:\Users\zahrada\AppData\Local\Programs\MiKTeX 2.9\tex/latex/hyperref\pd1enc.
def"
File: pd1enc.def 2018/11/30 v6.88e Hyperref: PDFDocEncoding definition (HO)
Now handling font encoding PD1 ...
... no UTF-8 mapping file for font encoding PD1
)
\Hy@SavedSpaceFactor=\count117

("C:\Users\zahrada\AppData\Local\Programs\MiKTeX 2.9\tex/latex/00miktex\hyperre
f.cfg"
File: hyperref.cfg 2002/06/06 v1.2 hyperref configuration of TeXLive
)
Package hyperref Info: Option `unicode' set `true' on input line 4393.

("C:\Users\zahrada\AppData\Local\Programs\MiKTeX 2.9\tex/latex/hyperref\puenc.d
ef"
File: puenc.def 2018/11/30 v6.88e Hyperref: PDF Unicode definition (HO)
Now handling font encoding PU ...
... no UTF-8 mapping file for font encoding PU
)
Package hyperref Info: Option `breaklinks' set `true' on input line 4393.
Package hyperref Info: Option `hypertexnames' set `false' on input line 4393.
Package hyperref Info: Option `colorlinks' set `true' on input line 4393.
Package hyperref Info: Hyper figures OFF on input line 4519.
Package hyperref Info: Link nesting OFF on input line 4524.
Package hyperref Info: Hyper index ON on input line 4527.
Package hyperref Info: Plain pages OFF on input line 4534.
Package hyperref Info: Backreferencing OFF on input line 4539.
Package hyperref Info: Implicit mode ON; LaTeX internals redefined.
Package hyperref Info: Bookmarks ON on input line 4772.
\c@Hy@tempcnt=\count118
 ("C:\Users\zahrada\AppData\Local\Programs\MiKTeX 2.9\tex/latex/url\url.sty"
\Urlmuskip=\muskip11
Package: url 2013/09/16  ver 3.4  Verb mode for urls, etc.
)
LaTeX Info: Redefining \url on input line 5125.
\XeTeXLinkMargin=\dimen131
\Fld@menulength=\count119
\Field@Width=\dimen132
\Fld@charsize=\dimen133
Package hyperref Info: Hyper figures OFF on input line 6380.
Package hyperref Info: Link nesting OFF on input line 6385.
Package hyperref Info: Hyper index ON on input line 6388.
Package hyperref Info: backreferencing OFF on input line 6395.
Package hyperref Info: Link coloring ON on input line 6398.
Package hyperref Info: Link coloring with OCG OFF on input line 6405.
Package hyperref Info: PDF/A mode OFF on input line 6410.
LaTeX Info: Redefining \ref on input line 6450.
LaTeX Info: Redefining \pageref on input line 6454.
\Hy@abspage=\count120
\c@Item=\count121
\c@Hfootnote=\count122
)
Package hyperref Info: Driver: hpdftex.

("C:\Users\zahrada\AppData\Local\Programs\MiKTeX 2.9\tex/latex/hyperref\hpdftex
.def"
File: hpdftex.def 2018/11/30 v6.88e Hyperref driver for pdfTeX
\Fld@listcount=\count123
\c@bookmark@seq@number=\count124

("C:\Users\zahrada\AppData\Local\Programs\MiKTeX 2.9\tex/latex/oberdiek\rerunfi
lecheck.sty"
Package: rerunfilecheck 2016/05/16 v1.8 Rerun checks for auxiliary files (HO)
Package uniquecounter Info: New unique counter `rerunfilecheck' on input line 2
82.
)
\Hy@SectionHShift=\skip51
)
("C:\Users\zahrada\AppData\Local\Programs\MiKTeX 2.9\tex/latex/fancyhdr\fancyhd
r.sty"
Package: fancyhdr 2019/01/31 v3.10 Extensive control of page headers and footer
s
\f@nch@headwidth=\skip52
\f@nch@O@elh=\skip53
\f@nch@O@erh=\skip54
\f@nch@O@olh=\skip55
\f@nch@O@orh=\skip56
\f@nch@O@elf=\skip57
\f@nch@O@erf=\skip58
\f@nch@O@olf=\skip59
\f@nch@O@orf=\skip60
)
("C:\Users\zahrada\AppData\Local\Programs\MiKTeX 2.9\tex/latex/algorithms\algor
ithm.sty"
Package: algorithm 2009/08/24 v0.1 Document Style `algorithm' - floating enviro
nment

("C:\Users\zahrada\AppData\Local\Programs\MiKTeX 2.9\tex/latex/base\ifthen.sty"
Package: ifthen 2014/09/29 v1.1c Standard LaTeX ifthen package (DPC)
)
\@float@every@algorithm=\toks28
\c@algorithm=\count125
)
("C:\Users\zahrada\AppData\Local\Programs\MiKTeX 2.9\tex/latex/algorithmicx\alg
compatible.sty"
Package: algcompatible 

("C:\Users\zahrada\AppData\Local\Programs\MiKTeX 2.9\tex/latex/algorithmicx\alg
orithmicx.sty"
Package: algorithmicx 2005/04/27 v1.2 Algorithmicx

Document Style algorithmicx 1.2 - a greatly improved `algorithmic' style
\c@ALG@line=\count126
\c@ALG@rem=\count127
\c@ALG@nested=\count128
\ALG@tlm=\skip61
\ALG@thistlm=\skip62
\c@ALG@Lnr=\count129
\c@ALG@blocknr=\count130
\c@ALG@storecount=\count131
\c@ALG@tmpcounter=\count132
\ALG@tmplength=\skip63
)
Document Style - algorithmic compatible environments for the `algorithmicx' sty
le
) (thesiscvut.sty
Package: thesiscvut 2007/05/17 v2.02 LaTeX document class


Styl pro psani studenstkych praci

\thesis@tmp=\skip64
) (david-zahradnik-dp-2019.aux (0-uvod.aux) (1-reserse.aux) (2-teorie.aux)
(3-soucastky.aux) (5-algoritmus.aux) (6-testovani.aux) (7-aplikace.aux)
(8-zaver.aux) (9-dokumentace.aux) (zkratky.aux) (prilohy.aux))
\openout1 = `david-zahradnik-dp-2019.aux'.

LaTeX Font Info:    Checking defaults for OML/cmm/m/it on input line 141.
LaTeX Font Info:    ... okay on input line 141.
LaTeX Font Info:    Checking defaults for T1/cmr/m/n on input line 141.
LaTeX Font Info:    ... okay on input line 141.
LaTeX Font Info:    Checking defaults for OT1/cmr/m/n on input line 141.
LaTeX Font Info:    ... okay on input line 141.
LaTeX Font Info:    Checking defaults for OMS/cmsy/m/n on input line 141.
LaTeX Font Info:    ... okay on input line 141.
LaTeX Font Info:    Checking defaults for OMX/cmex/m/n on input line 141.
LaTeX Font Info:    ... okay on input line 141.
LaTeX Font Info:    Checking defaults for U/cmr/m/n on input line 141.
LaTeX Font Info:    ... okay on input line 141.
LaTeX Font Info:    Checking defaults for TS1/cmr/m/n on input line 141.
LaTeX Font Info:    Try loading font information for TS1+cmr on input line 141.


("C:\Users\zahrada\AppData\Local\Programs\MiKTeX 2.9\tex/latex/base\ts1cmr.fd"
File: ts1cmr.fd 2014/09/29 v2.5h Standard LaTeX font definitions
)
LaTeX Font Info:    ... okay on input line 141.
LaTeX Font Info:    Checking defaults for PD1/pdf/m/n on input line 141.
LaTeX Font Info:    ... okay on input line 141.
LaTeX Font Info:    Checking defaults for PU/pdf/m/n on input line 141.
LaTeX Font Info:    ... okay on input line 141.
Package caption Info: Begin \AtBeginDocument code.
Package caption Info: float package is loaded.
Package caption Info: hyperref package is loaded.
Package caption Info: wrapfig package is loaded.
Package caption Info: End \AtBeginDocument code.

("C:\Users\zahrada\AppData\Local\Programs\MiKTeX 2.9\tex/context/base/mkii\supp
-pdf.mkii"
[Loading MPS to PDF converter (version 2006.09.02).]
\scratchcounter=\count133
\scratchdimen=\dimen134
\scratchbox=\box34
\nofMPsegments=\count134
\nofMParguments=\count135
\everyMPshowfont=\toks29
\MPscratchCnt=\count136
\MPscratchDim=\dimen135
\MPnumerator=\count137
\makeMPintoPDFobject=\count138
\everyMPtoPDFconversion=\toks30
)
("C:\Users\zahrada\AppData\Local\Programs\MiKTeX 2.9\tex/latex/oberdiek\epstopd
f-base.sty"
Package: epstopdf-base 2016/05/15 v2.6 Base part for package epstopdf

("C:\Users\zahrada\AppData\Local\Programs\MiKTeX 2.9\tex/latex/oberdiek\grfext.
sty"
Package: grfext 2016/05/16 v1.2 Manage graphics extensions (HO)
)
Package epstopdf-base Info: Redefining graphics rule for `.eps' on input line 4
38.
Package grfext Info: Graphics extension search list:
(grfext)             [.pdf,.png,.jpg,.mps,.jpeg,.jbig2,.jb2,.PDF,.PNG,.JPG,.JPE
G,.JBIG2,.JB2,.eps]
(grfext)             \AppendGraphicsExtensions on input line 456.
)
\AtBeginShipoutBox=\box35
Package hyperref Info: Link coloring ON on input line 141.

("C:\Users\zahrada\AppData\Local\Programs\MiKTeX 2.9\tex/latex/hyperref\nameref
.sty"
Package: nameref 2016/05/21 v2.44 Cross-referencing by name of section

("C:\Users\zahrada\AppData\Local\Programs\MiKTeX 2.9\tex/generic/oberdiek\getti
tlestring.sty"
Package: gettitlestring 2016/05/16 v1.5 Cleanup title references (HO)
)
\c@section@level=\count139
)
LaTeX Info: Redefining \ref on input line 141.
LaTeX Info: Redefining \pageref on input line 141.
LaTeX Info: Redefining \nameref on input line 141.
 (david-zahradnik-dp-2019.out) (david-zahradnik-dp-2019.out)
\@outlinefile=\write3
\openout3 = `david-zahradnik-dp-2019.out'.

LaTeX Font Info:    Try loading font information for T1+cmss on input line 159.


("C:\Users\zahrada\AppData\Local\Programs\MiKTeX 2.9\tex/latex/base\t1cmss.fd"
File: t1cmss.fd 2014/09/29 v2.5h Standard LaTeX font definitions
)
<pictures/logo.pdf, id=272, 126.78566pt x 96.54268pt>
File: pictures/logo.pdf Graphic file (type pdf)
<use pictures/logo.pdf>
Package pdftex.def Info: pictures/logo.pdf  used on input line 159.
(pdftex.def)             Requested size: 126.78534pt x 96.54243pt.
[1

{C:/Users/zahrada/AppData/Local/MiKTeX/2.9/pdftex/config/pdftex.map} <./picture
s/logo.pdf>]
<./pictures/zadani.pdf, id=283, 597.23125pt x 845.1575pt>
File: ./pictures/zadani.pdf Graphic file (type pdf)
<use ./pictures/zadani.pdf>
Package pdftex.def Info: ./pictures/zadani.pdf  used on input line 166.
(pdftex.def)             Requested size: 418.05902pt x 591.60622pt.
<<ot1.cmap>><<oml.cmap>><<oms.cmap>><<omx.cmap>> [2 <./pictures/zadani.pdf>] [3
] [4

] [5] (david-zahradnik-dp-2019.toc [6


] [7])
\tf@toc=\write4
\openout4 = `david-zahradnik-dp-2019.toc'.

 [8]
(david-zahradnik-dp-2019.lof [9


])
\tf@lof=\write5
\openout5 = `david-zahradnik-dp-2019.lof'.

 [10] (david-zahradnik-dp-2019.lot)
\tf@lot=\write6
\openout6 = `david-zahradnik-dp-2019.lot'.

 [11


]
\openout2 = `0-uvod.aux'.


(0-uvod.tex
Underfull \hbox (badness 10000) in paragraph at lines 5--13

 []

)
<pictures/logo2.pdf, id=489, 642.4pt x 484.209pt>
File: pictures/logo2.pdf Graphic file (type pdf)
<use pictures/logo2.pdf>
Package pdftex.def Info: pictures/logo2.pdf  used on input line 198.
(pdftex.def)             Requested size: 19.27116pt x 14.52563pt.
 [12


 <./pictures/logo2.pdf>]
\openout2 = `1-reserse.aux'.

 (1-reserse.tex
Underfull \hbox (badness 10000) in paragraph at lines 4--5

 []


Underfull \hbox (badness 10000) in paragraph at lines 6--10

 []


Underfull \hbox (badness 10000) in paragraph at lines 11--15

 []


Underfull \hbox (badness 10000) in paragraph at lines 16--20

 []

)
File: pictures/logo2.pdf Graphic file (type pdf)
<use pictures/logo2.pdf>
Package pdftex.def Info: pictures/logo2.pdf  used on input line 199.
(pdftex.def)             Requested size: 19.27116pt x 14.52563pt.
 [13



]
\openout2 = `2-teorie.aux'.

 (2-teorie.tex
<pictures/dronfly.jpg, id=507, 473.77pt x 336.25626pt>
File: pictures/dronfly.jpg Graphic file (type jpg)
<use pictures/dronfly.jpg>
Package pdftex.def Info: pictures/dronfly.jpg  used on input line 10.
(pdftex.def)             Requested size: 142.26378pt x 100.97pt.
<pictures/dronrot.png, id=508, 787.28171pt x 729.61946pt>
File: pictures/dronrot.png Graphic file (type png)
<use pictures/dronrot.png>
Package pdftex.def Info: pictures/dronrot.png  used on input line 21.
(pdftex.def)             Requested size: 227.62204pt x 210.94963pt.
<pictures/rotangle.png, id=509, 505.89pt x 404.51125pt>
File: pictures/rotangle.png Graphic file (type png)
<use pictures/rotangle.png>
Package pdftex.def Info: pictures/rotangle.png  used on input line 28.
(pdftex.def)             Requested size: 227.62204pt x 182.00986pt.
)
File: pictures/logo2.pdf Graphic file (type pdf)
<use pictures/logo2.pdf>
Package pdftex.def Info: pictures/logo2.pdf  used on input line 200.
(pdftex.def)             Requested size: 19.27116pt x 14.52563pt.
 [14



 <./pictures/dronfly.jpg>]
File: pictures/logo2.pdf Graphic file (type pdf)
<use pictures/logo2.pdf>
Package pdftex.def Info: pictures/logo2.pdf  used on input line 200.
(pdftex.def)             Requested size: 19.27116pt x 14.52563pt.
 [15 <./pictures/dronrot.png> <./pictures/rotangle.png>]
\openout2 = `3-soucastky.aux'.

 (3-soucastky.tex
Underfull \hbox (badness 10000) in paragraph at lines 4--7

 []


Underfull \hbox (badness 10000) in paragraph at lines 9--11

 []


Underfull \hbox (badness 10000) in paragraph at lines 14--18

 []

File: pictures/logo2.pdf Graphic file (type pdf)
<use pictures/logo2.pdf>
Package pdftex.def Info: pictures/logo2.pdf  used on input line 20.
(pdftex.def)             Requested size: 19.27116pt x 14.52563pt.
[16



]
Underfull \hbox (badness 10000) in paragraph at lines 25--32

 []


Underfull \hbox (badness 10000) in paragraph at lines 34--39

 []


Underfull \hbox (badness 10000) in paragraph at lines 41--42

 []


Underfull \hbox (badness 10000) in paragraph at lines 44--51

 []

File: pictures/logo2.pdf Graphic file (type pdf)
<use pictures/logo2.pdf>
Package pdftex.def Info: pictures/logo2.pdf  used on input line 51.
(pdftex.def)             Requested size: 19.27116pt x 14.52563pt.
[17]
<pictures/pdb.jpg, id=534, 319.1925pt x 458.71375pt>
File: pictures/pdb.jpg Graphic file (type jpg)
<use pictures/pdb.jpg>
Package pdftex.def Info: pictures/pdb.jpg  used on input line 54.
(pdftex.def)             Requested size: 85.35826pt x 122.66446pt.

Underfull \hbox (badness 10000) in paragraph at lines 62--66

 []


Underfull \hbox (badness 10000) in paragraph at lines 72--75

 []

File: pictures/logo2.pdf Graphic file (type pdf)
<use pictures/logo2.pdf>
Package pdftex.def Info: pictures/logo2.pdf  used on input line 75.
(pdftex.def)             Requested size: 19.27116pt x 14.52563pt.
[18 <./pictures/pdb.jpg>]
Underfull \hbox (badness 10000) in paragraph at lines 81--89

 []


Underfull \hbox (badness 10000) in paragraph at lines 91--92

 []


Underfull \hbox (badness 10000) in paragraph at lines 94--104

 []

File: pictures/logo2.pdf Graphic file (type pdf)
<use pictures/logo2.pdf>
Package pdftex.def Info: pictures/logo2.pdf  used on input line 104.
(pdftex.def)             Requested size: 19.27116pt x 14.52563pt.
[19]
<pictures/esc.jpg, id=544, 181.42781pt x 197.98969pt>
File: pictures/esc.jpg Graphic file (type jpg)
<use pictures/esc.jpg>
Package pdftex.def Info: pictures/esc.jpg  used on input line 107.
(pdftex.def)             Requested size: 113.81102pt x 124.20244pt.
<pictures/motor.pdf, id=545, 1027.84pt x 770.88pt>
File: pictures/motor.pdf Graphic file (type pdf)
<use pictures/motor.pdf>
Package pdftex.def Info: pictures/motor.pdf  used on input line 113.
(pdftex.def)             Requested size: 227.62204pt x 170.71158pt.

Underfull \hbox (badness 10000) in paragraph at lines 118--119

 []


Underfull \hbox (badness 10000) in paragraph at lines 121--122

 []

File: pictures/logo2.pdf Graphic file (type pdf)
<use pictures/logo2.pdf>
Package pdftex.def Info: pictures/logo2.pdf  used on input line 123.
(pdftex.def)             Requested size: 19.27116pt x 14.52563pt.
[20 <./pictures/esc.jpg> <./pictures/motor.pdf>]
Underfull \hbox (badness 10000) in paragraph at lines 124--125

 []


Underfull \hbox (badness 10000) in paragraph at lines 127--128

 []

<pictures/imu.jpg, id=557, 243.91125pt x 398.99063pt>
File: pictures/imu.jpg Graphic file (type jpg)
<use pictures/imu.jpg>
Package pdftex.def Info: pictures/imu.jpg  used on input line 142.
(pdftex.def)             Requested size: 85.35826pt x 139.63054pt.

Underfull \hbox (badness 10000) in paragraph at lines 147--148

 []

File: pictures/logo2.pdf Graphic file (type pdf)
<use pictures/logo2.pdf>
Package pdftex.def Info: pictures/logo2.pdf  used on input line 148.
(pdftex.def)             Requested size: 19.27116pt x 14.52563pt.
[21 <./pictures/imu.jpg>]
Underfull \hbox (badness 10000) in paragraph at lines 149--150

 []


Underfull \hbox (badness 10000) in paragraph at lines 151--156

 []

<pictures/xbee.jpg, id=562, 602.25pt x 602.25pt>
File: pictures/xbee.jpg Graphic file (type jpg)
<use pictures/xbee.jpg>
Package pdftex.def Info: pictures/xbee.jpg  used on input line 161.
(pdftex.def)             Requested size: 142.26378pt x 142.26393pt.

Underfull \hbox (badness 10000) in paragraph at lines 166--167

 []


Underfull \hbox (badness 10000) in paragraph at lines 169--176

 []

File: pictures/logo2.pdf Graphic file (type pdf)
<use pictures/logo2.pdf>
Package pdftex.def Info: pictures/logo2.pdf  used on input line 176.
(pdftex.def)             Requested size: 19.27116pt x 14.52563pt.
[22 <./pictures/xbee.jpg>]
<pictures/blue.jpg, id=567, 396.48125pt x 302.12875pt>
File: pictures/blue.jpg Graphic file (type jpg)
<use pictures/blue.jpg>
Package pdftex.def Info: pictures/blue.jpg  used on input line 179.
(pdftex.def)             Requested size: 142.26378pt x 108.41129pt.

Underfull \hbox (badness 10000) in paragraph at lines 187--189

 []

File: pictures/logo2.pdf Graphic file (type pdf)
<use pictures/logo2.pdf>
Package pdftex.def Info: pictures/logo2.pdf  used on input line 190.
(pdftex.def)             Requested size: 19.27116pt x 14.52563pt.
[23 <./pictures/blue.jpg>]
Underfull \hbox (badness 10000) in paragraph at lines 190--191

 []

<pictures/uno.jpg, id=572, 621.82312pt x 411.03563pt>
File: pictures/uno.jpg Graphic file (type jpg)
<use pictures/uno.jpg>
Package pdftex.def Info: pictures/uno.jpg  used on input line 194.
(pdftex.def)             Requested size: 142.26378pt x 94.03445pt.
<pictures/nano.jpg, id=573, 661.72218pt x 259.7203pt>
File: pictures/nano.jpg Graphic file (type jpg)
<use pictures/nano.jpg>
Package pdftex.def Info: pictures/nano.jpg  used on input line 195.
(pdftex.def)             Requested size: 142.26378pt x 55.83481pt.

Underfull \hbox (badness 10000) in paragraph at lines 209--220

 []

<pictures/baro.jpg, id=574, 73.77562pt x 95.6072pt>
File: pictures/baro.jpg Graphic file (type jpg)
<use pictures/baro.jpg>
Package pdftex.def Info: pictures/baro.jpg  used on input line 223.
(pdftex.def)             Requested size: 56.9055pt x 73.74612pt.

LaTeX Warning: `h' float specifier changed to `ht'.


Underfull \hbox (badness 10000) in paragraph at lines 228--229

 []

File: pictures/logo2.pdf Graphic file (type pdf)
<use pictures/logo2.pdf>
Package pdftex.def Info: pictures/logo2.pdf  used on input line 229.
(pdftex.def)             Requested size: 19.27116pt x 14.52563pt.
[24 <./pictures/uno.jpg> <./pictures/nano.jpg>]
Underfull \hbox (badness 10000) in paragraph at lines 231--241

 []

<pictures/laser.jpg, id=579, 310.15875pt x 225.84375pt>
File: pictures/laser.jpg Graphic file (type jpg)
<use pictures/laser.jpg>
Package pdftex.def Info: pictures/laser.jpg  used on input line 244.
(pdftex.def)             Requested size: 56.9055pt x 41.43582pt.
File: pictures/logo2.pdf Graphic file (type pdf)
<use pictures/logo2.pdf>
Package pdftex.def Info: pictures/logo2.pdf  used on input line 252.
(pdftex.def)             Requested size: 19.27116pt x 14.52563pt.
[25 <./pictures/baro.jpg> <./pictures/laser.jpg>]
Underfull \hbox (badness 10000) in paragraph at lines 254--261

 []

<pictures/camera.png, id=585, 727.21687pt x 329.73187pt>
File: pictures/camera.png Graphic file (type png)
<use pictures/camera.png>
Package pdftex.def Info: pictures/camera.png  used on input line 264.
(pdftex.def)             Requested size: 284.52756pt x 129.0125pt.
)
File: pictures/logo2.pdf Graphic file (type pdf)
<use pictures/logo2.pdf>
Package pdftex.def Info: pictures/logo2.pdf  used on input line 201.
(pdftex.def)             Requested size: 19.27116pt x 14.52563pt.
 [26 <./pictures/camera.png>]
\openout2 = `5-algoritmus.aux'.

 (5-algoritmus.tex
Overfull \hbox (25.91327pt too wide) in paragraph at lines 5--8
\T1/cmr/m/n/12 signál, OneShot125, OneShot42 a Mul-ti-Shot, mezi dig-itální pat
°í DSHOT300, DSHOT600
 []


Underfull \hbox (badness 10000) in paragraph at lines 5--8

 []

<pictures/pwm.png, id=590, 300.3722pt x 328.97906pt>
File: pictures/pwm.png Graphic file (type png)
<use pictures/pwm.png>
Package pdftex.def Info: pictures/pwm.png  used on input line 41.
(pdftex.def)             Requested size: 284.52756pt x 311.64987pt.

LaTeX Warning: `h' float specifier changed to `ht'.

File: pictures/logo2.pdf Graphic file (type pdf)
<use pictures/logo2.pdf>
Package pdftex.def Info: pictures/logo2.pdf  used on input line 55.
(pdftex.def)             Requested size: 19.27116pt x 14.52563pt.
[27



]
<pictures/esc_calib.pdf, id=596, 1027.84pt x 770.88pt>
File: pictures/esc_calib.pdf Graphic file (type pdf)
<use pictures/esc_calib.pdf>
Package pdftex.def Info: pictures/esc_calib.pdf  used on input line 60.
(pdftex.def)             Requested size: 341.43306pt x 256.07324pt.


LaTeX Warning: `h' float specifier changed to `ht'.

<pictures/esc_calib1.jpg, id=597, 603.0028pt x 401.24907pt>
File: pictures/esc_calib1.jpg Graphic file (type jpg)
<use pictures/esc_calib1.jpg>
Package pdftex.def Info: pictures/esc_calib1.jpg  used on input line 66.
(pdftex.def)             Requested size: 341.43306pt x 227.19594pt.

LaTeX Warning: `h' float specifier changed to `ht'.

<pictures/esc_calib2.jpg, id=598, 603.0028pt x 407.27156pt>
File: pictures/esc_calib2.jpg Graphic file (type jpg)
<use pictures/esc_calib2.jpg>
Package pdftex.def Info: pictures/esc_calib2.jpg  used on input line 72.
(pdftex.def)             Requested size: 341.43306pt x 230.606pt.

LaTeX Warning: `h' float specifier changed to `ht'.

<pictures/esc_calib3.jpg, id=599, 443.40656pt x 353.06906pt>
File: pictures/esc_calib3.jpg Graphic file (type jpg)
<use pictures/esc_calib3.jpg>
Package pdftex.def Info: pictures/esc_calib3.jpg  used on input line 78.
(pdftex.def)             Requested size: 341.43306pt x 271.88556pt.

LaTeX Warning: `h' float specifier changed to `ht'.


Underfull \hbox (badness 10000) in paragraph at lines 97--98

 []

File: pictures/logo2.pdf Graphic file (type pdf)
<use pictures/logo2.pdf>
Package pdftex.def Info: pictures/logo2.pdf  used on input line 101.
(pdftex.def)             Requested size: 19.27116pt x 14.52563pt.
[28 <./pictures/pwm.png>]
Overfull \hbox (11.45528pt too wide) in paragraph at lines 102--106
\T1/cmr/m/n/12 Komplementární filtr je ne-j-jednodu²²í z uve-dených fil-tr·. Vy
uºívá data z akcelerometru
 []


Underfull \hbox (badness 10000) in paragraph at lines 102--106

 []

File: pictures/logo2.pdf Graphic file (type pdf)
<use pictures/logo2.pdf>
Package pdftex.def Info: pictures/logo2.pdf  used on input line 111.
(pdftex.def)             Requested size: 19.27116pt x 14.52563pt.
[29 <./pictures/esc_calib.pdf>]
Overfull \hbox (0.3737pt too wide) in paragraph at lines 119--129
\T1/cmr/m/n/12 Názorný p°ík-lad: Poºadu-jeme, aby dron drºel sta-bilní polohu, 
chceme, aby prom¥nné
 []


Overfull \hbox (9.6797pt too wide) in paragraph at lines 119--129
\T1/cmr/m/n/12 je od-chylka velká, in-te-gra£ní sloºka se zv¥t²uje do doby doku
d ne-dosáhne poºadovaného
 []


Underfull \hbox (badness 10000) in paragraph at lines 119--129

 []

File: pictures/logo2.pdf Graphic file (type pdf)
<use pictures/logo2.pdf>
Package pdftex.def Info: pictures/logo2.pdf  used on input line 129.
(pdftex.def)             Requested size: 19.27116pt x 14.52563pt.
[30 <./pictures/esc_calib1.jpg>]
File: pictures/logo2.pdf Graphic file (type pdf)
<use pictures/logo2.pdf>
Package pdftex.def Info: pictures/logo2.pdf  used on input line 129.
(pdftex.def)             Requested size: 19.27116pt x 14.52563pt.
 [31 <./pictures/esc_calib2.jpg>]
File: pictures/logo2.pdf Graphic file (type pdf)
<use pictures/logo2.pdf>
Package pdftex.def Info: pictures/logo2.pdf  used on input line 129.
(pdftex.def)             Requested size: 19.27116pt x 14.52563pt.
 [32 <./pictures/esc_calib3.jpg>]
<pictures/PIDDiagram.pdf, id=630, 598.15468pt x 421.575pt>
File: pictures/PIDDiagram.pdf Graphic file (type pdf)
<use pictures/PIDDiagram.pdf>
Package pdftex.def Info: pictures/PIDDiagram.pdf  used on input line 132.
(pdftex.def)             Requested size: 426.79134pt x 300.81273pt.
<pictures/PIDsDiagram.pdf, id=631, 598.15468pt x 421.575pt>
File: pictures/PIDsDiagram.pdf Graphic file (type pdf)
<use pictures/PIDsDiagram.pdf>
Package pdftex.def Info: pictures/PIDsDiagram.pdf  used on input line 138.
(pdftex.def)             Requested size: 426.79134pt x 300.81273pt.


LaTeX Warning: `h' float specifier changed to `ht'.

<pictures/pid.pdf, id=632, 1027.84pt x 770.88pt>
File: pictures/pid.pdf Graphic file (type pdf)
<use pictures/pid.pdf>
Package pdftex.def Info: pictures/pid.pdf  used on input line 145.
(pdftex.def)             Requested size: 341.43306pt x 256.07324pt.

LaTeX Warning: `h' float specifier changed to `ht'.


Underfull \hbox (badness 10000) in paragraph at lines 153--155

 []

File: pictures/logo2.pdf Graphic file (type pdf)
<use pictures/logo2.pdf>
Package pdftex.def Info: pictures/logo2.pdf  used on input line 167.
(pdftex.def)             Requested size: 19.27116pt x 14.52563pt.
[33 <./pictures/PIDDiagram.pdf

pdfTeX warning: pdflatex.exe (file ./pictures/PIDDiagram.pdf): PDF inclusion: i
nvalid other resource which is no dict (key 'ProcSets', type <array>); ignored.

>]
Underfull \hbox (badness 10000) in paragraph at lines 178--183

 []

File: pictures/logo2.pdf Graphic file (type pdf)
<use pictures/logo2.pdf>
Package pdftex.def Info: pictures/logo2.pdf  used on input line 183.
(pdftex.def)             Requested size: 19.27116pt x 14.52563pt.
[34 <./pictures/PIDsDiagram.pdf

pdfTeX warning: pdflatex.exe (file ./pictures/PIDsDiagram.pdf): PDF inclusion: 
invalid other resource which is no dict (key 'ProcSets', type <array>); ignored
.
>]
<pictures/xbeeshield.jpg, id=675, 401.5pt x 401.5pt>
File: pictures/xbeeshield.jpg Graphic file (type jpg)
<use pictures/xbeeshield.jpg>
Package pdftex.def Info: pictures/xbeeshield.jpg  used on input line 186.
(pdftex.def)             Requested size: 227.62204pt x 227.62596pt.


LaTeX Warning: `h' float specifier changed to `ht'.


Underfull \hbox (badness 10000) in paragraph at lines 192--194

 []

File: pictures/logo2.pdf Graphic file (type pdf)
<use pictures/logo2.pdf>
Package pdftex.def Info: pictures/logo2.pdf  used on input line 195.
(pdftex.def)             Requested size: 19.27116pt x 14.52563pt.
[35 <./pictures/pid.pdf>]
Underfull \hbox (badness 10000) in paragraph at lines 195--199

 []

File: pictures/logo2.pdf Graphic file (type pdf)
<use pictures/logo2.pdf>
Package pdftex.def Info: pictures/logo2.pdf  used on input line 209.
(pdftex.def)             Requested size: 19.27116pt x 14.52563pt.
[36 <./pictures/xbeeshield.jpg>]
<pictures/FlyingDiagram.pdf, id=686, 421.575pt x 598.15468pt>
File: pictures/FlyingDiagram.pdf Graphic file (type pdf)
<use pictures/FlyingDiagram.pdf>
Package pdftex.def Info: pictures/FlyingDiagram.pdf  used on input line 228.
(pdftex.def)             Requested size: 341.43306pt x 484.457pt.


LaTeX Warning: `h' float specifier changed to `ht'.

<pictures/flyctrl.pdf, id=687, 1027.84pt x 770.88pt>
File: pictures/flyctrl.pdf Graphic file (type pdf)
<use pictures/flyctrl.pdf>
Package pdftex.def Info: pictures/flyctrl.pdf  used on input line 235.
(pdftex.def)             Requested size: 341.43306pt x 256.07324pt.

LaTeX Warning: `h' float specifier changed to `ht'.


Underfull \hbox (badness 10000) in paragraph at lines 240--242

 []


Underfull \hbox (badness 10000) in paragraph at lines 243--244

 []

File: pictures/logo2.pdf Graphic file (type pdf)
<use pictures/logo2.pdf>
Package pdftex.def Info: pictures/logo2.pdf  used on input line 244.
(pdftex.def)             Requested size: 19.27116pt x 14.52563pt.
[37]
<pictures/ObstacleDiagram.pdf, id=693, 421.575pt x 299.19778pt>
File: pictures/ObstacleDiagram.pdf Graphic file (type pdf)
<use pictures/ObstacleDiagram.pdf>
Package pdftex.def Info: pictures/ObstacleDiagram.pdf  used on input line 247.
(pdftex.def)             Requested size: 341.43306pt x 242.32603pt.


LaTeX Warning: `h' float specifier changed to `ht'.

<pictures/obstacle.pdf, id=694, 1027.84pt x 770.88pt>
File: pictures/obstacle.pdf Graphic file (type pdf)
<use pictures/obstacle.pdf>
Package pdftex.def Info: pictures/obstacle.pdf  used on input line 253.
(pdftex.def)             Requested size: 284.52756pt x 213.39828pt.

LaTeX Warning: `h' float specifier changed to `ht'.

<pictures/obstacle_teo.pdf, id=695, 1027.84pt x 770.88pt>
File: pictures/obstacle_teo.pdf Graphic file (type pdf)
<use pictures/obstacle_teo.pdf>
Package pdftex.def Info: pictures/obstacle_teo.pdf  used on input line 259.
(pdftex.def)             Requested size: 284.52756pt x 213.39828pt.

LaTeX Warning: `h' float specifier changed to `ht'.


Underfull \hbox (badness 10000) in paragraph at lines 276--278

 []


Underfull \hbox (badness 10000) in paragraph at lines 279--286

 []

File: pictures/logo2.pdf Graphic file (type pdf)
<use pictures/logo2.pdf>
Package pdftex.def Info: pictures/logo2.pdf  used on input line 286.
(pdftex.def)             Requested size: 19.27116pt x 14.52563pt.
[38]
<pictures/NaviDiagram.pdf, id=700, 421.575pt x 598.15468pt>
File: pictures/NaviDiagram.pdf Graphic file (type pdf)
<use pictures/NaviDiagram.pdf>
Package pdftex.def Info: pictures/NaviDiagram.pdf  used on input line 290.
(pdftex.def)             Requested size: 398.33858pt x 565.19527pt.


LaTeX Warning: `h' float specifier changed to `ht'.


Underfull \hbox (badness 10000) in paragraph at lines 295--298

 []

<pictures/DroneDiagram.pdf, id=701, 598.15468pt x 845.07718pt>
File: pictures/DroneDiagram.pdf Graphic file (type pdf)
<use pictures/DroneDiagram.pdf>
Package pdftex.def Info: pictures/DroneDiagram.pdf  used on input line 301.
(pdftex.def)             Requested size: 426.79134pt x 603.0006pt.

LaTeX Warning: `h' float specifier changed to `ht'.

<pictures/pdb_com.pdf, id=702, 1027.84pt x 770.88pt>
File: pictures/pdb_com.pdf Graphic file (type pdf)
<use pictures/pdb_com.pdf>
Package pdftex.def Info: pictures/pdb_com.pdf  used on input line 306.
(pdftex.def)             Requested size: 284.52756pt x 213.39828pt.

LaTeX Warning: `h' float specifier changed to `ht'.

<pictures/pdb_ardu.pdf, id=703, 1027.84pt x 770.88pt>
File: pictures/pdb_ardu.pdf Graphic file (type pdf)
<use pictures/pdb_ardu.pdf>
Package pdftex.def Info: pictures/pdb_ardu.pdf  used on input line 311.
(pdftex.def)             Requested size: 284.52756pt x 213.39828pt.

LaTeX Warning: `h' float specifier changed to `ht'.

)
File: pictures/logo2.pdf Graphic file (type pdf)
<use pictures/logo2.pdf>
Package pdftex.def Info: pictures/logo2.pdf  used on input line 203.
(pdftex.def)             Requested size: 19.27116pt x 14.52563pt.
 [39]
File: pictures/logo2.pdf Graphic file (type pdf)
<use pictures/logo2.pdf>
Package pdftex.def Info: pictures/logo2.pdf  used on input line 203.
(pdftex.def)             Requested size: 19.27116pt x 14.52563pt.
 [40 <./pictures/FlyingDiagram.pdf

pdfTeX warning: pdflatex.exe (file ./pictures/FlyingDiagram.pdf): PDF inclusion
: invalid other resource which is no dict (key 'ProcSets', type <array>); ignor
ed.
>]
File: pictures/logo2.pdf Graphic file (type pdf)
<use pictures/logo2.pdf>
Package pdftex.def Info: pictures/logo2.pdf  used on input line 203.
(pdftex.def)             Requested size: 19.27116pt x 14.52563pt.
 [41 <./pictures/flyctrl.pdf> <./pictures/ObstacleDiagram.pdf

pdfTeX warning: pdflatex.exe (file ./pictures/ObstacleDiagram.pdf): PDF inclusi
on: invalid other resource which is no dict (key 'ProcSets', type <array>); ign
ored.
>]
File: pictures/logo2.pdf Graphic file (type pdf)
<use pictures/logo2.pdf>
Package pdftex.def Info: pictures/logo2.pdf  used on input line 203.
(pdftex.def)             Requested size: 19.27116pt x 14.52563pt.
 [42 <./pictures/obstacle.pdf> <./pictures/obstacle_teo.pdf>]
File: pictures/logo2.pdf Graphic file (type pdf)
<use pictures/logo2.pdf>
Package pdftex.def Info: pictures/logo2.pdf  used on input line 203.
(pdftex.def)             Requested size: 19.27116pt x 14.52563pt.
 [43 <./pictures/NaviDiagram.pdf

pdfTeX warning: pdflatex.exe (file ./pictures/NaviDiagram.pdf): PDF inclusion: 
invalid other resource which is no dict (key 'ProcSets', type <array>); ignored
.
>]
File: pictures/logo2.pdf Graphic file (type pdf)
<use pictures/logo2.pdf>
Package pdftex.def Info: pictures/logo2.pdf  used on input line 203.
(pdftex.def)             Requested size: 19.27116pt x 14.52563pt.
 [44 <./pictures/DroneDiagram.pdf

pdfTeX warning: pdflatex.exe (file ./pictures/DroneDiagram.pdf): PDF inclusion:
 invalid other resource which is no dict (key 'ProcSets', type <array>); ignore
d.
>]
File: pictures/logo2.pdf Graphic file (type pdf)
<use pictures/logo2.pdf>
Package pdftex.def Info: pictures/logo2.pdf  used on input line 203.
(pdftex.def)             Requested size: 19.27116pt x 14.52563pt.
 [45 <./pictures/pdb_com.pdf> <./pictures/pdb_ardu.pdf>]
\openout2 = `6-testovani.aux'.

 (6-testovani.tex
Overfull \hbox (9.30571pt too wide) in paragraph at lines 5--8
\T1/cmr/m/n/12 brace byla úsp¥²ná p°i dostaºení sta-bi-lizace dronu na trubce. 
Kali-brace byla provád¥na
 []


Underfull \hbox (badness 10000) in paragraph at lines 5--8

 []


Underfull \hbox (badness 10000) in paragraph at lines 10--15

 []

File: pictures/logo2.pdf Graphic file (type pdf)
<use pictures/logo2.pdf>
Package pdftex.def Info: pictures/logo2.pdf  used on input line 25.
(pdftex.def)             Requested size: 19.27116pt x 14.52563pt.
[46



]
<pictures/testRoll.png, id=853, 1025.33063pt x 482.55281pt>
File: pictures/testRoll.png Graphic file (type png)
<use pictures/testRoll.png>
Package pdftex.def Info: pictures/testRoll.png  used on input line 44.
(pdftex.def)             Requested size: 398.33858pt x 187.47324pt.
<pictures/testRoll1.png, id=854, 1035.87pt x 505.89pt>
File: pictures/testRoll1.png Graphic file (type png)
<use pictures/testRoll1.png>
Package pdftex.def Info: pictures/testRoll1.png  used on input line 50.
(pdftex.def)             Requested size: 398.33858pt x 194.54053pt.


LaTeX Warning: `h' float specifier changed to `ht'.

<pictures/pidtest.jpg, id=855, 1115.16624pt x 836.12375pt>
File: pictures/pidtest.jpg Graphic file (type jpg)
<use pictures/pidtest.jpg>
Package pdftex.def Info: pictures/pidtest.jpg  used on input line 56.
(pdftex.def)             Requested size: 284.52756pt x 213.32994pt.

LaTeX Warning: `h' float specifier changed to `ht'.


Overfull \hbox (1.99501pt too wide) in paragraph at lines 61--62
\T1/cmr/m/n/12 Testovány byly jak laserové dálkom¥ry, tak ko-mu-nikace mezi kon
-trol-ery. U laserových
 []


Underfull \hbox (badness 10000) in paragraph at lines 61--62

 []


Underfull \hbox (badness 10000) in paragraph at lines 64--65

 []

)
File: pictures/logo2.pdf Graphic file (type pdf)
<use pictures/logo2.pdf>
Package pdftex.def Info: pictures/logo2.pdf  used on input line 204.
(pdftex.def)             Requested size: 19.27116pt x 14.52563pt.
 [47 <./pictures/testRoll.png>]
File: pictures/logo2.pdf Graphic file (type pdf)
<use pictures/logo2.pdf>
Package pdftex.def Info: pictures/logo2.pdf  used on input line 204.
(pdftex.def)             Requested size: 19.27116pt x 14.52563pt.
 [48 <./pictures/testRoll1.png> <./pictures/pidtest.jpg>]
\openout2 = `7-aplikace.aux'.

 (7-aplikace.tex
Underfull \hbox (badness 10000) in paragraph at lines 3--4

 []


Underfull \hbox (badness 10000) in paragraph at lines 5--6

 []

<pictures/app1.png, id=865, 1084.05pt x 1927.2pt>
File: pictures/app1.png Graphic file (type png)
<use pictures/app1.png>
Package pdftex.def Info: pictures/app1.png  used on input line 11.
(pdftex.def)             Requested size: 170.71652pt x 303.47679pt.
<pictures/app.png, id=866, 1927.2pt x 1084.05pt>
File: pictures/app.png Graphic file (type png)
<use pictures/app.png>
Package pdftex.def Info: pictures/app.png  used on input line 20.
(pdftex.def)             Requested size: 284.52756pt x 160.03659pt.
File: pictures/logo2.pdf Graphic file (type pdf)
<use pictures/logo2.pdf>
Package pdftex.def Info: pictures/logo2.pdf  used on input line 22.
(pdftex.def)             Requested size: 19.27116pt x 14.52563pt.
[49



 <./pictures/app1.png>]
<pictures/rcDiagram.pdf, id=872, 421.575pt x 299.19778pt>
File: pictures/rcDiagram.pdf Graphic file (type pdf)
<use pictures/rcDiagram.pdf>
Package pdftex.def Info: pictures/rcDiagram.pdf  used on input line 26.
(pdftex.def)             Requested size: 398.33858pt x 282.71143pt.


LaTeX Warning: `h' float specifier changed to `ht'.

<pictures/app2.png, id=873, 1084.05pt x 1927.2pt>
File: pictures/app2.png Graphic file (type png)
<use pictures/app2.png>
Package pdftex.def Info: pictures/app2.png  used on input line 35.
(pdftex.def)             Requested size: 170.71652pt x 303.47679pt.

LaTeX Warning: `h' float specifier changed to `ht'.


Underfull \hbox (badness 10000) in paragraph at lines 40--42

 []

<pictures/fpvscreenshot.png, id=874, 470.75874pt x 836.12375pt>
File: pictures/fpvscreenshot.png Graphic file (type png)
<use pictures/fpvscreenshot.png>
Package pdftex.def Info: pictures/fpvscreenshot.png  used on input line 45.
(pdftex.def)             Requested size: 170.71652pt x 303.21149pt.

LaTeX Warning: `h' float specifier changed to `ht'.

)
File: pictures/logo2.pdf Graphic file (type pdf)
<use pictures/logo2.pdf>
Package pdftex.def Info: pictures/logo2.pdf  used on input line 205.
(pdftex.def)             Requested size: 19.27116pt x 14.52563pt.
 [50 <./pictures/app.png>]
File: pictures/logo2.pdf Graphic file (type pdf)
<use pictures/logo2.pdf>
Package pdftex.def Info: pictures/logo2.pdf  used on input line 205.
(pdftex.def)             Requested size: 19.27116pt x 14.52563pt.
 [51 <./pictures/rcDiagram.pdf

pdfTeX warning: pdflatex.exe (file ./pictures/rcDiagram.pdf): PDF inclusion: in
valid other resource which is no dict (key 'ProcSets', type <array>); ignored.
> <./pictures/app2.png>]
File: pictures/logo2.pdf Graphic file (type pdf)
<use pictures/logo2.pdf>
Package pdftex.def Info: pictures/logo2.pdf  used on input line 205.
(pdftex.def)             Requested size: 19.27116pt x 14.52563pt.
 [52 <./pictures/fpvscreenshot.png>]
\openout2 = `8-zaver.aux'.

 (8-zaver.tex)
Underfull \hbox (badness 10000) in paragraph at lines 3--206

 []

File: pictures/logo2.pdf Graphic file (type pdf)
<use pictures/logo2.pdf>
Package pdftex.def Info: pictures/logo2.pdf  used on input line 206.
(pdftex.def)             Requested size: 19.27116pt x 14.52563pt.
[53



]
File: pictures/logo2.pdf Graphic file (type pdf)
<use pictures/logo2.pdf>
Package pdftex.def Info: pictures/logo2.pdf  used on input line 206.
(pdftex.def)             Requested size: 19.27116pt x 14.52563pt.
 [54]
\openout2 = `9-dokumentace.aux'.


No file 9-dokumentace.tex.
\openout2 = `zkratky.aux'.

(zkratky.tex
File: pictures/logo2.pdf Graphic file (type pdf)
<use pictures/logo2.pdf>
Package pdftex.def Info: pictures/logo2.pdf  used on input line 82.
(pdftex.def)             Requested size: 19.27116pt x 14.52563pt.
 [55






]) (david-zahradnik-dp-2019.bbl
LaTeX Font Info:    Try loading font information for T1+cmtt on input line 18.

("C:\Users\zahrada\AppData\Local\Programs\MiKTeX 2.9\tex/latex/base\t1cmtt.fd"
File: t1cmtt.fd 2014/09/29 v2.5h Standard LaTeX font definitions
)
Underfull \hbox (badness 1033) in paragraph at lines 15--19
[]\T1/cmr/m/n/12 ÚZK, Ter-mi-no-log-ická.  \T1/cmr/m/it/12 Ter-mi-no-log-ický 
slovník zem¥m¥°ictví a katas-tru
 []


Underfull \hbox (badness 1281) in paragraph at lines 29--33
[]\T1/cmr/m/it/12 GENS ACE LIPO TATTU se-rie - 6750 mAh 14,8V 4S1P (25C) \T1/cm
r/m/n/12 [on-
 []


Underfull \hbox (badness 4819) in paragraph at lines 29--33
\T1/cmr/m/n/12 line]. [cit. 2019-05-05].  Do-stup-né z: [][]$\T1/cmtt/m/n/12 ht
tps : / / www . peckamodel . cz /
 []

! Missing $ inserted.
<inserted text> 
                $
l.35 ...ARM at master Â· bitdump/BLHeli Â· GitHub}
                                                   [online].
I've inserted a begin-math/end-math symbol since I think
you left one out. Proceed, with fingers crossed.


LaTeX Warning: Command \textperiodcentered invalid in math mode on input line 3
5.


LaTeX Warning: Command \textperiodcentered invalid in math mode on input line 3
5.


LaTeX Warning: Command \textperiodcentered invalid in math mode on input line 3
5.


LaTeX Warning: Command \textperiodcentered invalid in math mode on input line 3
5.

! Extra }, or forgotten $.
<recently read> \egroup 
                        
l.35 ...ARM at master Â· bitdump/BLHeli Â· GitHub}
                                                   [online].
I've deleted a group-closing symbol because it seems to be
spurious, as in `$x}$'. But perhaps the } is legitimate and
you forgot something else, as in `\hbox{$x}'. In such cases
the way to recover is to insert both the forgotten and the
deleted material, e.g., by typing `I$}'.


LaTeX Warning: Command \textcopyright invalid in math mode on input line 36.


LaTeX Warning: Command \textcopyright invalid in math mode on input line 36.


LaTeX Warning: Command \' invalid in math mode on input line 37.


! LaTeX Error: Command $ invalid in math mode.

See the LaTeX manual or LaTeX Companion for explanation.
Type  H <return>  for immediate help.
 ...                                              
                                                  
l.38 ...itdump/BLHeli/tree/master/BLHeli_32%20ARM}
                                                  .
Try typing  <return>  to proceed.
If that doesn't work, type  X <return>  to quit.


! LaTeX Error: Command \ttfamily invalid in math mode.

See the LaTeX manual or LaTeX Companion for explanation.
Type  H <return>  for immediate help.
 ...                                              
                                                  
l.38 ...itdump/BLHeli/tree/master/BLHeli_32%20ARM}
                                                  .
Please use the math alphabet \mathtt instead of the \ttfamily command. 

! Missing } inserted.
<inserted text> 
                }
l.38 ...itdump/BLHeli/tree/master/BLHeli_32%20ARM}
                                                  .
I've inserted something that you may have forgotten.
(See the <inserted text> above.)
With luck, this will get me unwedged. But if you
really didn't forget anything, try typing `2' now; then
my insertion and my current dilemma will both disappear.

! Missing \endgroup inserted.
<inserted text> 
                \endgroup 
l.38 ...itdump/BLHeli/tree/master/BLHeli_32%20ARM}
                                                  .
I've inserted something that you may have forgotten.
(See the <inserted text> above.)
With luck, this will get me unwedged. But if you
really didn't forget anything, try typing `2' now; then
my insertion and my current dilemma will both disappear.

! Missing \endgroup inserted.
<inserted text> 
                \endgroup 
l.38 ...itdump/BLHeli/tree/master/BLHeli_32%20ARM}
                                                  .
I've inserted something that you may have forgotten.
(See the <inserted text> above.)
With luck, this will get me unwedged. But if you
really didn't forget anything, try typing `2' now; then
my insertion and my current dilemma will both disappear.

! Missing \endgroup inserted.
<inserted text> 
                \endgroup 
l.38 ...itdump/BLHeli/tree/master/BLHeli_32%20ARM}
                                                  .
I've inserted something that you may have forgotten.
(See the <inserted text> above.)
With luck, this will get me unwedged. But if you
really didn't forget anything, try typing `2' now; then
my insertion and my current dilemma will both disappear.

Missing character: There is no · in font cmr12!
Missing character: There is no · in font cmr12!
Missing character: There is no © in font cmr12!
Missing character: There is no é in font cmr12!
! Undefined control sequence.
\Url@FormatString ...ndafter \UrlLeft \Url@String 
                                                  \UrlRight \m@th $
l.38 ...itdump/BLHeli/tree/master/BLHeli_32%20ARM}
                                                  .
The control sequence at the end of the top line
of your error message was never \def'ed. If you have
misspelled it (e.g., `\hobx'), type `I' and the correct
spelling (e.g., `I\hbox'). Otherwise just continue,
and I'll forget about whatever was undefined.

! Extra }, or forgotten $.
<recently read> }
                 
l.38 ...itdump/BLHeli/tree/master/BLHeli_32%20ARM}
                                                  .
I've deleted a group-closing symbol because it seems to be
spurious, as in `$x}$'. But perhaps the } is legitimate and
you forgot something else, as in `\hbox{$x}'. In such cases
the way to recover is to insert both the forgotten and the
deleted material, e.g., by typing `I$}'.

! Missing $ inserted.
<inserted text> 
                $
l.38 ...itdump/BLHeli/tree/master/BLHeli_32%20ARM}
                                                  .
I've inserted something that you may have forgotten.
(See the <inserted text> above.)
With luck, this will get me unwedged. But if you
really didn't forget anything, try typing `2' now; then
my insertion and my current dilemma will both disappear.

! Missing } inserted.
<inserted text> 
                }
l.38 ...itdump/BLHeli/tree/master/BLHeli_32%20ARM}
                                                  .
I've inserted something that you may have forgotten.
(See the <inserted text> above.)
With luck, this will get me unwedged. But if you
really didn't forget anything, try typing `2' now; then
my insertion and my current dilemma will both disappear.

! Extra \endgroup.
\Hy@endcolorlink ->\endgroup 
                             
l.38 ...itdump/BLHeli/tree/master/BLHeli_32%20ARM}
                                                  .
Things are pretty mixed up, but I think the worst is over.

! Extra \endgroup.
\hyper@linkurl ...ce@end \close@pdflink \endgroup 
                                                  
l.38 ...itdump/BLHeli/tree/master/BLHeli_32%20ARM}
                                                  .
Things are pretty mixed up, but I think the worst is over.


Overfull \hbox (48.82307pt too wide) in paragraph at lines 35--39
[]\T1/cmr/m/it/12 BLHeli/BLHeli$[]\OT1/cmr/m/n/12 2\OML/cmm/m/it/12 ARMatmaster
bitdump=BLHeliGitHub\OT1/cmr/m/n/12 [\OML/cmm/m/it/12 online\OT1/cmr/m/n/12 ]\O
ML/cmm/m/it/12 :Copyright\OT1/cmr/m/n/12 2019\OML/cmm/m/it/12 :\OT1/cmr/m/n/12 
[\OML/cmm/m/it/12 cit: \OT1/cmr/m/n/12 2019 \OMS/cmsy/m/n/12  
 []


! LaTeX Error: Lonely \item--perhaps a missing list environment.

See the LaTeX manual or LaTeX Companion for explanation.
Type  H <return>  for immediate help.
 ...                                              
                                                  
l.40 \bibitem[zweb:bpm()]{bpm}
                              
Try typing  <return>  to proceed.
If that doesn't work, type  X <return>  to quit.


Underfull \hbox (badness 10000) detected at line 40
[][]
 []

! Missing $ inserted.
<inserted text> 
                $
l.42   sensors.}
                 [online]. Copyright Â© 2019. [cit.~2019-05-05].
I've inserted a begin-math/end-math symbol since I think
you left one out. Proceed, with fingers crossed.

! Extra }, or forgotten $.
<recently read> \egroup 
                        
l.42   sensors.}
                 [online]. Copyright Â© 2019. [cit.~2019-05-05].
I've deleted a group-closing symbol because it seems to be
spurious, as in `$x}$'. But perhaps the } is legitimate and
you forgot something else, as in `\hbox{$x}'. In such cases
the way to recover is to insert both the forgotten and the
deleted material, e.g., by typing `I$}'.


LaTeX Warning: Command \textcopyright invalid in math mode on input line 42.


LaTeX Warning: Command \textcopyright invalid in math mode on input line 42.


LaTeX Warning: Command \' invalid in math mode on input line 43.


! LaTeX Error: Command $ invalid in math mode.

See the LaTeX manual or LaTeX Companion for explanation.
Type  H <return>  for immediate help.
 ...                                              
                                                  
l.44 ...thub.com/adafruit/Adafruit_BMP280_Library}
                                                  .
Try typing  <return>  to proceed.
If that doesn't work, type  X <return>  to quit.


! LaTeX Error: Command \ttfamily invalid in math mode.

See the LaTeX manual or LaTeX Companion for explanation.
Type  H <return>  for immediate help.
 ...                                              
                                                  
l.44 ...thub.com/adafruit/Adafruit_BMP280_Library}
                                                  .
Please use the math alphabet \mathtt instead of the \ttfamily command. 

! Missing } inserted.
<inserted text> 
                }
l.44 ...thub.com/adafruit/Adafruit_BMP280_Library}
                                                  .
I've inserted something that you may have forgotten.
(See the <inserted text> above.)
With luck, this will get me unwedged. But if you
really didn't forget anything, try typing `2' now; then
my insertion and my current dilemma will both disappear.

! Missing \endgroup inserted.
<inserted text> 
                \endgroup 
l.44 ...thub.com/adafruit/Adafruit_BMP280_Library}
                                                  .
I've inserted something that you may have forgotten.
(See the <inserted text> above.)
With luck, this will get me unwedged. But if you
really didn't forget anything, try typing `2' now; then
my insertion and my current dilemma will both disappear.

! Missing \endgroup inserted.
<inserted text> 
                \endgroup 
l.44 ...thub.com/adafruit/Adafruit_BMP280_Library}
                                                  .
I've inserted something that you may have forgotten.
(See the <inserted text> above.)
With luck, this will get me unwedged. But if you
really didn't forget anything, try typing `2' now; then
my insertion and my current dilemma will both disappear.

! Missing \endgroup inserted.
<inserted text> 
                \endgroup 
l.44 ...thub.com/adafruit/Adafruit_BMP280_Library}
                                                  .
I've inserted something that you may have forgotten.
(See the <inserted text> above.)
With luck, this will get me unwedged. But if you
really didn't forget anything, try typing `2' now; then
my insertion and my current dilemma will both disappear.

Missing character: There is no © in font cmr12!
Missing character: There is no é in font cmr12!
! Undefined control sequence.
\Url@FormatString ...ndafter \UrlLeft \Url@String 
                                                  \UrlRight \m@th $
l.44 ...thub.com/adafruit/Adafruit_BMP280_Library}
                                                  .
The control sequence at the end of the top line
of your error message was never \def'ed. If you have
misspelled it (e.g., `\hobx'), type `I' and the correct
spelling (e.g., `I\hbox'). Otherwise just continue,
and I'll forget about whatever was undefined.

! Extra }, or forgotten $.
<recently read> }
                 
l.44 ...thub.com/adafruit/Adafruit_BMP280_Library}
                                                  .
I've deleted a group-closing symbol because it seems to be
spurious, as in `$x}$'. But perhaps the } is legitimate and
you forgot something else, as in `\hbox{$x}'. In such cases
the way to recover is to insert both the forgotten and the
deleted material, e.g., by typing `I$}'.

! Missing $ inserted.
<inserted text> 
                $
l.44 ...thub.com/adafruit/Adafruit_BMP280_Library}
                                                  .
I've inserted something that you may have forgotten.
(See the <inserted text> above.)
With luck, this will get me unwedged. But if you
really didn't forget anything, try typing `2' now; then
my insertion and my current dilemma will both disappear.

! Missing } inserted.
<inserted text> 
                }
l.44 ...thub.com/adafruit/Adafruit_BMP280_Library}
                                                  .
I've inserted something that you may have forgotten.
(See the <inserted text> above.)
With luck, this will get me unwedged. But if you
really didn't forget anything, try typing `2' now; then
my insertion and my current dilemma will both disappear.

! Extra \endgroup.
<recently read> \endgroup 
                          
l.44 ...thub.com/adafruit/Adafruit_BMP280_Library}
                                                  .
Things are pretty mixed up, but I think the worst is over.

! Extra \endgroup.
\Hy@endcolorlink ->\endgroup 
                             
l.44 ...thub.com/adafruit/Adafruit_BMP280_Library}
                                                  .
Things are pretty mixed up, but I think the worst is over.

! Extra \endgroup.
\hyper@linkurl ...ce@end \close@pdflink \endgroup 
                                                  
l.44 ...thub.com/adafruit/Adafruit_BMP280_Library}
                                                  .
Things are pretty mixed up, but I think the worst is over.


Overfull \hbox (178.91368pt too wide) in paragraph at lines 42--45
[]\T1/cmr/m/it/12 GitHub - adafruit/Adafruit$[]\OML/cmm/m/it/12 MP\OT1/cmr/m/n/
12 280[]\OML/cmm/m/it/12 ibrary \OT1/cmr/m/n/12 : \OML/cmm/m/it/12 ArduinoLibra
ryforBMP\OT1/cmr/m/n/12 280\OML/cmm/m/it/12 sensors:\OT1/cmr/m/n/12 [\OML/cmm/m
/it/12 online\OT1/cmr/m/n/12 ]\OML/cmm/m/it/12 :Copyright\OT1/cmr/m/n/12 2019\O
ML/cmm/m/it/12 :\OT1/cmr/m/n/12 [\OML/cmm/m/it/12 cit: \OT1/cmr/m/n/12 2019 \OM
S/cmsy/m/n/12  
 []


! LaTeX Error: Lonely \item--perhaps a missing list environment.

See the LaTeX manual or LaTeX Companion for explanation.
Type  H <return>  for immediate help.
 ...                                              
                                                  
l.46 \bibitem[zweb:codemitch()]{codemitch}
                                          
Try typing  <return>  to proceed.
If that doesn't work, type  X <return>  to quit.


Underfull \hbox (badness 10000) detected at line 46
[][]
 []


! LaTeX Error: Lonely \item--perhaps a missing list environment.

See the LaTeX manual or LaTeX Companion for explanation.
Type  H <return>  for immediate help.
 ...                                              
                                                  
l.50 \bibitem[zweb:comregul()]{comregul}
                                        
Try typing  <return>  to proceed.
If that doesn't work, type  X <return>  to quit.


Underfull \hbox (badness 10000) detected at line 50
[][]
 []


! LaTeX Error: Lonely \item--perhaps a missing list environment.

See the LaTeX manual or LaTeX Companion for explanation.
Type  H <return>  for immediate help.
 ...                                              
                                                  
l.55 \bibitem[zweb:dataatmel()]{dataatmel}
                                          
Try typing  <return>  to proceed.
If that doesn't work, type  X <return>  to quit.


Underfull \hbox (badness 10000) detected at line 55
[][]
 []


! LaTeX Error: Lonely \item--perhaps a missing list environment.

See the LaTeX manual or LaTeX Companion for explanation.
Type  H <return>  for immediate help.
 ...                                              
                                                  
l.60 \bibitem[zweb:diffdrone()]{diffdrone}
                                          
Try typing  <return>  to proceed.
If that doesn't work, type  X <return>  to quit.


Underfull \hbox (badness 10000) detected at line 60
[][]
 []


Overfull \hbox (75.62544pt too wide) in paragraph at lines 61--65
\T1/cmr/m/n/12 Do-stup-né z: [][]$\T1/cmtt/m/n/12 https : / / www . instructabl
es . com / id / Design-[]Build-[]and-[]Improve-[]a-[]Quadcopter$[][]\T1/cmr/m/n
/12 . 
 []


! LaTeX Error: Lonely \item--perhaps a missing list environment.

See the LaTeX manual or LaTeX Companion for explanation.
Type  H <return>  for immediate help.
 ...                                              
                                                  
l.66 \bibitem[zweb:electronoobs()]{electronoobs}
                                                
Try typing  <return>  to proceed.
If that doesn't work, type  X <return>  to quit.


Underfull \hbox (badness 10000) detected at line 66
[][]
 []


Overfull \hbox (9.84145pt too wide) in paragraph at lines 69--71
\T1/cmr/m/it/12 print-ing, robotics \T1/cmr/m/n/12 [on-line]. [cit. 2019-05-05]
.  Do-stup-né z: [][]$\T1/cmtt/m/n/12 http : / / www . electronoobs .
 []


! LaTeX Error: Lonely \item--perhaps a missing list environment.

See the LaTeX manual or LaTeX Companion for explanation.
Type  H <return>  for immediate help.
 ...                                              
                                                  
l.72 \bibitem[zweb:esc()]{esc}
                              
Try typing  <return>  to proceed.
If that doesn't work, type  X <return>  to quit.


Underfull \hbox (badness 10000) detected at line 72
[][]
 []

File: pictures/logo2.pdf Graphic file (type pdf)
<use pictures/logo2.pdf>
Package pdftex.def Info: pictures/logo2.pdf  used on input line 77.
(pdftex.def)             Requested size: 19.27116pt x 14.52563pt.
[56


]

! LaTeX Error: Lonely \item--perhaps a missing list environment.

See the LaTeX manual or LaTeX Companion for explanation.
Type  H <return>  for immediate help.
 ...                                              
                                                  
l.77 \bibitem[zweb:hacksterpid()]{hacksterpid}
                                              
Try typing  <return>  to proceed.
If that doesn't work, type  X <return>  to quit.


Underfull \hbox (badness 10000) detected at line 77
[][]
 []


! LaTeX Error: Lonely \item--perhaps a missing list environment.

See the LaTeX manual or LaTeX Companion for explanation.
Type  H <return>  for immediate help.
 ...                                              
                                                  
l.83 \bibitem[zweb:imu()]{imu}
                              
Try typing  <return>  to proceed.
If that doesn't work, type  X <return>  to quit.


Underfull \hbox (badness 10000) detected at line 83
[][]
 []

! Misplaced alignment tab character &.
<argument> ...celerometer Gyroscope Magnetometer &
                                                   Arduino. How To Mechatronics
l.84 ...gnetometer & Arduino. How To Mechatronics}
                                                  
I can't figure out why you would want to use a tab mark
here. If you just want an ampersand, the remedy is
simple: Just type `I\&' now. But if some right brace
up above has ended a previous alignment prematurely,
you're probably due for more error messages, and you
might try typing `S' now just to see what is salvageable.


Overfull \hbox (17.2897pt too wide) in paragraph at lines 84--89
\T1/cmtt/m/n/12 electrical-[]engineering / mems-[]accelerometer-[]gyrocope-[]ma
gnetometer-[]arduino$[][]\T1/cmr/m/n/12 . 
 []


! LaTeX Error: Lonely \item--perhaps a missing list environment.

See the LaTeX manual or LaTeX Companion for explanation.
Type  H <return>  for immediate help.
 ...                                              
                                                  
l.90 \bibitem[zweb:joystick()]{joystick}
                                        
Try typing  <return>  to proceed.
If that doesn't work, type  X <return>  to quit.


Underfull \hbox (badness 10000) detected at line 90
[][]
 []


! LaTeX Error: Lonely \item--perhaps a missing list environment.

See the LaTeX manual or LaTeX Companion for explanation.
Type  H <return>  for immediate help.
 ...                                              
                                                  
l.97 \bibitem[zweb:kv()]{kv}
                            
Try typing  <return>  to proceed.
If that doesn't work, type  X <return>  to quit.


Underfull \hbox (badness 10000) detected at line 97
[][]
 []


! LaTeX Error: Lonely \item--perhaps a missing list environment.

See the LaTeX manual or LaTeX Companion for explanation.
Type  H <return>  for immediate help.
 ...                                              
                                                  
l.103 \bibitem[zweb:laser()]{laser}
                                   
Try typing  <return>  to proceed.
If that doesn't work, type  X <return>  to quit.


Underfull \hbox (badness 10000) detected at line 103
[][]
 []


! LaTeX Error: Lonely \item--perhaps a missing list environment.

See the LaTeX manual or LaTeX Companion for explanation.
Type  H <return>  for immediate help.
 ...                                              
                                                  
l.110 ...web:learnengineering()]{learnengineering}
                                                  
Try typing  <return>  to proceed.
If that doesn't work, type  X <return>  to quit.


Underfull \hbox (badness 10000) detected at line 110
[][]
 []


! LaTeX Error: Lonely \item--perhaps a missing list environment.

See the LaTeX manual or LaTeX Companion for explanation.
Type  H <return>  for immediate help.
 ...                                              
                                                  
l.115 \bibitem[zweb:mahony()]{mahony}
                                     
Try typing  <return>  to proceed.
If that doesn't work, type  X <return>  to quit.


Underfull \hbox (badness 10000) detected at line 115
[][]
 []


! LaTeX Error: Lonely \item--perhaps a missing list environment.

See the LaTeX manual or LaTeX Companion for explanation.
Type  H <return>  for immediate help.
 ...                                              
                                                  
l.121 \bibitem[zweb:mikrokopter()]{mikrokopter}
                                               
Try typing  <return>  to proceed.
If that doesn't work, type  X <return>  to quit.


Underfull \hbox (badness 10000) detected at line 121
[][]
 []


! LaTeX Error: Lonely \item--perhaps a missing list environment.

See the LaTeX manual or LaTeX Companion for explanation.
Type  H <return>  for immediate help.
 ...                                              
                                                  
l.126 \bibitem[zweb:motor()]{motor}
                                   
Try typing  <return>  to proceed.
If that doesn't work, type  X <return>  to quit.


Underfull \hbox (badness 10000) detected at line 126
[][]
 []


Overfull \hbox (37.84456pt too wide) in paragraph at lines 127--130
[]\T1/cmr/m/it/12 MK3640/34 5mm \T1/cmr/m/n/12 [on-line]. [cit. 2019-05-05].  D
o-stup-né z: [][]$\T1/cmtt/m/n/12 https : / / www . mikrocontroller .
 []


Overfull \hbox (193.82098pt too wide) in paragraph at lines 127--130
\T1/cmtt/m/n/12 com / index . php ? main _ page = product _ info & cPath = 73 &
 products _ id = 887 & zenid = e5f2c8d548f2a39747a4ed06d306a37f$[][]\T1/cmr/m/n
/12 . 
 []


! LaTeX Error: Lonely \item--perhaps a missing list environment.

See the LaTeX manual or LaTeX Companion for explanation.
Type  H <return>  for immediate help.
 ...                                              
                                                  
l.131 \bibitem[zweb:mpu9250()]{mpu9250}
                                       
Try typing  <return>  to proceed.
If that doesn't work, type  X <return>  to quit.


Underfull \hbox (badness 10000) detected at line 131
[][]
 []


! LaTeX Error: Lonely \item--perhaps a missing list environment.

See the LaTeX manual or LaTeX Companion for explanation.
Type  H <return>  for immediate help.
 ...                                              
                                                  
l.137 \bibitem[zweb:multiwii()]{multiwii}
                                         
Try typing  <return>  to proceed.
If that doesn't work, type  X <return>  to quit.


Underfull \hbox (badness 10000) detected at line 137
[][]
 []


! LaTeX Error: Lonely \item--perhaps a missing list environment.

See the LaTeX manual or LaTeX Companion for explanation.
Type  H <return>  for immediate help.
 ...                                              
                                                  
l.141 \bibitem[zweb:mydronelab()]{mydronelab}
                                             
Try typing  <return>  to proceed.
If that doesn't work, type  X <return>  to quit.


Underfull \hbox (badness 10000) detected at line 141
[][]
 []

File: pictures/logo2.pdf Graphic file (type pdf)
<use pictures/logo2.pdf>
Package pdftex.def Info: pictures/logo2.pdf  used on input line 149.
(pdftex.def)             Requested size: 19.27116pt x 14.52563pt.
[57]

! LaTeX Error: Lonely \item--perhaps a missing list environment.

See the LaTeX manual or LaTeX Companion for explanation.
Type  H <return>  for immediate help.
 ...                                              
                                                  
l.150 \bibitem[zweb:pdb()]{pdb}
                               
Try typing  <return>  to proceed.
If that doesn't work, type  X <return>  to quit.


Underfull \hbox (badness 10000) detected at line 150
[][]
 []


Overfull \hbox (12.22551pt too wide) in paragraph at lines 151--155
\T1/cmr/m/n/12 05].  Do-stup-né z: [][]$\T1/cmtt/m/n/12 https : / / www . rotor
ama . cz / prislusenstvi / matek-[]pdb-[]s-[]5v-[]12v$[][]\T1/cmr/m/n/12 . 
 []


! LaTeX Error: Lonely \item--perhaps a missing list environment.

See the LaTeX manual or LaTeX Companion for explanation.
Type  H <return>  for immediate help.
 ...                                              
                                                  
l.156 \bibitem[zweb:physicdrone()]{physicdrone}
                                               
Try typing  <return>  to proceed.
If that doesn't work, type  X <return>  to quit.


Underfull \hbox (badness 10000) detected at line 156
[][]
 []


! LaTeX Error: Lonely \item--perhaps a missing list environment.

See the LaTeX manual or LaTeX Companion for explanation.
Type  H <return>  for immediate help.
 ...                                              
                                                  
l.162 \bibitem[zweb:pid()]{pid}
                               
Try typing  <return>  to proceed.
If that doesn't work, type  X <return>  to quit.


Underfull \hbox (badness 10000) detected at line 162
[][]
 []


! LaTeX Error: Lonely \item--perhaps a missing list environment.

See the LaTeX manual or LaTeX Companion for explanation.
Type  H <return>  for immediate help.
 ...                                              
                                                  
l.168 \bibitem[zweb:pwm()]{pwm}
                               
Try typing  <return>  to proceed.
If that doesn't work, type  X <return>  to quit.


Underfull \hbox (badness 10000) detected at line 168
[][]
 []


Overfull \hbox (37.9969pt too wide) in paragraph at lines 169--173
\T1/cmr/m/n/12 stup-né z: [][]$\T1/cmtt/m/n/12 http : / / 1oomzzme3s617r8yzr8qu
tjk-[]wpengine . netdna-[]ssl . com / wp-[]content /
 []


! LaTeX Error: Lonely \item--perhaps a missing list environment.

See the LaTeX manual or LaTeX Companion for explanation.
Type  H <return>  for immediate help.
 ...                                              
                                                  
l.174 \bibitem[zweb:rotdrone()]{rotdrone}
                                         
Try typing  <return>  to proceed.
If that doesn't work, type  X <return>  to quit.


Underfull \hbox (badness 10000) detected at line 174
[][]
 []


! LaTeX Error: Lonely \item--perhaps a missing list environment.

See the LaTeX manual or LaTeX Companion for explanation.
Type  H <return>  for immediate help.
 ...                                              
                                                  
l.179 \bibitem[zweb:siieefpv()]{siieefpv}
                                         
Try typing  <return>  to proceed.
If that doesn't work, type  X <return>  to quit.


Underfull \hbox (badness 10000) detected at line 179
[][]
 []


! LaTeX Error: Lonely \item--perhaps a missing list environment.

See the LaTeX manual or LaTeX Companion for explanation.
Type  H <return>  for immediate help.
 ...                                              
                                                  
l.184 \bibitem[zweb:xbee()]{xbee}
                                 
Try typing  <return>  to proceed.
If that doesn't work, type  X <return>  to quit.


Underfull \hbox (badness 10000) detected at line 184
[][]
 []


! LaTeX Error: Lonely \item--perhaps a missing list environment.

See the LaTeX manual or LaTeX Companion for explanation.
Type  H <return>  for immediate help.
 ...                                              
                                                  
l.190 \bibitem[zweb:xbeetut()]{xbeetut}
                                       
Try typing  <return>  to proceed.
If that doesn't work, type  X <return>  to quit.


Underfull \hbox (badness 10000) detected at line 190
[][]
 []


! LaTeX Error: Lonely \item--perhaps a missing list environment.

See the LaTeX manual or LaTeX Companion for explanation.
Type  H <return>  for immediate help.
 ...                                              
                                                  
l.196 \bibitem[zweb:ymfc()]{ymfc}
                                 
Try typing  <return>  to proceed.
If that doesn't work, type  X <return>  to quit.


Underfull \hbox (badness 10000) detected at line 196
[][]
 []


! LaTeX Error: \begin{document} ended by \end{thebibliography}.

See the LaTeX manual or LaTeX Companion for explanation.
Type  H <return>  for immediate help.
 ...                                              
                                                  
l.200 \end{thebibliography}
                           
Your command was ignored.
Type  I <command> <return>  to replace it with another command,
or  <return>  to continue without it.

! Extra \endgroup.
<recently read> \endgroup 
                          
l.200 \end{thebibliography}
                           
Things are pretty mixed up, but I think the worst is over.

)
File: pictures/logo2.pdf Graphic file (type pdf)
<use pictures/logo2.pdf>
Package pdftex.def Info: pictures/logo2.pdf  used on input line 227.
(pdftex.def)             Requested size: 19.27116pt x 14.52563pt.
 [58]
\openout2 = `prilohy.aux'.

 (prilohy.tex)
File: pictures/logo2.pdf Graphic file (type pdf)
<use pictures/logo2.pdf>
Package pdftex.def Info: pictures/logo2.pdf  used on input line 227.
(pdftex.def)             Requested size: 19.27116pt x 14.52563pt.
 [59


]
Package atveryend Info: Empty hook `BeforeClearDocument' on input line 230.
Package atveryend Info: Empty hook `AfterLastShipout' on input line 230.
 (david-zahradnik-dp-2019.aux (0-uvod.aux)
(1-reserse.aux) (2-teorie.aux) (3-soucastky.aux) (5-algoritmus.aux)
(6-testovani.aux) (7-aplikace.aux) (8-zaver.aux) (9-dokumentace.aux)
(zkratky.aux) (prilohy.aux))
Package atveryend Info: Executing hook `AtVeryEndDocument' on input line 230.
Package atveryend Info: Executing hook `AtEndAfterFileList' on input line 230.
Package rerunfilecheck Info: File `david-zahradnik-dp-2019.out' has not changed
.
(rerunfilecheck)             Checksum: E5E5A92A37637C3DB973029018250BA1;9651.
Package atveryend Info: Empty hook `AtVeryVeryEnd' on input line 230.
 ) 
Here is how much of TeX's memory you used:
 14311 strings out of 492946
 211232 string characters out of 3125503
 299467 words of memory out of 3000000
 17666 multiletter control sequences out of 15000+200000
 21458 words of font info for 47 fonts, out of 3000000 for 9000
 1141 hyphenation exceptions out of 8191
 36i,19n,50p,741b,539s stack positions out of 5000i,500n,10000p,200000b,50000s
 <C:\Users\zahrada\AppData\Local\MiKTeX\2.9\fonts/pk/ljfour/jknappen/ec/dpi60
0\tcti1200.pk> <C:\Users\zahrada\AppData\Local\MiKTeX\2.9\fonts/pk/ljfour/jknap
pen/ec/dpi600\ectt1200.pk> <C:\Users\zahrada\AppData\Local\MiKTeX\2.9\fonts/pk/
ljfour/jknappen/ec/dpi600\ecti1200.pk> <C:\Users\zahrada\AppData\Local\MiKTeX\2
.9\fonts/pk/ljfour/jknappen/ec/dpi600\tcrm1200.pk> <C:\Users\zahrada\AppData\Lo
cal\MiKTeX\2.9\fonts/pk/ljfour/jknappen/ec/dpi600\ecbx1440.pk> <C:\Users\zahrad
a\AppData\Local\MiKTeX\2.9\fonts/pk/ljfour/jknappen/ec/dpi600\ecbx1728.pk> <C:\
Users\zahrada\AppData\Local\MiKTeX\2.9\fonts/pk/ljfour/jknappen/ec/dpi600\ecrm1
095.pk> <C:\Users\zahrada\AppData\Local\MiKTeX\2.9\fonts/pk/ljfour/jknappen/ec/
dpi600\ecsl1000.pk> <C:\Users\zahrada\AppData\Local\MiKTeX\2.9\fonts/pk/ljfour/
jknappen/ec/dpi600\ecrm1000.pk> <C:\Users\zahrada\AppData\Local\MiKTeX\2.9\font
s/pk/ljfour/jknappen/ec/dpi600\ecrm1200.pk> <C:\Users\zahrada\AppData\Local\MiK
TeX\2.9\fonts/pk/ljfour/jknappen/ec/dpi600\ecbx1200.pk> <C:\Users\zahrada\AppDa
ta\Local\MiKTeX\2.9\fonts/pk/ljfour/jknappen/ec/dpi600\ecbx2074.pk> <C:\Users\z
ahrada\AppData\Local\MiKTeX\2.9\fonts/pk/ljfour/jknappen/ec/dpi600\ecss1200.pk>
 <C:\Users\zahrada\AppData\Local\MiKTeX\2.9\fonts/pk/ljfour/jknappen/ec/dpi600\
ecsx1440.pk> <C:\Users\zahrada\AppData\Local\MiKTeX\2.9\fonts/pk/ljfour/jknappe
n/ec/dpi600\ecss1440.pk> <C:\Users\zahrada\AppData\Local\MiKTeX\2.9\fonts/pk/lj
four/jknappen/ec/dpi600\ecss1728.pk> <C:\Users\zahrada\AppData\Local\MiKTeX\2.9
\fonts/pk/ljfour/jknappen/ec/dpi600\ecss2074.pk><C:/Users/zahrada/AppData/Local
/Programs/MiKTeX 2.9/fonts/type1/public/amsfonts/cm/cmmi12.pfb><C:/Users/zahrad
a/AppData/Local/Programs/MiKTeX 2.9/fonts/type1/public/amsfonts/cm/cmmi8.pfb><C
:/Users/zahrada/AppData/Local/Programs/MiKTeX 2.9/fonts/type1/public/amsfonts/c
m/cmr12.pfb><C:/Users/zahrada/AppData/Local/Programs/MiKTeX 2.9/fonts/type1/pub
lic/amsfonts/cm/cmr8.pfb><C:/Users/zahrada/AppData/Local/Programs/MiKTeX 2.9/fo
nts/type1/public/amsfonts/cm/cmsy10.pfb><C:/Users/zahrada/AppData/Local/Program
s/MiKTeX 2.9/fonts/type1/public/amsfonts/cm/cmsy8.pfb>
Output written on david-zahradnik-dp-2019.pdf (59 pages, 6216301 bytes).
PDF statistics:
 1891 PDF objects out of 2073 (max. 8388607)
 195 named destinations out of 1000 (max. 500000)
 772 words of extra memory for PDF output out of 10000 (max. 10000000)

